{"C:\\Users\\User\\Documents\\Proyectos desarrollo\\Electiva 2 (Desarrollo de software 2)\\Product-Prowess\\index.js": {"path":"C:\\Users\\User\\Documents\\Proyectos desarrollo\\Electiva 2 (Desarrollo de software 2)\\Product-Prowess\\index.js","statementMap":{"0":{"start":{"line":1,"column":16},"end":{"line":1,"column":34}},"1":{"start":{"line":2,"column":21},"end":{"line":2,"column":68}},"2":{"start":{"line":3,"column":25},"end":{"line":3,"column":75}},"3":{"start":{"line":4,"column":26},"end":{"line":4,"column":77}},"4":{"start":{"line":5,"column":0},"end":{"line":5,"column":27}},"5":{"start":{"line":6,"column":13},"end":{"line":6,"column":28}},"6":{"start":{"line":9,"column":31},"end":{"line":9,"column":42}},"7":{"start":{"line":13,"column":18},"end":{"line":13,"column":47}},"8":{"start":{"line":14,"column":21},"end":{"line":14,"column":45}},"9":{"start":{"line":15,"column":20},"end":{"line":29,"column":1}},"10":{"start":{"line":32,"column":12},"end":{"line":32,"column":21}},"11":{"start":{"line":35,"column":0},"end":{"line":35,"column":24}},"12":{"start":{"line":38,"column":20},"end":{"line":52,"column":1}},"13":{"start":{"line":39,"column":2},"end":{"line":45,"column":3}},"14":{"start":{"line":40,"column":4},"end":{"line":40,"column":19}},"15":{"start":{"line":41,"column":9},"end":{"line":45,"column":3}},"16":{"start":{"line":42,"column":4},"end":{"line":42,"column":23}},"17":{"start":{"line":43,"column":9},"end":{"line":45,"column":3}},"18":{"start":{"line":44,"column":4},"end":{"line":44,"column":24}},"19":{"start":{"line":47,"column":17},"end":{"line":49,"column":4}},"20":{"start":{"line":48,"column":4},"end":{"line":48,"column":61}},"21":{"start":{"line":51,"column":2},"end":{"line":51,"column":16}},"22":{"start":{"line":54,"column":0},"end":{"line":56,"column":1}},"23":{"start":{"line":55,"column":2},"end":{"line":55,"column":16}},"24":{"start":{"line":60,"column":0},"end":{"line":60,"column":71}},"25":{"start":{"line":61,"column":0},"end":{"line":61,"column":73}},"26":{"start":{"line":62,"column":0},"end":{"line":62,"column":73}},"27":{"start":{"line":63,"column":0},"end":{"line":63,"column":71}},"28":{"start":{"line":64,"column":0},"end":{"line":64,"column":81}},"29":{"start":{"line":67,"column":0},"end":{"line":67,"column":38}}},"fnMap":{"0":{"name":"(anonymous_0)","decl":{"start":{"line":38,"column":20},"end":{"line":38,"column":21}},"loc":{"start":{"line":38,"column":26},"end":{"line":52,"column":1}},"line":38},"1":{"name":"(anonymous_1)","decl":{"start":{"line":47,"column":38},"end":{"line":47,"column":39}},"loc":{"start":{"line":47,"column":44},"end":{"line":49,"column":3}},"line":47}},"branchMap":{"0":{"loc":{"start":{"line":39,"column":2},"end":{"line":45,"column":3}},"type":"if","locations":[{"start":{"line":39,"column":2},"end":{"line":45,"column":3}},{"start":{"line":41,"column":9},"end":{"line":45,"column":3}}],"line":39},"1":{"loc":{"start":{"line":41,"column":9},"end":{"line":45,"column":3}},"type":"if","locations":[{"start":{"line":41,"column":9},"end":{"line":45,"column":3}},{"start":{"line":43,"column":9},"end":{"line":45,"column":3}}],"line":41},"2":{"loc":{"start":{"line":43,"column":9},"end":{"line":45,"column":3}},"type":"if","locations":[{"start":{"line":43,"column":9},"end":{"line":45,"column":3}},{"start":{},"end":{}}],"line":43},"3":{"loc":{"start":{"line":54,"column":0},"end":{"line":56,"column":1}},"type":"if","locations":[{"start":{"line":54,"column":0},"end":{"line":56,"column":1}},{"start":{},"end":{}}],"line":54}},"s":{"0":4,"1":4,"2":4,"3":4,"4":4,"5":4,"6":4,"7":4,"8":4,"9":4,"10":4,"11":4,"12":4,"13":4,"14":0,"15":4,"16":0,"17":4,"18":4,"19":4,"20":4,"21":4,"22":4,"23":0,"24":4,"25":4,"26":4,"27":4,"28":4,"29":4},"f":{"0":4,"1":4},"b":{"0":[0,4],"1":[0,4],"2":[4,0],"3":[0,4]},"inputSourceMap":null,"_coverageSchema":"1a1c01bbd47fc00a2c39e90264f33305004495a9","hash":"82a0bb7ce3dbb661dc8a0e6a53ddd2e56cd58de5"}
,"C:\\Users\\User\\Documents\\Proyectos desarrollo\\Electiva 2 (Desarrollo de software 2)\\Product-Prowess\\scr\\application\\services\\commentService.js": {"path":"C:\\Users\\User\\Documents\\Proyectos desarrollo\\Electiva 2 (Desarrollo de software 2)\\Product-Prowess\\scr\\application\\services\\commentService.js","statementMap":{"0":{"start":{"line":2,"column":21},"end":{"line":2,"column":73}},"1":{"start":{"line":3,"column":16},"end":{"line":3,"column":56}},"2":{"start":{"line":4,"column":22},"end":{"line":4,"column":74}},"3":{"start":{"line":8,"column":8},"end":{"line":29,"column":9}},"4":{"start":{"line":9,"column":37},"end":{"line":9,"column":48}},"5":{"start":{"line":11,"column":12},"end":{"line":15,"column":13}},"6":{"start":{"line":12,"column":16},"end":{"line":12,"column":74}},"7":{"start":{"line":14,"column":16},"end":{"line":14,"column":81}},"8":{"start":{"line":18,"column":28},"end":{"line":18,"column":73}},"9":{"start":{"line":19,"column":31},"end":{"line":19,"column":65}},"10":{"start":{"line":20,"column":12},"end":{"line":20,"column":36}},"11":{"start":{"line":22,"column":29},"end":{"line":22,"column":67}},"12":{"start":{"line":23,"column":31},"end":{"line":23,"column":81}},"13":{"start":{"line":23,"column":62},"end":{"line":23,"column":77}},"14":{"start":{"line":24,"column":32},"end":{"line":24,"column":60}},"15":{"start":{"line":25,"column":12},"end":{"line":25,"column":54}},"16":{"start":{"line":26,"column":12},"end":{"line":26,"column":41}},"17":{"start":{"line":28,"column":12},"end":{"line":28,"column":35}},"18":{"start":{"line":34,"column":0},"end":{"line":34,"column":39}}},"fnMap":{"0":{"name":"(anonymous_0)","decl":{"start":{"line":7,"column":4},"end":{"line":7,"column":5}},"loc":{"start":{"line":7,"column":56},"end":{"line":30,"column":5}},"line":7},"1":{"name":"(anonymous_1)","decl":{"start":{"line":23,"column":47},"end":{"line":23,"column":48}},"loc":{"start":{"line":23,"column":62},"end":{"line":23,"column":77}},"line":23}},"branchMap":{},"s":{"0":4,"1":4,"2":4,"3":4,"4":4,"5":4,"6":4,"7":1,"8":3,"9":3,"10":3,"11":3,"12":3,"13":4,"14":3,"15":3,"16":3,"17":1,"18":4},"f":{"0":4,"1":4},"b":{},"inputSourceMap":null,"_coverageSchema":"1a1c01bbd47fc00a2c39e90264f33305004495a9","hash":"836bcd68cbc63bae4d7ccac068c26146abe8e6a0"}
,"C:\\Users\\User\\Documents\\Proyectos desarrollo\\Electiva 2 (Desarrollo de software 2)\\Product-Prowess\\scr\\application\\services\\followService.js": {"path":"C:\\Users\\User\\Documents\\Proyectos desarrollo\\Electiva 2 (Desarrollo de software 2)\\Product-Prowess\\scr\\application\\services\\followService.js","statementMap":{"0":{"start":{"line":1,"column":20},"end":{"line":1,"column":71}},"1":{"start":{"line":2,"column":15},"end":{"line":2,"column":54}},"2":{"start":{"line":3,"column":20},"end":{"line":3,"column":39}},"3":{"start":{"line":7,"column":8},"end":{"line":28,"column":9}},"4":{"start":{"line":8,"column":37},"end":{"line":8,"column":47}},"5":{"start":{"line":10,"column":12},"end":{"line":17,"column":13}},"6":{"start":{"line":11,"column":16},"end":{"line":14,"column":18}},"7":{"start":{"line":16,"column":16},"end":{"line":16,"column":83}},"8":{"start":{"line":18,"column":12},"end":{"line":20,"column":13}},"9":{"start":{"line":19,"column":16},"end":{"line":19,"column":71}},"10":{"start":{"line":22,"column":27},"end":{"line":22,"column":61}},"11":{"start":{"line":23,"column":30},"end":{"line":23,"column":62}},"12":{"start":{"line":24,"column":12},"end":{"line":24,"column":35}},"13":{"start":{"line":25,"column":12},"end":{"line":25,"column":29}},"14":{"start":{"line":27,"column":12},"end":{"line":27,"column":35}},"15":{"start":{"line":32,"column":8},"end":{"line":49,"column":9}},"16":{"start":{"line":33,"column":37},"end":{"line":33,"column":47}},"17":{"start":{"line":35,"column":12},"end":{"line":42,"column":13}},"18":{"start":{"line":36,"column":16},"end":{"line":39,"column":21}},"19":{"start":{"line":41,"column":16},"end":{"line":41,"column":78}},"20":{"start":{"line":43,"column":12},"end":{"line":45,"column":13}},"21":{"start":{"line":44,"column":16},"end":{"line":44,"column":78}},"22":{"start":{"line":46,"column":12},"end":{"line":46,"column":27}},"23":{"start":{"line":48,"column":12},"end":{"line":48,"column":35}},"24":{"start":{"line":56,"column":0},"end":{"line":56,"column":37}}},"fnMap":{"0":{"name":"(anonymous_0)","decl":{"start":{"line":6,"column":4},"end":{"line":6,"column":5}},"loc":{"start":{"line":6,"column":43},"end":{"line":29,"column":5}},"line":6},"1":{"name":"(anonymous_1)","decl":{"start":{"line":31,"column":4},"end":{"line":31,"column":5}},"loc":{"start":{"line":31,"column":43},"end":{"line":50,"column":5}},"line":31}},"branchMap":{"0":{"loc":{"start":{"line":18,"column":12},"end":{"line":20,"column":13}},"type":"if","locations":[{"start":{"line":18,"column":12},"end":{"line":20,"column":13}},{"start":{},"end":{}}],"line":18},"1":{"loc":{"start":{"line":43,"column":12},"end":{"line":45,"column":13}},"type":"if","locations":[{"start":{"line":43,"column":12},"end":{"line":45,"column":13}},{"start":{},"end":{}}],"line":43}},"s":{"0":4,"1":4,"2":4,"3":7,"4":7,"5":7,"6":7,"7":1,"8":6,"9":1,"10":5,"11":5,"12":5,"13":5,"14":2,"15":2,"16":2,"17":2,"18":2,"19":0,"20":2,"21":1,"22":1,"23":1,"24":4},"f":{"0":7,"1":2},"b":{"0":[1,5],"1":[1,1]},"inputSourceMap":null,"_coverageSchema":"1a1c01bbd47fc00a2c39e90264f33305004495a9","hash":"50621e99e6fb38aff5697edb5beb07166f2cad61"}
,"C:\\Users\\User\\Documents\\Proyectos desarrollo\\Electiva 2 (Desarrollo de software 2)\\Product-Prowess\\scr\\application\\services\\productService.js": {"path":"C:\\Users\\User\\Documents\\Proyectos desarrollo\\Electiva 2 (Desarrollo de software 2)\\Product-Prowess\\scr\\application\\services\\productService.js","statementMap":{"0":{"start":{"line":2,"column":22},"end":{"line":2,"column":74}},"1":{"start":{"line":3,"column":16},"end":{"line":3,"column":55}},"2":{"start":{"line":7,"column":8},"end":{"line":21,"column":9}},"3":{"start":{"line":8,"column":60},"end":{"line":8,"column":71}},"4":{"start":{"line":9,"column":36},"end":{"line":9,"column":88}},"5":{"start":{"line":11,"column":12},"end":{"line":13,"column":13}},"6":{"start":{"line":12,"column":16},"end":{"line":12,"column":58}},"7":{"start":{"line":15,"column":28},"end":{"line":15,"column":84}},"8":{"start":{"line":16,"column":31},"end":{"line":16,"column":66}},"9":{"start":{"line":17,"column":12},"end":{"line":17,"column":36}},"10":{"start":{"line":18,"column":12},"end":{"line":18,"column":30}},"11":{"start":{"line":20,"column":12},"end":{"line":20,"column":35}},"12":{"start":{"line":25,"column":8},"end":{"line":43,"column":9}},"13":{"start":{"line":26,"column":49},"end":{"line":26,"column":60}},"14":{"start":{"line":27,"column":12},"end":{"line":37,"column":13}},"15":{"start":{"line":28,"column":32},"end":{"line":28,"column":95}},"16":{"start":{"line":29,"column":16},"end":{"line":29,"column":47}},"17":{"start":{"line":30,"column":16},"end":{"line":30,"column":50}},"18":{"start":{"line":31,"column":16},"end":{"line":31,"column":50}},"19":{"start":{"line":33,"column":16},"end":{"line":33,"column":37}},"20":{"start":{"line":34,"column":16},"end":{"line":34,"column":31}},"21":{"start":{"line":36,"column":16},"end":{"line":36,"column":94}},"22":{"start":{"line":42,"column":12},"end":{"line":42,"column":35}},"23":{"start":{"line":47,"column":8},"end":{"line":63,"column":9}},"24":{"start":{"line":49,"column":12},"end":{"line":53,"column":13}},"25":{"start":{"line":50,"column":16},"end":{"line":50,"column":86}},"26":{"start":{"line":52,"column":16},"end":{"line":52,"column":93}},"27":{"start":{"line":55,"column":12},"end":{"line":57,"column":13}},"28":{"start":{"line":56,"column":16},"end":{"line":56,"column":93}},"29":{"start":{"line":59,"column":12},"end":{"line":59,"column":62}},"30":{"start":{"line":62,"column":12},"end":{"line":62,"column":35}},"31":{"start":{"line":69,"column":0},"end":{"line":69,"column":39}}},"fnMap":{"0":{"name":"(anonymous_0)","decl":{"start":{"line":6,"column":4},"end":{"line":6,"column":5}},"loc":{"start":{"line":6,"column":45},"end":{"line":22,"column":5}},"line":6},"1":{"name":"(anonymous_1)","decl":{"start":{"line":24,"column":4},"end":{"line":24,"column":5}},"loc":{"start":{"line":24,"column":56},"end":{"line":44,"column":5}},"line":24},"2":{"name":"(anonymous_2)","decl":{"start":{"line":46,"column":4},"end":{"line":46,"column":5}},"loc":{"start":{"line":46,"column":39},"end":{"line":64,"column":5}},"line":46}},"branchMap":{"0":{"loc":{"start":{"line":11,"column":12},"end":{"line":13,"column":13}},"type":"if","locations":[{"start":{"line":11,"column":12},"end":{"line":13,"column":13}},{"start":{},"end":{}}],"line":11},"1":{"loc":{"start":{"line":55,"column":12},"end":{"line":57,"column":13}},"type":"if","locations":[{"start":{"line":55,"column":12},"end":{"line":57,"column":13}},{"start":{},"end":{}}],"line":55}},"s":{"0":4,"1":4,"2":11,"3":11,"4":11,"5":11,"6":1,"7":10,"8":10,"9":10,"10":10,"11":1,"12":2,"13":2,"14":2,"15":2,"16":1,"17":1,"18":1,"19":1,"20":1,"21":1,"22":1,"23":2,"24":2,"25":2,"26":1,"27":1,"28":0,"29":1,"30":1,"31":4},"f":{"0":11,"1":2,"2":2},"b":{"0":[1,10],"1":[0,1]},"inputSourceMap":null,"_coverageSchema":"1a1c01bbd47fc00a2c39e90264f33305004495a9","hash":"c5dbdcff2077c882fcdbea3bc2c630aadbda1e8f"}
,"C:\\Users\\User\\Documents\\Proyectos desarrollo\\Electiva 2 (Desarrollo de software 2)\\Product-Prowess\\scr\\application\\services\\userService.js": {"path":"C:\\Users\\User\\Documents\\Proyectos desarrollo\\Electiva 2 (Desarrollo de software 2)\\Product-Prowess\\scr\\application\\services\\userService.js","statementMap":{"0":{"start":{"line":1,"column":14},"end":{"line":1,"column":51}},"1":{"start":{"line":2,"column":18},"end":{"line":2,"column":67}},"2":{"start":{"line":6,"column":8},"end":{"line":15,"column":9}},"3":{"start":{"line":7,"column":66},"end":{"line":7,"column":74}},"4":{"start":{"line":8,"column":25},"end":{"line":8,"column":77}},"5":{"start":{"line":9,"column":28},"end":{"line":9,"column":56}},"6":{"start":{"line":10,"column":12},"end":{"line":10,"column":79}},"7":{"start":{"line":11,"column":12},"end":{"line":11,"column":33}},"8":{"start":{"line":12,"column":12},"end":{"line":12,"column":27}},"9":{"start":{"line":14,"column":12},"end":{"line":14,"column":35}},"10":{"start":{"line":19,"column":8},"end":{"line":41,"column":9}},"11":{"start":{"line":20,"column":46},"end":{"line":20,"column":54}},"12":{"start":{"line":22,"column":25},"end":{"line":22,"column":57}},"13":{"start":{"line":24,"column":12},"end":{"line":24,"column":40}},"14":{"start":{"line":26,"column":12},"end":{"line":28,"column":13}},"15":{"start":{"line":27,"column":16},"end":{"line":27,"column":41}},"16":{"start":{"line":29,"column":12},"end":{"line":31,"column":13}},"17":{"start":{"line":30,"column":16},"end":{"line":30,"column":31}},"18":{"start":{"line":32,"column":12},"end":{"line":34,"column":13}},"19":{"start":{"line":33,"column":16},"end":{"line":33,"column":37}},"20":{"start":{"line":36,"column":12},"end":{"line":36,"column":30}},"21":{"start":{"line":38,"column":12},"end":{"line":38,"column":24}},"22":{"start":{"line":40,"column":12},"end":{"line":40,"column":35}},"23":{"start":{"line":45,"column":8},"end":{"line":62,"column":9}},"24":{"start":{"line":46,"column":25},"end":{"line":46,"column":59}},"25":{"start":{"line":48,"column":12},"end":{"line":50,"column":13}},"26":{"start":{"line":49,"column":16},"end":{"line":49,"column":58}},"27":{"start":{"line":52,"column":34},"end":{"line":52,"column":85}},"28":{"start":{"line":54,"column":12},"end":{"line":56,"column":13}},"29":{"start":{"line":55,"column":16},"end":{"line":55,"column":53}},"30":{"start":{"line":58,"column":12},"end":{"line":58,"column":23}},"31":{"start":{"line":61,"column":12},"end":{"line":61,"column":35}},"32":{"start":{"line":67,"column":0},"end":{"line":67,"column":35}}},"fnMap":{"0":{"name":"(anonymous_0)","decl":{"start":{"line":5,"column":4},"end":{"line":5,"column":5}},"loc":{"start":{"line":5,"column":32},"end":{"line":16,"column":5}},"line":5},"1":{"name":"(anonymous_1)","decl":{"start":{"line":18,"column":4},"end":{"line":18,"column":5}},"loc":{"start":{"line":18,"column":40},"end":{"line":42,"column":5}},"line":18},"2":{"name":"(anonymous_2)","decl":{"start":{"line":44,"column":4},"end":{"line":44,"column":5}},"loc":{"start":{"line":44,"column":38},"end":{"line":63,"column":5}},"line":44}},"branchMap":{"0":{"loc":{"start":{"line":26,"column":12},"end":{"line":28,"column":13}},"type":"if","locations":[{"start":{"line":26,"column":12},"end":{"line":28,"column":13}},{"start":{},"end":{}}],"line":26},"1":{"loc":{"start":{"line":29,"column":12},"end":{"line":31,"column":13}},"type":"if","locations":[{"start":{"line":29,"column":12},"end":{"line":31,"column":13}},{"start":{},"end":{}}],"line":29},"2":{"loc":{"start":{"line":32,"column":12},"end":{"line":34,"column":13}},"type":"if","locations":[{"start":{"line":32,"column":12},"end":{"line":34,"column":13}},{"start":{},"end":{}}],"line":32},"3":{"loc":{"start":{"line":48,"column":12},"end":{"line":50,"column":13}},"type":"if","locations":[{"start":{"line":48,"column":12},"end":{"line":50,"column":13}},{"start":{},"end":{}}],"line":48},"4":{"loc":{"start":{"line":54,"column":12},"end":{"line":56,"column":13}},"type":"if","locations":[{"start":{"line":54,"column":12},"end":{"line":56,"column":13}},{"start":{},"end":{}}],"line":54}},"s":{"0":4,"1":4,"2":22,"3":22,"4":22,"5":22,"6":22,"7":22,"8":22,"9":0,"10":1,"11":1,"12":1,"13":1,"14":1,"15":1,"16":1,"17":1,"18":1,"19":1,"20":1,"21":1,"22":0,"23":19,"24":19,"25":19,"26":1,"27":18,"28":17,"29":1,"30":16,"31":3,"32":4},"f":{"0":22,"1":1,"2":19},"b":{"0":[1,0],"1":[1,0],"2":[1,0],"3":[1,18],"4":[1,16]},"inputSourceMap":null,"_coverageSchema":"1a1c01bbd47fc00a2c39e90264f33305004495a9","hash":"314ea461892ae3f7de1c0ee3f231f5c1a27b24ba"}
,"C:\\Users\\User\\Documents\\Proyectos desarrollo\\Electiva 2 (Desarrollo de software 2)\\Product-Prowess\\scr\\domain\\entities\\comment.js": {"path":"C:\\Users\\User\\Documents\\Proyectos desarrollo\\Electiva 2 (Desarrollo de software 2)\\Product-Prowess\\scr\\domain\\entities\\comment.js","statementMap":{"0":{"start":{"line":3,"column":8},"end":{"line":3,"column":35}},"1":{"start":{"line":4,"column":8},"end":{"line":4,"column":29}},"2":{"start":{"line":5,"column":8},"end":{"line":5,"column":31}},"3":{"start":{"line":6,"column":8},"end":{"line":6,"column":25}},"4":{"start":{"line":7,"column":8},"end":{"line":7,"column":36}},"5":{"start":{"line":8,"column":8},"end":{"line":8,"column":36}},"6":{"start":{"line":12,"column":0},"end":{"line":12,"column":25}}},"fnMap":{"0":{"name":"(anonymous_0)","decl":{"start":{"line":2,"column":4},"end":{"line":2,"column":5}},"loc":{"start":{"line":2,"column":50},"end":{"line":9,"column":5}},"line":2}},"branchMap":{},"s":{"0":3,"1":3,"2":3,"3":3,"4":3,"5":3,"6":4},"f":{"0":3},"b":{},"inputSourceMap":null,"_coverageSchema":"1a1c01bbd47fc00a2c39e90264f33305004495a9","hash":"c2c0c9c4d3d559e9d2e73a5c6fa32c5b80e0e92d"}
,"C:\\Users\\User\\Documents\\Proyectos desarrollo\\Electiva 2 (Desarrollo de software 2)\\Product-Prowess\\scr\\domain\\entities\\follow.js": {"path":"C:\\Users\\User\\Documents\\Proyectos desarrollo\\Electiva 2 (Desarrollo de software 2)\\Product-Prowess\\scr\\domain\\entities\\follow.js","statementMap":{"0":{"start":{"line":3,"column":8},"end":{"line":3,"column":29}},"1":{"start":{"line":4,"column":8},"end":{"line":4,"column":45}},"2":{"start":{"line":8,"column":0},"end":{"line":8,"column":24}}},"fnMap":{"0":{"name":"(anonymous_0)","decl":{"start":{"line":2,"column":4},"end":{"line":2,"column":5}},"loc":{"start":{"line":2,"column":40},"end":{"line":5,"column":5}},"line":2}},"branchMap":{},"s":{"0":5,"1":5,"2":4},"f":{"0":5},"b":{},"inputSourceMap":null,"_coverageSchema":"1a1c01bbd47fc00a2c39e90264f33305004495a9","hash":"d2df8d9db5cd2d6825790f7ad707bd9ddd9b43a7"}
,"C:\\Users\\User\\Documents\\Proyectos desarrollo\\Electiva 2 (Desarrollo de software 2)\\Product-Prowess\\scr\\domain\\entities\\produc.js": {"path":"C:\\Users\\User\\Documents\\Proyectos desarrollo\\Electiva 2 (Desarrollo de software 2)\\Product-Prowess\\scr\\domain\\entities\\produc.js","statementMap":{"0":{"start":{"line":3,"column":8},"end":{"line":3,"column":39}},"1":{"start":{"line":4,"column":8},"end":{"line":4,"column":39}},"2":{"start":{"line":5,"column":8},"end":{"line":5,"column":23}},"3":{"start":{"line":6,"column":8},"end":{"line":6,"column":25}},"4":{"start":{"line":7,"column":8},"end":{"line":7,"column":29}},"5":{"start":{"line":8,"column":8},"end":{"line":8,"column":29}},"6":{"start":{"line":9,"column":8},"end":{"line":9,"column":36}},"7":{"start":{"line":10,"column":8},"end":{"line":10,"column":36}},"8":{"start":{"line":14,"column":0},"end":{"line":14,"column":25}}},"fnMap":{"0":{"name":"(anonymous_0)","decl":{"start":{"line":2,"column":4},"end":{"line":2,"column":5}},"loc":{"start":{"line":2,"column":61},"end":{"line":11,"column":5}},"line":2}},"branchMap":{},"s":{"0":10,"1":10,"2":10,"3":10,"4":10,"5":10,"6":10,"7":10,"8":4},"f":{"0":10},"b":{},"inputSourceMap":null,"_coverageSchema":"1a1c01bbd47fc00a2c39e90264f33305004495a9","hash":"aecbb20dd3588ade4ac0e034d82de3e2cf9f80ca"}
,"C:\\Users\\User\\Documents\\Proyectos desarrollo\\Electiva 2 (Desarrollo de software 2)\\Product-Prowess\\scr\\domain\\entities\\user.js": {"path":"C:\\Users\\User\\Documents\\Proyectos desarrollo\\Electiva 2 (Desarrollo de software 2)\\Product-Prowess\\scr\\domain\\entities\\user.js","statementMap":{"0":{"start":{"line":3,"column":8},"end":{"line":3,"column":33}},"1":{"start":{"line":4,"column":8},"end":{"line":4,"column":27}},"2":{"start":{"line":5,"column":8},"end":{"line":5,"column":33}},"3":{"start":{"line":6,"column":8},"end":{"line":6,"column":23}},"4":{"start":{"line":7,"column":8},"end":{"line":7,"column":29}},"5":{"start":{"line":8,"column":8},"end":{"line":8,"column":36}},"6":{"start":{"line":9,"column":8},"end":{"line":9,"column":36}},"7":{"start":{"line":13,"column":0},"end":{"line":13,"column":22}}},"fnMap":{"0":{"name":"(anonymous_0)","decl":{"start":{"line":2,"column":4},"end":{"line":2,"column":5}},"loc":{"start":{"line":2,"column":56},"end":{"line":10,"column":5}},"line":2}},"branchMap":{},"s":{"0":22,"1":22,"2":22,"3":22,"4":22,"5":22,"6":22,"7":4},"f":{"0":22},"b":{},"inputSourceMap":null,"_coverageSchema":"1a1c01bbd47fc00a2c39e90264f33305004495a9","hash":"16b1019132e9045f3492cf5bbb2f3b70f2a0e01c"}
,"C:\\Users\\User\\Documents\\Proyectos desarrollo\\Electiva 2 (Desarrollo de software 2)\\Product-Prowess\\scr\\infrastructure\\controllers\\commentsController.js": {"path":"C:\\Users\\User\\Documents\\Proyectos desarrollo\\Electiva 2 (Desarrollo de software 2)\\Product-Prowess\\scr\\infrastructure\\controllers\\commentsController.js","statementMap":{"0":{"start":{"line":1,"column":21},"end":{"line":1,"column":39}},"1":{"start":{"line":2,"column":12},"end":{"line":2,"column":35}},"2":{"start":{"line":3,"column":23},"end":{"line":3,"column":75}},"3":{"start":{"line":4,"column":24},"end":{"line":4,"column":52}},"4":{"start":{"line":5,"column":17},"end":{"line":5,"column":51}},"5":{"start":{"line":6,"column":17},"end":{"line":6,"column":51}},"6":{"start":{"line":7,"column":14},"end":{"line":7,"column":45}},"7":{"start":{"line":8,"column":15},"end":{"line":8,"column":33}},"8":{"start":{"line":10,"column":22},"end":{"line":63,"column":1}},"9":{"start":{"line":11,"column":22},"end":{"line":11,"column":35}},"10":{"start":{"line":12,"column":29},"end":{"line":12,"column":37}},"11":{"start":{"line":13,"column":16},"end":{"line":13,"column":41}},"12":{"start":{"line":15,"column":4},"end":{"line":22,"column":5}},"13":{"start":{"line":16,"column":8},"end":{"line":21,"column":11}},"14":{"start":{"line":24,"column":4},"end":{"line":62,"column":5}},"15":{"start":{"line":25,"column":8},"end":{"line":25,"column":36}},"16":{"start":{"line":26,"column":23},"end":{"line":26,"column":55}},"17":{"start":{"line":27,"column":28},"end":{"line":27,"column":44}},"18":{"start":{"line":28,"column":27},"end":{"line":28,"column":93}},"19":{"start":{"line":30,"column":8},"end":{"line":35,"column":11}},"20":{"start":{"line":37,"column":8},"end":{"line":44,"column":9}},"21":{"start":{"line":38,"column":12},"end":{"line":43,"column":15}},"22":{"start":{"line":45,"column":8},"end":{"line":52,"column":9}},"23":{"start":{"line":46,"column":12},"end":{"line":51,"column":15}},"24":{"start":{"line":53,"column":8},"end":{"line":53,"column":26}},"25":{"start":{"line":54,"column":8},"end":{"line":60,"column":11}},"26":{"start":{"line":65,"column":34},"end":{"line":80,"column":1}},"27":{"start":{"line":66,"column":21},"end":{"line":66,"column":64}},"28":{"start":{"line":67,"column":23},"end":{"line":67,"column":25}},"29":{"start":{"line":68,"column":4},"end":{"line":71,"column":5}},"30":{"start":{"line":69,"column":21},"end":{"line":69,"column":63}},"31":{"start":{"line":70,"column":8},"end":{"line":70,"column":39}},"32":{"start":{"line":73,"column":29},"end":{"line":78,"column":7}},"33":{"start":{"line":73,"column":63},"end":{"line":78,"column":5}},"34":{"start":{"line":79,"column":4},"end":{"line":79,"column":27}},"35":{"start":{"line":82,"column":34},"end":{"line":127,"column":1}},"36":{"start":{"line":83,"column":22},"end":{"line":83,"column":35}},"37":{"start":{"line":84,"column":16},"end":{"line":84,"column":41}},"38":{"start":{"line":86,"column":4},"end":{"line":93,"column":5}},"39":{"start":{"line":87,"column":8},"end":{"line":92,"column":11}},"40":{"start":{"line":95,"column":4},"end":{"line":126,"column":5}},"41":{"start":{"line":96,"column":8},"end":{"line":96,"column":36}},"42":{"start":{"line":97,"column":23},"end":{"line":97,"column":55}},"43":{"start":{"line":100,"column":8},"end":{"line":109,"column":9}},"44":{"start":{"line":101,"column":12},"end":{"line":101,"column":65}},"45":{"start":{"line":103,"column":12},"end":{"line":108,"column":15}},"46":{"start":{"line":111,"column":25},"end":{"line":111,"column":67}},"47":{"start":{"line":113,"column":8},"end":{"line":118,"column":11}},"48":{"start":{"line":120,"column":8},"end":{"line":125,"column":11}},"49":{"start":{"line":130,"column":0},"end":{"line":134,"column":2}}},"fnMap":{"0":{"name":"(anonymous_0)","decl":{"start":{"line":10,"column":22},"end":{"line":10,"column":23}},"loc":{"start":{"line":10,"column":53},"end":{"line":63,"column":1}},"line":10},"1":{"name":"(anonymous_1)","decl":{"start":{"line":65,"column":34},"end":{"line":65,"column":35}},"loc":{"start":{"line":65,"column":52},"end":{"line":80,"column":1}},"line":65},"2":{"name":"(anonymous_2)","decl":{"start":{"line":73,"column":42},"end":{"line":73,"column":43}},"loc":{"start":{"line":73,"column":63},"end":{"line":78,"column":5}},"line":73},"3":{"name":"(anonymous_3)","decl":{"start":{"line":82,"column":34},"end":{"line":82,"column":35}},"loc":{"start":{"line":82,"column":65},"end":{"line":127,"column":1}},"line":82}},"branchMap":{"0":{"loc":{"start":{"line":10,"column":34},"end":{"line":10,"column":48}},"type":"default-arg","locations":[{"start":{"line":10,"column":40},"end":{"line":10,"column":48}}],"line":10},"1":{"loc":{"start":{"line":15,"column":4},"end":{"line":22,"column":5}},"type":"if","locations":[{"start":{"line":15,"column":4},"end":{"line":22,"column":5}},{"start":{},"end":{}}],"line":15},"2":{"loc":{"start":{"line":37,"column":8},"end":{"line":44,"column":9}},"type":"if","locations":[{"start":{"line":37,"column":8},"end":{"line":44,"column":9}},{"start":{},"end":{}}],"line":37},"3":{"loc":{"start":{"line":45,"column":8},"end":{"line":52,"column":9}},"type":"if","locations":[{"start":{"line":45,"column":8},"end":{"line":52,"column":9}},{"start":{},"end":{}}],"line":45},"4":{"loc":{"start":{"line":82,"column":46},"end":{"line":82,"column":60}},"type":"default-arg","locations":[{"start":{"line":82,"column":52},"end":{"line":82,"column":60}}],"line":82},"5":{"loc":{"start":{"line":86,"column":4},"end":{"line":93,"column":5}},"type":"if","locations":[{"start":{"line":86,"column":4},"end":{"line":93,"column":5}},{"start":{},"end":{}}],"line":86}},"s":{"0":4,"1":4,"2":4,"3":4,"4":4,"5":4,"6":4,"7":4,"8":4,"9":5,"10":5,"11":5,"12":5,"13":0,"14":5,"15":5,"16":5,"17":4,"18":4,"19":3,"20":2,"21":1,"22":1,"23":1,"24":0,"25":0,"26":4,"27":2,"28":2,"29":2,"30":2,"31":2,"32":2,"33":2,"34":2,"35":4,"36":3,"37":3,"38":3,"39":0,"40":3,"41":3,"42":3,"43":2,"44":2,"45":1,"46":1,"47":1,"48":1,"49":4},"f":{"0":5,"1":2,"2":2,"3":3},"b":{"0":[0],"1":[0,5],"2":[1,1],"3":[1,0],"4":[0],"5":[0,3]},"inputSourceMap":null,"_coverageSchema":"1a1c01bbd47fc00a2c39e90264f33305004495a9","hash":"9361407f1eea4a90aa3d52cac4138e20e0d32495"}
,"C:\\Users\\User\\Documents\\Proyectos desarrollo\\Electiva 2 (Desarrollo de software 2)\\Product-Prowess\\scr\\infrastructure\\controllers\\followController.js": {"path":"C:\\Users\\User\\Documents\\Proyectos desarrollo\\Electiva 2 (Desarrollo de software 2)\\Product-Prowess\\scr\\infrastructure\\controllers\\followController.js","statementMap":{"0":{"start":{"line":1,"column":21},"end":{"line":1,"column":39}},"1":{"start":{"line":2,"column":15},"end":{"line":2,"column":48}},"2":{"start":{"line":3,"column":17},"end":{"line":3,"column":51}},"3":{"start":{"line":4,"column":22},"end":{"line":4,"column":73}},"4":{"start":{"line":5,"column":24},"end":{"line":5,"column":52}},"5":{"start":{"line":6,"column":15},"end":{"line":6,"column":33}},"6":{"start":{"line":9,"column":21},"end":{"line":69,"column":1}},"7":{"start":{"line":10,"column":29},"end":{"line":10,"column":37}},"8":{"start":{"line":11,"column":16},"end":{"line":11,"column":41}},"9":{"start":{"line":13,"column":4},"end":{"line":20,"column":5}},"10":{"start":{"line":14,"column":8},"end":{"line":19,"column":11}},"11":{"start":{"line":22,"column":4},"end":{"line":68,"column":5}},"12":{"start":{"line":23,"column":8},"end":{"line":23,"column":36}},"13":{"start":{"line":24,"column":23},"end":{"line":24,"column":55}},"14":{"start":{"line":26,"column":27},"end":{"line":26,"column":43}},"15":{"start":{"line":27,"column":26},"end":{"line":27,"column":78}},"16":{"start":{"line":29,"column":8},"end":{"line":35,"column":11}},"17":{"start":{"line":37,"column":8},"end":{"line":44,"column":9}},"18":{"start":{"line":38,"column":12},"end":{"line":43,"column":15}},"19":{"start":{"line":45,"column":8},"end":{"line":52,"column":9}},"20":{"start":{"line":46,"column":12},"end":{"line":51,"column":15}},"21":{"start":{"line":53,"column":8},"end":{"line":60,"column":9}},"22":{"start":{"line":54,"column":12},"end":{"line":59,"column":15}},"23":{"start":{"line":61,"column":8},"end":{"line":66,"column":11}},"24":{"start":{"line":71,"column":21},"end":{"line":123,"column":1}},"25":{"start":{"line":72,"column":29},"end":{"line":72,"column":37}},"26":{"start":{"line":73,"column":16},"end":{"line":73,"column":41}},"27":{"start":{"line":75,"column":4},"end":{"line":82,"column":5}},"28":{"start":{"line":76,"column":8},"end":{"line":81,"column":11}},"29":{"start":{"line":84,"column":4},"end":{"line":122,"column":5}},"30":{"start":{"line":85,"column":8},"end":{"line":85,"column":36}},"31":{"start":{"line":86,"column":23},"end":{"line":86,"column":55}},"32":{"start":{"line":88,"column":27},"end":{"line":88,"column":43}},"33":{"start":{"line":89,"column":28},"end":{"line":89,"column":80}},"34":{"start":{"line":91,"column":8},"end":{"line":97,"column":11}},"35":{"start":{"line":99,"column":8},"end":{"line":106,"column":9}},"36":{"start":{"line":100,"column":12},"end":{"line":105,"column":15}},"37":{"start":{"line":107,"column":8},"end":{"line":114,"column":9}},"38":{"start":{"line":108,"column":12},"end":{"line":113,"column":15}},"39":{"start":{"line":115,"column":8},"end":{"line":120,"column":11}},"40":{"start":{"line":125,"column":21},"end":{"line":180,"column":1}},"41":{"start":{"line":126,"column":27},"end":{"line":126,"column":40}},"42":{"start":{"line":127,"column":16},"end":{"line":127,"column":41}},"43":{"start":{"line":129,"column":4},"end":{"line":136,"column":5}},"44":{"start":{"line":130,"column":8},"end":{"line":135,"column":11}},"45":{"start":{"line":138,"column":4},"end":{"line":179,"column":5}},"46":{"start":{"line":139,"column":8},"end":{"line":139,"column":36}},"47":{"start":{"line":140,"column":23},"end":{"line":140,"column":55}},"48":{"start":{"line":141,"column":8},"end":{"line":146,"column":9}},"49":{"start":{"line":142,"column":12},"end":{"line":142,"column":97}},"50":{"start":{"line":143,"column":12},"end":{"line":143,"column":51}},"51":{"start":{"line":143,"column":36},"end":{"line":143,"column":49}},"52":{"start":{"line":145,"column":12},"end":{"line":145,"column":83}},"53":{"start":{"line":149,"column":8},"end":{"line":154,"column":11}},"54":{"start":{"line":156,"column":8},"end":{"line":163,"column":9}},"55":{"start":{"line":157,"column":12},"end":{"line":162,"column":15}},"56":{"start":{"line":164,"column":8},"end":{"line":171,"column":9}},"57":{"start":{"line":165,"column":12},"end":{"line":170,"column":15}},"58":{"start":{"line":172,"column":8},"end":{"line":177,"column":11}},"59":{"start":{"line":183,"column":22},"end":{"line":239,"column":1}},"60":{"start":{"line":184,"column":25},"end":{"line":184,"column":38}},"61":{"start":{"line":185,"column":16},"end":{"line":185,"column":41}},"62":{"start":{"line":188,"column":4},"end":{"line":195,"column":5}},"63":{"start":{"line":189,"column":8},"end":{"line":194,"column":11}},"64":{"start":{"line":197,"column":4},"end":{"line":238,"column":5}},"65":{"start":{"line":198,"column":8},"end":{"line":198,"column":36}},"66":{"start":{"line":199,"column":23},"end":{"line":199,"column":55}},"67":{"start":{"line":200,"column":8},"end":{"line":205,"column":9}},"68":{"start":{"line":201,"column":12},"end":{"line":201,"column":96}},"69":{"start":{"line":202,"column":12},"end":{"line":202,"column":52}},"70":{"start":{"line":202,"column":37},"end":{"line":202,"column":50}},"71":{"start":{"line":204,"column":12},"end":{"line":204,"column":83}},"72":{"start":{"line":208,"column":8},"end":{"line":213,"column":11}},"73":{"start":{"line":215,"column":8},"end":{"line":222,"column":9}},"74":{"start":{"line":216,"column":12},"end":{"line":221,"column":15}},"75":{"start":{"line":223,"column":8},"end":{"line":230,"column":9}},"76":{"start":{"line":224,"column":12},"end":{"line":229,"column":15}},"77":{"start":{"line":231,"column":8},"end":{"line":236,"column":11}},"78":{"start":{"line":242,"column":0},"end":{"line":247,"column":2}}},"fnMap":{"0":{"name":"(anonymous_0)","decl":{"start":{"line":9,"column":21},"end":{"line":9,"column":22}},"loc":{"start":{"line":9,"column":52},"end":{"line":69,"column":1}},"line":9},"1":{"name":"(anonymous_1)","decl":{"start":{"line":71,"column":21},"end":{"line":71,"column":22}},"loc":{"start":{"line":71,"column":52},"end":{"line":123,"column":1}},"line":71},"2":{"name":"(anonymous_2)","decl":{"start":{"line":125,"column":21},"end":{"line":125,"column":22}},"loc":{"start":{"line":125,"column":52},"end":{"line":180,"column":1}},"line":125},"3":{"name":"(anonymous_3)","decl":{"start":{"line":143,"column":26},"end":{"line":143,"column":27}},"loc":{"start":{"line":143,"column":36},"end":{"line":143,"column":49}},"line":143},"4":{"name":"(anonymous_4)","decl":{"start":{"line":183,"column":22},"end":{"line":183,"column":23}},"loc":{"start":{"line":183,"column":53},"end":{"line":239,"column":1}},"line":183},"5":{"name":"(anonymous_5)","decl":{"start":{"line":202,"column":27},"end":{"line":202,"column":28}},"loc":{"start":{"line":202,"column":37},"end":{"line":202,"column":50}},"line":202}},"branchMap":{"0":{"loc":{"start":{"line":9,"column":33},"end":{"line":9,"column":47}},"type":"default-arg","locations":[{"start":{"line":9,"column":39},"end":{"line":9,"column":47}}],"line":9},"1":{"loc":{"start":{"line":13,"column":4},"end":{"line":20,"column":5}},"type":"if","locations":[{"start":{"line":13,"column":4},"end":{"line":20,"column":5}},{"start":{},"end":{}}],"line":13},"2":{"loc":{"start":{"line":37,"column":8},"end":{"line":44,"column":9}},"type":"if","locations":[{"start":{"line":37,"column":8},"end":{"line":44,"column":9}},{"start":{},"end":{}}],"line":37},"3":{"loc":{"start":{"line":45,"column":8},"end":{"line":52,"column":9}},"type":"if","locations":[{"start":{"line":45,"column":8},"end":{"line":52,"column":9}},{"start":{},"end":{}}],"line":45},"4":{"loc":{"start":{"line":53,"column":8},"end":{"line":60,"column":9}},"type":"if","locations":[{"start":{"line":53,"column":8},"end":{"line":60,"column":9}},{"start":{},"end":{}}],"line":53},"5":{"loc":{"start":{"line":71,"column":33},"end":{"line":71,"column":47}},"type":"default-arg","locations":[{"start":{"line":71,"column":39},"end":{"line":71,"column":47}}],"line":71},"6":{"loc":{"start":{"line":75,"column":4},"end":{"line":82,"column":5}},"type":"if","locations":[{"start":{"line":75,"column":4},"end":{"line":82,"column":5}},{"start":{},"end":{}}],"line":75},"7":{"loc":{"start":{"line":99,"column":8},"end":{"line":106,"column":9}},"type":"if","locations":[{"start":{"line":99,"column":8},"end":{"line":106,"column":9}},{"start":{},"end":{}}],"line":99},"8":{"loc":{"start":{"line":107,"column":8},"end":{"line":114,"column":9}},"type":"if","locations":[{"start":{"line":107,"column":8},"end":{"line":114,"column":9}},{"start":{},"end":{}}],"line":107},"9":{"loc":{"start":{"line":125,"column":33},"end":{"line":125,"column":47}},"type":"default-arg","locations":[{"start":{"line":125,"column":39},"end":{"line":125,"column":47}}],"line":125},"10":{"loc":{"start":{"line":129,"column":4},"end":{"line":136,"column":5}},"type":"if","locations":[{"start":{"line":129,"column":4},"end":{"line":136,"column":5}},{"start":{},"end":{}}],"line":129},"11":{"loc":{"start":{"line":156,"column":8},"end":{"line":163,"column":9}},"type":"if","locations":[{"start":{"line":156,"column":8},"end":{"line":163,"column":9}},{"start":{},"end":{}}],"line":156},"12":{"loc":{"start":{"line":164,"column":8},"end":{"line":171,"column":9}},"type":"if","locations":[{"start":{"line":164,"column":8},"end":{"line":171,"column":9}},{"start":{},"end":{}}],"line":164},"13":{"loc":{"start":{"line":183,"column":34},"end":{"line":183,"column":48}},"type":"default-arg","locations":[{"start":{"line":183,"column":40},"end":{"line":183,"column":48}}],"line":183},"14":{"loc":{"start":{"line":188,"column":4},"end":{"line":195,"column":5}},"type":"if","locations":[{"start":{"line":188,"column":4},"end":{"line":195,"column":5}},{"start":{},"end":{}}],"line":188},"15":{"loc":{"start":{"line":215,"column":8},"end":{"line":222,"column":9}},"type":"if","locations":[{"start":{"line":215,"column":8},"end":{"line":222,"column":9}},{"start":{},"end":{}}],"line":215},"16":{"loc":{"start":{"line":223,"column":8},"end":{"line":230,"column":9}},"type":"if","locations":[{"start":{"line":223,"column":8},"end":{"line":230,"column":9}},{"start":{},"end":{}}],"line":223}},"s":{"0":4,"1":4,"2":4,"3":4,"4":4,"5":4,"6":4,"7":8,"8":8,"9":8,"10":0,"11":8,"12":8,"13":8,"14":7,"15":7,"16":5,"17":3,"18":1,"19":2,"20":1,"21":1,"22":1,"23":0,"24":4,"25":3,"26":3,"27":3,"28":0,"29":3,"30":3,"31":3,"32":2,"33":2,"34":1,"35":2,"36":1,"37":1,"38":1,"39":0,"40":4,"41":3,"42":3,"43":3,"44":0,"45":3,"46":3,"47":3,"48":2,"49":2,"50":1,"51":1,"52":1,"53":1,"54":2,"55":1,"56":1,"57":1,"58":0,"59":4,"60":3,"61":3,"62":3,"63":0,"64":3,"65":3,"66":3,"67":2,"68":2,"69":1,"70":1,"71":1,"72":1,"73":2,"74":1,"75":1,"76":1,"77":0,"78":4},"f":{"0":8,"1":3,"2":3,"3":1,"4":3,"5":1},"b":{"0":[0],"1":[0,8],"2":[1,2],"3":[1,1],"4":[1,0],"5":[0],"6":[0,3],"7":[1,1],"8":[1,0],"9":[0],"10":[0,3],"11":[1,1],"12":[1,0],"13":[0],"14":[0,3],"15":[1,1],"16":[1,0]},"inputSourceMap":null,"_coverageSchema":"1a1c01bbd47fc00a2c39e90264f33305004495a9","hash":"b8ef751b6df9120eddc40adfd9f91a41b32bb3c7"}
,"C:\\Users\\User\\Documents\\Proyectos desarrollo\\Electiva 2 (Desarrollo de software 2)\\Product-Prowess\\scr\\infrastructure\\controllers\\productsController.js": {"path":"C:\\Users\\User\\Documents\\Proyectos desarrollo\\Electiva 2 (Desarrollo de software 2)\\Product-Prowess\\scr\\infrastructure\\controllers\\productsController.js","statementMap":{"0":{"start":{"line":1,"column":21},"end":{"line":1,"column":39}},"1":{"start":{"line":2,"column":17},"end":{"line":2,"column":51}},"2":{"start":{"line":3,"column":15},"end":{"line":3,"column":48}},"3":{"start":{"line":4,"column":14},"end":{"line":4,"column":45}},"4":{"start":{"line":5,"column":23},"end":{"line":5,"column":75}},"5":{"start":{"line":6,"column":24},"end":{"line":6,"column":52}},"6":{"start":{"line":7,"column":38},"end":{"line":7,"column":69}},"7":{"start":{"line":8,"column":15},"end":{"line":8,"column":33}},"8":{"start":{"line":10,"column":22},"end":{"line":64,"column":1}},"9":{"start":{"line":11,"column":52},"end":{"line":11,"column":60}},"10":{"start":{"line":12,"column":16},"end":{"line":12,"column":41}},"11":{"start":{"line":14,"column":4},"end":{"line":21,"column":5}},"12":{"start":{"line":15,"column":8},"end":{"line":20,"column":11}},"13":{"start":{"line":23,"column":4},"end":{"line":63,"column":5}},"14":{"start":{"line":24,"column":8},"end":{"line":24,"column":36}},"15":{"start":{"line":25,"column":23},"end":{"line":25,"column":55}},"16":{"start":{"line":27,"column":28},"end":{"line":27,"column":67}},"17":{"start":{"line":28,"column":27},"end":{"line":28,"column":82}},"18":{"start":{"line":30,"column":8},"end":{"line":38,"column":11}},"19":{"start":{"line":40,"column":8},"end":{"line":47,"column":9}},"20":{"start":{"line":41,"column":12},"end":{"line":46,"column":15}},"21":{"start":{"line":48,"column":8},"end":{"line":55,"column":9}},"22":{"start":{"line":49,"column":12},"end":{"line":54,"column":15}},"23":{"start":{"line":56,"column":8},"end":{"line":61,"column":11}},"24":{"start":{"line":66,"column":22},"end":{"line":121,"column":1}},"25":{"start":{"line":67,"column":22},"end":{"line":67,"column":35}},"26":{"start":{"line":68,"column":41},"end":{"line":68,"column":49}},"27":{"start":{"line":69,"column":16},"end":{"line":69,"column":41}},"28":{"start":{"line":71,"column":4},"end":{"line":78,"column":5}},"29":{"start":{"line":72,"column":8},"end":{"line":77,"column":11}},"30":{"start":{"line":80,"column":4},"end":{"line":120,"column":5}},"31":{"start":{"line":81,"column":8},"end":{"line":81,"column":36}},"32":{"start":{"line":83,"column":23},"end":{"line":83,"column":55}},"33":{"start":{"line":85,"column":28},"end":{"line":85,"column":54}},"34":{"start":{"line":86,"column":31},"end":{"line":86,"column":97}},"35":{"start":{"line":88,"column":8},"end":{"line":93,"column":11}},"36":{"start":{"line":97,"column":8},"end":{"line":104,"column":9}},"37":{"start":{"line":98,"column":12},"end":{"line":103,"column":15}},"38":{"start":{"line":106,"column":8},"end":{"line":113,"column":9}},"39":{"start":{"line":107,"column":12},"end":{"line":112,"column":15}},"40":{"start":{"line":114,"column":8},"end":{"line":119,"column":11}},"41":{"start":{"line":123,"column":22},"end":{"line":175,"column":1}},"42":{"start":{"line":124,"column":22},"end":{"line":124,"column":35}},"43":{"start":{"line":125,"column":16},"end":{"line":125,"column":41}},"44":{"start":{"line":127,"column":4},"end":{"line":134,"column":5}},"45":{"start":{"line":128,"column":8},"end":{"line":133,"column":11}},"46":{"start":{"line":136,"column":4},"end":{"line":173,"column":5}},"47":{"start":{"line":137,"column":8},"end":{"line":137,"column":36}},"48":{"start":{"line":138,"column":23},"end":{"line":138,"column":55}},"49":{"start":{"line":139,"column":30},"end":{"line":139,"column":83}},"50":{"start":{"line":141,"column":8},"end":{"line":146,"column":11}},"51":{"start":{"line":150,"column":8},"end":{"line":157,"column":9}},"52":{"start":{"line":151,"column":12},"end":{"line":156,"column":15}},"53":{"start":{"line":158,"column":8},"end":{"line":165,"column":9}},"54":{"start":{"line":159,"column":12},"end":{"line":164,"column":15}},"55":{"start":{"line":166,"column":8},"end":{"line":171,"column":11}},"56":{"start":{"line":177,"column":26},"end":{"line":237,"column":1}},"57":{"start":{"line":178,"column":22},"end":{"line":178,"column":35}},"58":{"start":{"line":179,"column":16},"end":{"line":179,"column":41}},"59":{"start":{"line":181,"column":4},"end":{"line":188,"column":5}},"60":{"start":{"line":182,"column":8},"end":{"line":187,"column":11}},"61":{"start":{"line":190,"column":4},"end":{"line":233,"column":5}},"62":{"start":{"line":191,"column":8},"end":{"line":191,"column":36}},"63":{"start":{"line":193,"column":23},"end":{"line":193,"column":55}},"64":{"start":{"line":194,"column":30},"end":{"line":194,"column":32}},"65":{"start":{"line":195,"column":8},"end":{"line":204,"column":9}},"66":{"start":{"line":196,"column":12},"end":{"line":196,"column":73}},"67":{"start":{"line":198,"column":12},"end":{"line":203,"column":15}},"68":{"start":{"line":207,"column":21},"end":{"line":207,"column":57}},"69":{"start":{"line":208,"column":25},"end":{"line":208,"column":67}},"70":{"start":{"line":210,"column":8},"end":{"line":223,"column":11}},"71":{"start":{"line":227,"column":8},"end":{"line":232,"column":11}},"72":{"start":{"line":239,"column":34},"end":{"line":292,"column":1}},"73":{"start":{"line":240,"column":26},"end":{"line":240,"column":35}},"74":{"start":{"line":242,"column":16},"end":{"line":242,"column":41}},"75":{"start":{"line":243,"column":4},"end":{"line":250,"column":5}},"76":{"start":{"line":244,"column":8},"end":{"line":249,"column":11}},"77":{"start":{"line":252,"column":4},"end":{"line":291,"column":5}},"78":{"start":{"line":253,"column":8},"end":{"line":253,"column":36}},"79":{"start":{"line":254,"column":23},"end":{"line":254,"column":55}},"80":{"start":{"line":255,"column":23},"end":{"line":255,"column":25}},"81":{"start":{"line":256,"column":8},"end":{"line":265,"column":9}},"82":{"start":{"line":257,"column":12},"end":{"line":257,"column":69}},"83":{"start":{"line":259,"column":12},"end":{"line":264,"column":15}},"84":{"start":{"line":268,"column":8},"end":{"line":275,"column":9}},"85":{"start":{"line":269,"column":12},"end":{"line":274,"column":15}},"86":{"start":{"line":277,"column":8},"end":{"line":282,"column":11}},"87":{"start":{"line":285,"column":8},"end":{"line":290,"column":11}},"88":{"start":{"line":294,"column":37},"end":{"line":343,"column":1}},"89":{"start":{"line":295,"column":22},"end":{"line":295,"column":35}},"90":{"start":{"line":296,"column":16},"end":{"line":296,"column":41}},"91":{"start":{"line":298,"column":4},"end":{"line":305,"column":5}},"92":{"start":{"line":299,"column":8},"end":{"line":304,"column":11}},"93":{"start":{"line":307,"column":4},"end":{"line":339,"column":5}},"94":{"start":{"line":308,"column":8},"end":{"line":308,"column":36}},"95":{"start":{"line":310,"column":23},"end":{"line":310,"column":55}},"96":{"start":{"line":311,"column":30},"end":{"line":311,"column":32}},"97":{"start":{"line":312,"column":8},"end":{"line":321,"column":9}},"98":{"start":{"line":313,"column":12},"end":{"line":313,"column":73}},"99":{"start":{"line":315,"column":12},"end":{"line":320,"column":15}},"100":{"start":{"line":324,"column":8},"end":{"line":329,"column":11}},"101":{"start":{"line":333,"column":8},"end":{"line":338,"column":11}},"102":{"start":{"line":345,"column":23},"end":{"line":379,"column":1}},"103":{"start":{"line":346,"column":22},"end":{"line":346,"column":35}},"104":{"start":{"line":347,"column":16},"end":{"line":347,"column":41}},"105":{"start":{"line":349,"column":4},"end":{"line":356,"column":5}},"106":{"start":{"line":350,"column":8},"end":{"line":355,"column":11}},"107":{"start":{"line":357,"column":4},"end":{"line":378,"column":5}},"108":{"start":{"line":358,"column":8},"end":{"line":358,"column":36}},"109":{"start":{"line":359,"column":23},"end":{"line":359,"column":55}},"110":{"start":{"line":361,"column":25},"end":{"line":361,"column":48}},"111":{"start":{"line":363,"column":8},"end":{"line":368,"column":11}},"112":{"start":{"line":372,"column":8},"end":{"line":377,"column":11}},"113":{"start":{"line":381,"column":31},"end":{"line":439,"column":1}},"114":{"start":{"line":382,"column":58},"end":{"line":382,"column":66}},"115":{"start":{"line":383,"column":16},"end":{"line":383,"column":41}},"116":{"start":{"line":384,"column":4},"end":{"line":391,"column":5}},"117":{"start":{"line":385,"column":8},"end":{"line":390,"column":11}},"118":{"start":{"line":392,"column":4},"end":{"line":438,"column":5}},"119":{"start":{"line":393,"column":8},"end":{"line":393,"column":36}},"120":{"start":{"line":394,"column":23},"end":{"line":394,"column":55}},"121":{"start":{"line":395,"column":20},"end":{"line":395,"column":22}},"122":{"start":{"line":397,"column":8},"end":{"line":399,"column":9}},"123":{"start":{"line":398,"column":12},"end":{"line":398,"column":64}},"124":{"start":{"line":400,"column":8},"end":{"line":402,"column":9}},"125":{"start":{"line":401,"column":12},"end":{"line":401,"column":39}},"126":{"start":{"line":403,"column":8},"end":{"line":405,"column":9}},"127":{"start":{"line":404,"column":12},"end":{"line":404,"column":52}},"128":{"start":{"line":406,"column":8},"end":{"line":415,"column":9}},"129":{"start":{"line":407,"column":12},"end":{"line":410,"column":14}},"130":{"start":{"line":411,"column":15},"end":{"line":415,"column":9}},"131":{"start":{"line":412,"column":12},"end":{"line":412,"column":60}},"132":{"start":{"line":413,"column":15},"end":{"line":415,"column":9}},"133":{"start":{"line":414,"column":12},"end":{"line":414,"column":58}},"134":{"start":{"line":417,"column":25},"end":{"line":417,"column":51}},"135":{"start":{"line":419,"column":8},"end":{"line":422,"column":11}},"136":{"start":{"line":424,"column":8},"end":{"line":431,"column":9}},"137":{"start":{"line":425,"column":12},"end":{"line":430,"column":15}},"138":{"start":{"line":432,"column":8},"end":{"line":437,"column":11}},"139":{"start":{"line":442,"column":0},"end":{"line":451,"column":2}}},"fnMap":{"0":{"name":"(anonymous_0)","decl":{"start":{"line":10,"column":22},"end":{"line":10,"column":23}},"loc":{"start":{"line":10,"column":53},"end":{"line":64,"column":1}},"line":10},"1":{"name":"(anonymous_1)","decl":{"start":{"line":66,"column":22},"end":{"line":66,"column":23}},"loc":{"start":{"line":66,"column":53},"end":{"line":121,"column":1}},"line":66},"2":{"name":"(anonymous_2)","decl":{"start":{"line":123,"column":22},"end":{"line":123,"column":23}},"loc":{"start":{"line":123,"column":53},"end":{"line":175,"column":1}},"line":123},"3":{"name":"(anonymous_3)","decl":{"start":{"line":177,"column":26},"end":{"line":177,"column":27}},"loc":{"start":{"line":177,"column":57},"end":{"line":237,"column":1}},"line":177},"4":{"name":"(anonymous_4)","decl":{"start":{"line":239,"column":34},"end":{"line":239,"column":35}},"loc":{"start":{"line":239,"column":65},"end":{"line":292,"column":1}},"line":239},"5":{"name":"(anonymous_5)","decl":{"start":{"line":294,"column":37},"end":{"line":294,"column":38}},"loc":{"start":{"line":294,"column":68},"end":{"line":343,"column":1}},"line":294},"6":{"name":"(anonymous_6)","decl":{"start":{"line":345,"column":23},"end":{"line":345,"column":24}},"loc":{"start":{"line":345,"column":54},"end":{"line":379,"column":1}},"line":345},"7":{"name":"(anonymous_7)","decl":{"start":{"line":381,"column":31},"end":{"line":381,"column":32}},"loc":{"start":{"line":381,"column":62},"end":{"line":439,"column":1}},"line":381}},"branchMap":{"0":{"loc":{"start":{"line":10,"column":34},"end":{"line":10,"column":48}},"type":"default-arg","locations":[{"start":{"line":10,"column":40},"end":{"line":10,"column":48}}],"line":10},"1":{"loc":{"start":{"line":14,"column":4},"end":{"line":21,"column":5}},"type":"if","locations":[{"start":{"line":14,"column":4},"end":{"line":21,"column":5}},{"start":{},"end":{}}],"line":14},"2":{"loc":{"start":{"line":40,"column":8},"end":{"line":47,"column":9}},"type":"if","locations":[{"start":{"line":40,"column":8},"end":{"line":47,"column":9}},{"start":{},"end":{}}],"line":40},"3":{"loc":{"start":{"line":48,"column":8},"end":{"line":55,"column":9}},"type":"if","locations":[{"start":{"line":48,"column":8},"end":{"line":55,"column":9}},{"start":{},"end":{}}],"line":48},"4":{"loc":{"start":{"line":66,"column":34},"end":{"line":66,"column":48}},"type":"default-arg","locations":[{"start":{"line":66,"column":40},"end":{"line":66,"column":48}}],"line":66},"5":{"loc":{"start":{"line":71,"column":4},"end":{"line":78,"column":5}},"type":"if","locations":[{"start":{"line":71,"column":4},"end":{"line":78,"column":5}},{"start":{},"end":{}}],"line":71},"6":{"loc":{"start":{"line":97,"column":8},"end":{"line":104,"column":9}},"type":"if","locations":[{"start":{"line":97,"column":8},"end":{"line":104,"column":9}},{"start":{},"end":{}}],"line":97},"7":{"loc":{"start":{"line":106,"column":8},"end":{"line":113,"column":9}},"type":"if","locations":[{"start":{"line":106,"column":8},"end":{"line":113,"column":9}},{"start":{},"end":{}}],"line":106},"8":{"loc":{"start":{"line":123,"column":34},"end":{"line":123,"column":48}},"type":"default-arg","locations":[{"start":{"line":123,"column":40},"end":{"line":123,"column":48}}],"line":123},"9":{"loc":{"start":{"line":127,"column":4},"end":{"line":134,"column":5}},"type":"if","locations":[{"start":{"line":127,"column":4},"end":{"line":134,"column":5}},{"start":{},"end":{}}],"line":127},"10":{"loc":{"start":{"line":150,"column":8},"end":{"line":157,"column":9}},"type":"if","locations":[{"start":{"line":150,"column":8},"end":{"line":157,"column":9}},{"start":{},"end":{}}],"line":150},"11":{"loc":{"start":{"line":158,"column":8},"end":{"line":165,"column":9}},"type":"if","locations":[{"start":{"line":158,"column":8},"end":{"line":165,"column":9}},{"start":{},"end":{}}],"line":158},"12":{"loc":{"start":{"line":177,"column":38},"end":{"line":177,"column":52}},"type":"default-arg","locations":[{"start":{"line":177,"column":44},"end":{"line":177,"column":52}}],"line":177},"13":{"loc":{"start":{"line":181,"column":4},"end":{"line":188,"column":5}},"type":"if","locations":[{"start":{"line":181,"column":4},"end":{"line":188,"column":5}},{"start":{},"end":{}}],"line":181},"14":{"loc":{"start":{"line":239,"column":46},"end":{"line":239,"column":60}},"type":"default-arg","locations":[{"start":{"line":239,"column":52},"end":{"line":239,"column":60}}],"line":239},"15":{"loc":{"start":{"line":243,"column":4},"end":{"line":250,"column":5}},"type":"if","locations":[{"start":{"line":243,"column":4},"end":{"line":250,"column":5}},{"start":{},"end":{}}],"line":243},"16":{"loc":{"start":{"line":256,"column":8},"end":{"line":265,"column":9}},"type":"if","locations":[{"start":{"line":256,"column":8},"end":{"line":265,"column":9}},{"start":{"line":258,"column":13},"end":{"line":265,"column":9}}],"line":256},"17":{"loc":{"start":{"line":268,"column":8},"end":{"line":275,"column":9}},"type":"if","locations":[{"start":{"line":268,"column":8},"end":{"line":275,"column":9}},{"start":{},"end":{}}],"line":268},"18":{"loc":{"start":{"line":268,"column":12},"end":{"line":268,"column":46}},"type":"binary-expr","locations":[{"start":{"line":268,"column":12},"end":{"line":268,"column":21}},{"start":{"line":268,"column":25},"end":{"line":268,"column":46}}],"line":268},"19":{"loc":{"start":{"line":294,"column":49},"end":{"line":294,"column":63}},"type":"default-arg","locations":[{"start":{"line":294,"column":55},"end":{"line":294,"column":63}}],"line":294},"20":{"loc":{"start":{"line":298,"column":4},"end":{"line":305,"column":5}},"type":"if","locations":[{"start":{"line":298,"column":4},"end":{"line":305,"column":5}},{"start":{},"end":{}}],"line":298},"21":{"loc":{"start":{"line":345,"column":35},"end":{"line":345,"column":49}},"type":"default-arg","locations":[{"start":{"line":345,"column":41},"end":{"line":345,"column":49}}],"line":345},"22":{"loc":{"start":{"line":349,"column":4},"end":{"line":356,"column":5}},"type":"if","locations":[{"start":{"line":349,"column":4},"end":{"line":356,"column":5}},{"start":{},"end":{}}],"line":349},"23":{"loc":{"start":{"line":381,"column":43},"end":{"line":381,"column":57}},"type":"default-arg","locations":[{"start":{"line":381,"column":49},"end":{"line":381,"column":57}}],"line":381},"24":{"loc":{"start":{"line":384,"column":4},"end":{"line":391,"column":5}},"type":"if","locations":[{"start":{"line":384,"column":4},"end":{"line":391,"column":5}},{"start":{},"end":{}}],"line":384},"25":{"loc":{"start":{"line":397,"column":8},"end":{"line":399,"column":9}},"type":"if","locations":[{"start":{"line":397,"column":8},"end":{"line":399,"column":9}},{"start":{},"end":{}}],"line":397},"26":{"loc":{"start":{"line":400,"column":8},"end":{"line":402,"column":9}},"type":"if","locations":[{"start":{"line":400,"column":8},"end":{"line":402,"column":9}},{"start":{},"end":{}}],"line":400},"27":{"loc":{"start":{"line":403,"column":8},"end":{"line":405,"column":9}},"type":"if","locations":[{"start":{"line":403,"column":8},"end":{"line":405,"column":9}},{"start":{},"end":{}}],"line":403},"28":{"loc":{"start":{"line":406,"column":8},"end":{"line":415,"column":9}},"type":"if","locations":[{"start":{"line":406,"column":8},"end":{"line":415,"column":9}},{"start":{"line":411,"column":15},"end":{"line":415,"column":9}}],"line":406},"29":{"loc":{"start":{"line":406,"column":12},"end":{"line":406,"column":32}},"type":"binary-expr","locations":[{"start":{"line":406,"column":12},"end":{"line":406,"column":21}},{"start":{"line":406,"column":25},"end":{"line":406,"column":32}}],"line":406},"30":{"loc":{"start":{"line":411,"column":15},"end":{"line":415,"column":9}},"type":"if","locations":[{"start":{"line":411,"column":15},"end":{"line":415,"column":9}},{"start":{"line":413,"column":15},"end":{"line":415,"column":9}}],"line":411},"31":{"loc":{"start":{"line":413,"column":15},"end":{"line":415,"column":9}},"type":"if","locations":[{"start":{"line":413,"column":15},"end":{"line":415,"column":9}},{"start":{},"end":{}}],"line":413},"32":{"loc":{"start":{"line":424,"column":8},"end":{"line":431,"column":9}},"type":"if","locations":[{"start":{"line":424,"column":8},"end":{"line":431,"column":9}},{"start":{},"end":{}}],"line":424}},"s":{"0":4,"1":4,"2":4,"3":4,"4":4,"5":4,"6":4,"7":4,"8":4,"9":12,"10":12,"11":12,"12":0,"13":12,"14":12,"15":12,"16":11,"17":11,"18":10,"19":2,"20":1,"21":1,"22":1,"23":0,"24":4,"25":3,"26":3,"27":3,"28":3,"29":0,"30":3,"31":3,"32":3,"33":2,"34":2,"35":1,"36":2,"37":1,"38":1,"39":1,"40":0,"41":4,"42":3,"43":3,"44":3,"45":0,"46":3,"47":3,"48":3,"49":2,"50":1,"51":2,"52":1,"53":1,"54":1,"55":0,"56":4,"57":3,"58":3,"59":3,"60":0,"61":3,"62":3,"63":3,"64":2,"65":2,"66":2,"67":1,"68":1,"69":1,"70":1,"71":1,"72":4,"73":5,"74":5,"75":5,"76":0,"77":5,"78":5,"79":5,"80":4,"81":4,"82":1,"83":3,"84":4,"85":1,"86":3,"87":1,"88":4,"89":3,"90":3,"91":3,"92":0,"93":3,"94":3,"95":3,"96":2,"97":2,"98":2,"99":1,"100":1,"101":1,"102":4,"103":2,"104":2,"105":2,"106":1,"107":1,"108":1,"109":1,"110":1,"111":1,"112":0,"113":4,"114":2,"115":2,"116":2,"117":0,"118":2,"119":2,"120":2,"121":1,"122":1,"123":1,"124":1,"125":1,"126":1,"127":0,"128":1,"129":1,"130":0,"131":0,"132":0,"133":0,"134":1,"135":1,"136":1,"137":1,"138":0,"139":4},"f":{"0":12,"1":3,"2":3,"3":3,"4":5,"5":3,"6":2,"7":2},"b":{"0":[0],"1":[0,12],"2":[1,1],"3":[1,0],"4":[0],"5":[0,3],"6":[1,1],"7":[1,0],"8":[0],"9":[0,3],"10":[1,1],"11":[1,0],"12":[0],"13":[0,3],"14":[0],"15":[0,5],"16":[1,3],"17":[1,3],"18":[4,4],"19":[0],"20":[0,3],"21":[0],"22":[1,1],"23":[0],"24":[0,2],"25":[1,0],"26":[1,0],"27":[0,1],"28":[1,0],"29":[1,1],"30":[0,0],"31":[0,0],"32":[1,0]},"inputSourceMap":null,"_coverageSchema":"1a1c01bbd47fc00a2c39e90264f33305004495a9","hash":"6357764c88149a524fda54990816a86d8a1d817f"}
,"C:\\Users\\User\\Documents\\Proyectos desarrollo\\Electiva 2 (Desarrollo de software 2)\\Product-Prowess\\scr\\infrastructure\\controllers\\tokenController.js": {"path":"C:\\Users\\User\\Documents\\Proyectos desarrollo\\Electiva 2 (Desarrollo de software 2)\\Product-Prowess\\scr\\infrastructure\\controllers\\tokenController.js","statementMap":{"0":{"start":{"line":1,"column":21},"end":{"line":1,"column":39}},"1":{"start":{"line":2,"column":12},"end":{"line":2,"column":35}},"2":{"start":{"line":3,"column":15},"end":{"line":3,"column":33}},"3":{"start":{"line":5,"column":22},"end":{"line":8,"column":3}},"4":{"start":{"line":6,"column":18},"end":{"line":6,"column":71}},"5":{"start":{"line":7,"column":4},"end":{"line":7,"column":17}},"6":{"start":{"line":10,"column":20},"end":{"line":19,"column":1}},"7":{"start":{"line":11,"column":4},"end":{"line":18,"column":7}},"8":{"start":{"line":12,"column":8},"end":{"line":17,"column":11}},"9":{"start":{"line":13,"column":12},"end":{"line":15,"column":13}},"10":{"start":{"line":14,"column":16},"end":{"line":14,"column":51}},"11":{"start":{"line":16,"column":12},"end":{"line":16,"column":32}},"12":{"start":{"line":21,"column":0},"end":{"line":24,"column":4}}},"fnMap":{"0":{"name":"(anonymous_0)","decl":{"start":{"line":5,"column":22},"end":{"line":5,"column":23}},"loc":{"start":{"line":5,"column":34},"end":{"line":8,"column":3}},"line":5},"1":{"name":"(anonymous_1)","decl":{"start":{"line":10,"column":20},"end":{"line":10,"column":21}},"loc":{"start":{"line":10,"column":39},"end":{"line":19,"column":1}},"line":10},"2":{"name":"(anonymous_2)","decl":{"start":{"line":11,"column":23},"end":{"line":11,"column":24}},"loc":{"start":{"line":11,"column":44},"end":{"line":18,"column":5}},"line":11},"3":{"name":"(anonymous_3)","decl":{"start":{"line":12,"column":34},"end":{"line":12,"column":35}},"loc":{"start":{"line":12,"column":54},"end":{"line":17,"column":9}},"line":12}},"branchMap":{"0":{"loc":{"start":{"line":13,"column":12},"end":{"line":15,"column":13}},"type":"if","locations":[{"start":{"line":13,"column":12},"end":{"line":15,"column":13}},{"start":{},"end":{}}],"line":13}},"s":{"0":4,"1":4,"2":4,"3":4,"4":16,"5":16,"6":4,"7":60,"8":60,"9":60,"10":14,"11":60,"12":4},"f":{"0":16,"1":60,"2":60,"3":60},"b":{"0":[14,46]},"inputSourceMap":null,"_coverageSchema":"1a1c01bbd47fc00a2c39e90264f33305004495a9","hash":"c5e76c57bd7c0b8b78c9c9f9b1d3830944497799"}
,"C:\\Users\\User\\Documents\\Proyectos desarrollo\\Electiva 2 (Desarrollo de software 2)\\Product-Prowess\\scr\\infrastructure\\controllers\\usersController.js": {"path":"C:\\Users\\User\\Documents\\Proyectos desarrollo\\Electiva 2 (Desarrollo de software 2)\\Product-Prowess\\scr\\infrastructure\\controllers\\usersController.js","statementMap":{"0":{"start":{"line":1,"column":21},"end":{"line":1,"column":39}},"1":{"start":{"line":2,"column":19},"end":{"line":2,"column":50}},"2":{"start":{"line":3,"column":20},"end":{"line":3,"column":69}},"3":{"start":{"line":4,"column":39},"end":{"line":4,"column":67}},"4":{"start":{"line":5,"column":15},"end":{"line":5,"column":33}},"5":{"start":{"line":7,"column":19},"end":{"line":46,"column":1}},"6":{"start":{"line":8,"column":53},"end":{"line":8,"column":61}},"7":{"start":{"line":10,"column":2},"end":{"line":45,"column":3}},"8":{"start":{"line":11,"column":15},"end":{"line":11,"column":50}},"9":{"start":{"line":13,"column":4},"end":{"line":20,"column":5}},"10":{"start":{"line":14,"column":6},"end":{"line":19,"column":9}},"11":{"start":{"line":22,"column":20},"end":{"line":22,"column":22}},"12":{"start":{"line":23,"column":4},"end":{"line":25,"column":5}},"13":{"start":{"line":24,"column":6},"end":{"line":24,"column":25}},"14":{"start":{"line":27,"column":21},"end":{"line":27,"column":64}},"15":{"start":{"line":28,"column":20},"end":{"line":28,"column":59}},"16":{"start":{"line":30,"column":4},"end":{"line":37,"column":7}},"17":{"start":{"line":39,"column":4},"end":{"line":44,"column":6}},"18":{"start":{"line":48,"column":19},"end":{"line":99,"column":1}},"19":{"start":{"line":49,"column":17},"end":{"line":49,"column":30}},"20":{"start":{"line":50,"column":36},"end":{"line":50,"column":44}},"21":{"start":{"line":51,"column":14},"end":{"line":51,"column":39}},"22":{"start":{"line":53,"column":2},"end":{"line":60,"column":3}},"23":{"start":{"line":54,"column":6},"end":{"line":59,"column":9}},"24":{"start":{"line":62,"column":2},"end":{"line":98,"column":3}},"25":{"start":{"line":63,"column":6},"end":{"line":63,"column":34}},"26":{"start":{"line":65,"column":28},"end":{"line":65,"column":60}},"27":{"start":{"line":67,"column":6},"end":{"line":74,"column":7}},"28":{"start":{"line":68,"column":10},"end":{"line":73,"column":13}},"29":{"start":{"line":76,"column":23},"end":{"line":76,"column":48}},"30":{"start":{"line":77,"column":26},"end":{"line":77,"column":72}},"31":{"start":{"line":79,"column":6},"end":{"line":82,"column":9}},"32":{"start":{"line":84,"column":6},"end":{"line":91,"column":7}},"33":{"start":{"line":85,"column":10},"end":{"line":90,"column":13}},"34":{"start":{"line":92,"column":6},"end":{"line":97,"column":9}},"35":{"start":{"line":102,"column":18},"end":{"line":143,"column":1}},"36":{"start":{"line":103,"column":30},"end":{"line":103,"column":38}},"37":{"start":{"line":105,"column":2},"end":{"line":142,"column":3}},"38":{"start":{"line":106,"column":19},"end":{"line":106,"column":64}},"39":{"start":{"line":108,"column":20},"end":{"line":108,"column":43}},"40":{"start":{"line":110,"column":6},"end":{"line":115,"column":9}},"41":{"start":{"line":118,"column":6},"end":{"line":125,"column":7}},"42":{"start":{"line":119,"column":10},"end":{"line":124,"column":13}},"43":{"start":{"line":127,"column":6},"end":{"line":134,"column":7}},"44":{"start":{"line":128,"column":10},"end":{"line":133,"column":13}},"45":{"start":{"line":136,"column":6},"end":{"line":141,"column":9}},"46":{"start":{"line":146,"column":0},"end":{"line":150,"column":2}}},"fnMap":{"0":{"name":"(anonymous_0)","decl":{"start":{"line":7,"column":19},"end":{"line":7,"column":20}},"loc":{"start":{"line":7,"column":50},"end":{"line":46,"column":1}},"line":7},"1":{"name":"(anonymous_1)","decl":{"start":{"line":48,"column":19},"end":{"line":48,"column":20}},"loc":{"start":{"line":48,"column":50},"end":{"line":99,"column":1}},"line":48},"2":{"name":"(anonymous_2)","decl":{"start":{"line":102,"column":18},"end":{"line":102,"column":19}},"loc":{"start":{"line":102,"column":49},"end":{"line":143,"column":1}},"line":102}},"branchMap":{"0":{"loc":{"start":{"line":7,"column":31},"end":{"line":7,"column":45}},"type":"default-arg","locations":[{"start":{"line":7,"column":37},"end":{"line":7,"column":45}}],"line":7},"1":{"loc":{"start":{"line":13,"column":4},"end":{"line":20,"column":5}},"type":"if","locations":[{"start":{"line":13,"column":4},"end":{"line":20,"column":5}},{"start":{},"end":{}}],"line":13},"2":{"loc":{"start":{"line":23,"column":4},"end":{"line":25,"column":5}},"type":"if","locations":[{"start":{"line":23,"column":4},"end":{"line":25,"column":5}},{"start":{},"end":{}}],"line":23},"3":{"loc":{"start":{"line":48,"column":31},"end":{"line":48,"column":45}},"type":"default-arg","locations":[{"start":{"line":48,"column":37},"end":{"line":48,"column":45}}],"line":48},"4":{"loc":{"start":{"line":53,"column":2},"end":{"line":60,"column":3}},"type":"if","locations":[{"start":{"line":53,"column":2},"end":{"line":60,"column":3}},{"start":{},"end":{}}],"line":53},"5":{"loc":{"start":{"line":67,"column":6},"end":{"line":74,"column":7}},"type":"if","locations":[{"start":{"line":67,"column":6},"end":{"line":74,"column":7}},{"start":{},"end":{}}],"line":67},"6":{"loc":{"start":{"line":84,"column":6},"end":{"line":91,"column":7}},"type":"if","locations":[{"start":{"line":84,"column":6},"end":{"line":91,"column":7}},{"start":{},"end":{}}],"line":84},"7":{"loc":{"start":{"line":102,"column":30},"end":{"line":102,"column":44}},"type":"default-arg","locations":[{"start":{"line":102,"column":36},"end":{"line":102,"column":44}}],"line":102},"8":{"loc":{"start":{"line":118,"column":6},"end":{"line":125,"column":7}},"type":"if","locations":[{"start":{"line":118,"column":6},"end":{"line":125,"column":7}},{"start":{},"end":{}}],"line":118},"9":{"loc":{"start":{"line":127,"column":6},"end":{"line":134,"column":7}},"type":"if","locations":[{"start":{"line":127,"column":6},"end":{"line":134,"column":7}},{"start":{},"end":{}}],"line":127}},"s":{"0":4,"1":4,"2":4,"3":4,"4":4,"5":4,"6":27,"7":27,"8":27,"9":27,"10":5,"11":22,"12":22,"13":0,"14":22,"15":22,"16":22,"17":0,"18":4,"19":4,"20":4,"21":4,"22":4,"23":1,"24":3,"25":3,"26":3,"27":2,"28":1,"29":1,"30":1,"31":1,"32":1,"33":1,"34":0,"35":4,"36":19,"37":19,"38":19,"39":16,"40":16,"41":3,"42":1,"43":2,"44":1,"45":1,"46":4},"f":{"0":27,"1":4,"2":19},"b":{"0":[0],"1":[5,22],"2":[0,22],"3":[0],"4":[1,3],"5":[1,1],"6":[1,0],"7":[0],"8":[1,2],"9":[1,1]},"inputSourceMap":null,"_coverageSchema":"1a1c01bbd47fc00a2c39e90264f33305004495a9","hash":"c1d4f0e8c162c6e40c00e59ae2cff4b1c68b2a8f"}
,"C:\\Users\\User\\Documents\\Proyectos desarrollo\\Electiva 2 (Desarrollo de software 2)\\Product-Prowess\\scr\\infrastructure\\middlewares\\validateFields.js": {"path":"C:\\Users\\User\\Documents\\Proyectos desarrollo\\Electiva 2 (Desarrollo de software 2)\\Product-Prowess\\scr\\infrastructure\\middlewares\\validateFields.js","statementMap":{"0":{"start":{"line":1,"column":21},"end":{"line":1,"column":39}},"1":{"start":{"line":2,"column":29},"end":{"line":2,"column":57}},"2":{"start":{"line":4,"column":23},"end":{"line":15,"column":1}},"3":{"start":{"line":5,"column":17},"end":{"line":5,"column":38}},"4":{"start":{"line":7,"column":2},"end":{"line":12,"column":3}},"5":{"start":{"line":8,"column":4},"end":{"line":11,"column":7}},"6":{"start":{"line":14,"column":2},"end":{"line":14,"column":9}},"7":{"start":{"line":17,"column":0},"end":{"line":19,"column":1}}},"fnMap":{"0":{"name":"(anonymous_0)","decl":{"start":{"line":4,"column":23},"end":{"line":4,"column":24}},"loc":{"start":{"line":4,"column":54},"end":{"line":15,"column":1}},"line":4}},"branchMap":{"0":{"loc":{"start":{"line":4,"column":29},"end":{"line":4,"column":43}},"type":"default-arg","locations":[{"start":{"line":4,"column":35},"end":{"line":4,"column":43}}],"line":4},"1":{"loc":{"start":{"line":7,"column":2},"end":{"line":12,"column":3}},"type":"if","locations":[{"start":{"line":7,"column":2},"end":{"line":12,"column":3}},{"start":{},"end":{}}],"line":7}},"s":{"0":4,"1":4,"2":4,"3":88,"4":88,"5":7,"6":81,"7":4},"f":{"0":88},"b":{"0":[0],"1":[7,81]},"inputSourceMap":null,"_coverageSchema":"1a1c01bbd47fc00a2c39e90264f33305004495a9","hash":"6b193707a2ddb3f97aef33d561e55a7c02a4e4d9"}
,"C:\\Users\\User\\Documents\\Proyectos desarrollo\\Electiva 2 (Desarrollo de software 2)\\Product-Prowess\\scr\\infrastructure\\models\\commentsModel.js": {"path":"C:\\Users\\User\\Documents\\Proyectos desarrollo\\Electiva 2 (Desarrollo de software 2)\\Product-Prowess\\scr\\infrastructure\\models\\commentsModel.js","statementMap":{"0":{"start":{"line":1,"column":47},"end":{"line":1,"column":66}},"1":{"start":{"line":3,"column":23},"end":{"line":33,"column":2}},"2":{"start":{"line":35,"column":0},"end":{"line":35,"column":51}}},"fnMap":{},"branchMap":{},"s":{"0":4,"1":4,"2":4},"f":{},"b":{},"inputSourceMap":null,"_coverageSchema":"1a1c01bbd47fc00a2c39e90264f33305004495a9","hash":"db83ff62d1837b0c6b93453ea5cc1c7a20a97dd3"}
,"C:\\Users\\User\\Documents\\Proyectos desarrollo\\Electiva 2 (Desarrollo de software 2)\\Product-Prowess\\scr\\infrastructure\\models\\followsModel.js": {"path":"C:\\Users\\User\\Documents\\Proyectos desarrollo\\Electiva 2 (Desarrollo de software 2)\\Product-Prowess\\scr\\infrastructure\\models\\followsModel.js","statementMap":{"0":{"start":{"line":1,"column":47},"end":{"line":1,"column":66}},"1":{"start":{"line":3,"column":21},"end":{"line":14,"column":2}},"2":{"start":{"line":16,"column":0},"end":{"line":16,"column":47}}},"fnMap":{},"branchMap":{},"s":{"0":4,"1":4,"2":4},"f":{},"b":{},"inputSourceMap":null,"_coverageSchema":"1a1c01bbd47fc00a2c39e90264f33305004495a9","hash":"c5a7b31d0ede3daeb238d260e6ccdc219ea6afb8"}
,"C:\\Users\\User\\Documents\\Proyectos desarrollo\\Electiva 2 (Desarrollo de software 2)\\Product-Prowess\\scr\\infrastructure\\models\\productsModel.js": {"path":"C:\\Users\\User\\Documents\\Proyectos desarrollo\\Electiva 2 (Desarrollo de software 2)\\Product-Prowess\\scr\\infrastructure\\models\\productsModel.js","statementMap":{"0":{"start":{"line":1,"column":47},"end":{"line":1,"column":66}},"1":{"start":{"line":3,"column":22},"end":{"line":44,"column":2}},"2":{"start":{"line":46,"column":0},"end":{"line":46,"column":50}}},"fnMap":{},"branchMap":{},"s":{"0":4,"1":4,"2":4},"f":{},"b":{},"inputSourceMap":null,"_coverageSchema":"1a1c01bbd47fc00a2c39e90264f33305004495a9","hash":"8f94a178fec1cc9e47a0b37413a26eb754eaf86c"}
,"C:\\Users\\User\\Documents\\Proyectos desarrollo\\Electiva 2 (Desarrollo de software 2)\\Product-Prowess\\scr\\infrastructure\\models\\usersModel.js": {"path":"C:\\Users\\User\\Documents\\Proyectos desarrollo\\Electiva 2 (Desarrollo de software 2)\\Product-Prowess\\scr\\infrastructure\\models\\usersModel.js","statementMap":{"0":{"start":{"line":1,"column":26},"end":{"line":1,"column":45}},"1":{"start":{"line":2,"column":15},"end":{"line":2,"column":32}},"2":{"start":{"line":4,"column":19},"end":{"line":38,"column":2}},"3":{"start":{"line":40,"column":0},"end":{"line":43,"column":2}},"4":{"start":{"line":41,"column":15},"end":{"line":41,"column":39}},"5":{"start":{"line":42,"column":2},"end":{"line":42,"column":37}},"6":{"start":{"line":45,"column":0},"end":{"line":47,"column":2}},"7":{"start":{"line":46,"column":2},"end":{"line":46,"column":48}},"8":{"start":{"line":49,"column":0},"end":{"line":49,"column":43}}},"fnMap":{"0":{"name":"(anonymous_0)","decl":{"start":{"line":40,"column":37},"end":{"line":40,"column":38}},"loc":{"start":{"line":40,"column":57},"end":{"line":43,"column":1}},"line":40},"1":{"name":"(anonymous_1)","decl":{"start":{"line":45,"column":37},"end":{"line":45,"column":38}},"loc":{"start":{"line":45,"column":71},"end":{"line":47,"column":1}},"line":45}},"branchMap":{},"s":{"0":4,"1":4,"2":4,"3":4,"4":22,"5":22,"6":4,"7":18,"8":4},"f":{"0":22,"1":18},"b":{},"inputSourceMap":null,"_coverageSchema":"1a1c01bbd47fc00a2c39e90264f33305004495a9","hash":"dfc6de7b70ece2414c97efe3c2a25c72c2d61a62"}
,"C:\\Users\\User\\Documents\\Proyectos desarrollo\\Electiva 2 (Desarrollo de software 2)\\Product-Prowess\\scr\\infrastructure\\routes\\commentsRoute.js": {"path":"C:\\Users\\User\\Documents\\Proyectos desarrollo\\Electiva 2 (Desarrollo de software 2)\\Product-Prowess\\scr\\infrastructure\\routes\\commentsRoute.js","statementMap":{"0":{"start":{"line":1,"column":19},"end":{"line":1,"column":37}},"1":{"start":{"line":2,"column":15},"end":{"line":2,"column":23}},"2":{"start":{"line":4,"column":51},"end":{"line":4,"column":95}},"3":{"start":{"line":5,"column":18},"end":{"line":5,"column":46}},"4":{"start":{"line":6,"column":27},"end":{"line":6,"column":67}},"5":{"start":{"line":64,"column":0},"end":{"line":72,"column":2}},"6":{"start":{"line":99,"column":0},"end":{"line":102,"column":2}},"7":{"start":{"line":104,"column":0},"end":{"line":104,"column":24}}},"fnMap":{},"branchMap":{},"s":{"0":4,"1":4,"2":4,"3":4,"4":4,"5":4,"6":4,"7":4},"f":{},"b":{},"inputSourceMap":null,"_coverageSchema":"1a1c01bbd47fc00a2c39e90264f33305004495a9","hash":"2796eff06d5e76fe5781f7487b0136250cdac64a"}
,"C:\\Users\\User\\Documents\\Proyectos desarrollo\\Electiva 2 (Desarrollo de software 2)\\Product-Prowess\\scr\\infrastructure\\routes\\followRoute.js": {"path":"C:\\Users\\User\\Documents\\Proyectos desarrollo\\Electiva 2 (Desarrollo de software 2)\\Product-Prowess\\scr\\infrastructure\\routes\\followRoute.js","statementMap":{"0":{"start":{"line":1,"column":19},"end":{"line":1,"column":37}},"1":{"start":{"line":2,"column":15},"end":{"line":2,"column":23}},"2":{"start":{"line":4,"column":67},"end":{"line":4,"column":109}},"3":{"start":{"line":5,"column":18},"end":{"line":5,"column":46}},"4":{"start":{"line":6,"column":27},"end":{"line":6,"column":67}},"5":{"start":{"line":53,"column":0},"end":{"line":60,"column":2}},"6":{"start":{"line":90,"column":0},"end":{"line":97,"column":4}},"7":{"start":{"line":124,"column":2},"end":{"line":127,"column":4}},"8":{"start":{"line":153,"column":2},"end":{"line":156,"column":4}},"9":{"start":{"line":159,"column":0},"end":{"line":159,"column":24}}},"fnMap":{},"branchMap":{},"s":{"0":4,"1":4,"2":4,"3":4,"4":4,"5":4,"6":4,"7":4,"8":4,"9":4},"f":{},"b":{},"inputSourceMap":null,"_coverageSchema":"1a1c01bbd47fc00a2c39e90264f33305004495a9","hash":"63592aef428d3b5ff3c31095a13950add3a28011"}
,"C:\\Users\\User\\Documents\\Proyectos desarrollo\\Electiva 2 (Desarrollo de software 2)\\Product-Prowess\\scr\\infrastructure\\routes\\productsRoute.js": {"path":"C:\\Users\\User\\Documents\\Proyectos desarrollo\\Electiva 2 (Desarrollo de software 2)\\Product-Prowess\\scr\\infrastructure\\routes\\productsRoute.js","statementMap":{"0":{"start":{"line":1,"column":19},"end":{"line":1,"column":37}},"1":{"start":{"line":2,"column":15},"end":{"line":2,"column":23}},"2":{"start":{"line":5,"column":101},"end":{"line":5,"column":145}},"3":{"start":{"line":6,"column":18},"end":{"line":6,"column":46}},"4":{"start":{"line":7,"column":27},"end":{"line":7,"column":67}},"5":{"start":{"line":72,"column":0},"end":{"line":82,"column":2}},"6":{"start":{"line":120,"column":0},"end":{"line":128,"column":2}},"7":{"start":{"line":158,"column":0},"end":{"line":161,"column":2}},"8":{"start":{"line":189,"column":0},"end":{"line":192,"column":2}},"9":{"start":{"line":222,"column":0},"end":{"line":225,"column":2}},"10":{"start":{"line":243,"column":0},"end":{"line":246,"column":2}},"11":{"start":{"line":272,"column":0},"end":{"line":275,"column":2}},"12":{"start":{"line":322,"column":0},"end":{"line":325,"column":2}},"13":{"start":{"line":327,"column":0},"end":{"line":327,"column":24}}},"fnMap":{},"branchMap":{},"s":{"0":4,"1":4,"2":4,"3":4,"4":4,"5":4,"6":4,"7":4,"8":4,"9":4,"10":4,"11":4,"12":4,"13":4},"f":{},"b":{},"inputSourceMap":null,"_coverageSchema":"1a1c01bbd47fc00a2c39e90264f33305004495a9","hash":"329e65f52384680e037293d4ab8e98ce4387f4eb"}
,"C:\\Users\\User\\Documents\\Proyectos desarrollo\\Electiva 2 (Desarrollo de software 2)\\Product-Prowess\\scr\\infrastructure\\routes\\usersRoute.js": {"path":"C:\\Users\\User\\Documents\\Proyectos desarrollo\\Electiva 2 (Desarrollo de software 2)\\Product-Prowess\\scr\\infrastructure\\routes\\usersRoute.js","statementMap":{"0":{"start":{"line":1,"column":19},"end":{"line":1,"column":37}},"1":{"start":{"line":2,"column":15},"end":{"line":2,"column":23}},"2":{"start":{"line":4,"column":46},"end":{"line":4,"column":87}},"3":{"start":{"line":5,"column":18},"end":{"line":5,"column":46}},"4":{"start":{"line":6,"column":27},"end":{"line":6,"column":67}},"5":{"start":{"line":77,"column":0},"end":{"line":87,"column":2}},"6":{"start":{"line":128,"column":0},"end":{"line":136,"column":2}},"7":{"start":{"line":187,"column":0},"end":{"line":196,"column":2}},"8":{"start":{"line":199,"column":0},"end":{"line":199,"column":24}}},"fnMap":{},"branchMap":{},"s":{"0":4,"1":4,"2":4,"3":4,"4":4,"5":4,"6":4,"7":4,"8":4},"f":{},"b":{},"inputSourceMap":null,"_coverageSchema":"1a1c01bbd47fc00a2c39e90264f33305004495a9","hash":"b1485580c67943aa005b1768677c7ccea5c25e75"}
}
