TN:
SF:index.js
FN:38,(anonymous_0)
FN:47,(anonymous_1)
FNF:2
FNH:2
FNDA:4,(anonymous_0)
FNDA:4,(anonymous_1)
DA:1,4
DA:2,4
DA:3,4
DA:4,4
DA:5,4
DA:6,4
DA:9,4
DA:13,4
DA:14,4
DA:15,4
DA:32,4
DA:35,4
DA:38,4
DA:39,4
DA:40,0
DA:41,4
DA:42,0
DA:43,4
DA:44,4
DA:47,4
DA:48,4
DA:51,4
DA:54,4
DA:55,0
DA:60,4
DA:61,4
DA:62,4
DA:63,4
DA:64,4
DA:67,4
LF:30
LH:27
BRDA:39,0,0,0
BRDA:39,0,1,4
BRDA:41,1,0,0
BRDA:41,1,1,4
BRDA:43,2,0,4
BRDA:43,2,1,0
BRDA:54,3,0,0
BRDA:54,3,1,4
BRF:8
BRH:4
end_of_record
TN:
SF:scr\application\services\commentService.js
FN:7,(anonymous_0)
FN:23,(anonymous_1)
FNF:2
FNH:2
FNDA:4,(anonymous_0)
FNDA:4,(anonymous_1)
DA:2,4
DA:3,4
DA:4,4
DA:8,4
DA:9,4
DA:11,4
DA:12,4
DA:14,1
DA:18,3
DA:19,3
DA:20,3
DA:22,3
DA:23,4
DA:24,3
DA:25,3
DA:26,3
DA:28,1
DA:34,4
LF:18
LH:18
BRF:0
BRH:0
end_of_record
TN:
SF:scr\application\services\followService.js
FN:6,(anonymous_0)
FN:31,(anonymous_1)
FNF:2
FNH:2
FNDA:7,(anonymous_0)
FNDA:2,(anonymous_1)
DA:1,4
DA:2,4
DA:3,4
DA:7,7
DA:8,7
DA:10,7
DA:11,7
DA:16,1
DA:18,6
DA:19,1
DA:22,5
DA:23,5
DA:24,5
DA:25,5
DA:27,2
DA:32,2
DA:33,2
DA:35,2
DA:36,2
DA:41,0
DA:43,2
DA:44,1
DA:46,1
DA:48,1
DA:56,4
LF:25
LH:24
BRDA:18,0,0,1
BRDA:18,0,1,5
BRDA:43,1,0,1
BRDA:43,1,1,1
BRF:4
BRH:4
end_of_record
TN:
SF:scr\application\services\productService.js
FN:6,(anonymous_0)
FN:24,(anonymous_1)
FN:46,(anonymous_2)
FNF:3
FNH:3
FNDA:11,(anonymous_0)
FNDA:2,(anonymous_1)
FNDA:2,(anonymous_2)
DA:2,4
DA:3,4
DA:7,11
DA:8,11
DA:9,11
DA:11,11
DA:12,1
DA:15,10
DA:16,10
DA:17,10
DA:18,10
DA:20,1
DA:25,2
DA:26,2
DA:27,2
DA:28,2
DA:29,1
DA:30,1
DA:31,1
DA:33,1
DA:34,1
DA:36,1
DA:42,1
DA:47,2
DA:49,2
DA:50,2
DA:52,1
DA:55,1
DA:56,0
DA:59,1
DA:62,1
DA:69,4
LF:32
LH:31
BRDA:11,0,0,1
BRDA:11,0,1,10
BRDA:55,1,0,0
BRDA:55,1,1,1
BRF:4
BRH:3
end_of_record
TN:
SF:scr\application\services\userService.js
FN:5,(anonymous_0)
FN:18,(anonymous_1)
FN:44,(anonymous_2)
FNF:3
FNH:3
FNDA:22,(anonymous_0)
FNDA:1,(anonymous_1)
FNDA:19,(anonymous_2)
DA:1,4
DA:2,4
DA:6,22
DA:7,22
DA:8,22
DA:9,22
DA:10,22
DA:11,22
DA:12,22
DA:14,0
DA:19,1
DA:20,1
DA:22,1
DA:24,1
DA:26,1
DA:27,1
DA:29,1
DA:30,1
DA:32,1
DA:33,1
DA:36,1
DA:38,1
DA:40,0
DA:45,19
DA:46,19
DA:48,19
DA:49,1
DA:52,18
DA:54,17
DA:55,1
DA:58,16
DA:61,3
DA:67,4
LF:33
LH:31
BRDA:26,0,0,1
BRDA:26,0,1,0
BRDA:29,1,0,1
BRDA:29,1,1,0
BRDA:32,2,0,1
BRDA:32,2,1,0
BRDA:48,3,0,1
BRDA:48,3,1,18
BRDA:54,4,0,1
BRDA:54,4,1,16
BRF:10
BRH:7
end_of_record
TN:
SF:scr\domain\entities\comment.js
FN:2,(anonymous_0)
FNF:1
FNH:1
FNDA:3,(anonymous_0)
DA:3,3
DA:4,3
DA:5,3
DA:6,3
DA:7,3
DA:8,3
DA:12,4
LF:7
LH:7
BRF:0
BRH:0
end_of_record
TN:
SF:scr\domain\entities\follow.js
FN:2,(anonymous_0)
FNF:1
FNH:1
FNDA:5,(anonymous_0)
DA:3,5
DA:4,5
DA:8,4
LF:3
LH:3
BRF:0
BRH:0
end_of_record
TN:
SF:scr\domain\entities\produc.js
FN:2,(anonymous_0)
FNF:1
FNH:1
FNDA:10,(anonymous_0)
DA:3,10
DA:4,10
DA:5,10
DA:6,10
DA:7,10
DA:8,10
DA:9,10
DA:10,10
DA:14,4
LF:9
LH:9
BRF:0
BRH:0
end_of_record
TN:
SF:scr\domain\entities\user.js
FN:2,(anonymous_0)
FNF:1
FNH:1
FNDA:22,(anonymous_0)
DA:3,22
DA:4,22
DA:5,22
DA:6,22
DA:7,22
DA:8,22
DA:9,22
DA:13,4
LF:8
LH:8
BRF:0
BRH:0
end_of_record
TN:
SF:scr\infrastructure\controllers\commentsController.js
FN:10,(anonymous_0)
FN:65,(anonymous_1)
FN:73,(anonymous_2)
FN:82,(anonymous_3)
FNF:4
FNH:4
FNDA:5,(anonymous_0)
FNDA:2,(anonymous_1)
FNDA:2,(anonymous_2)
FNDA:3,(anonymous_3)
DA:1,4
DA:2,4
DA:3,4
DA:4,4
DA:5,4
DA:6,4
DA:7,4
DA:8,4
DA:10,4
DA:11,5
DA:12,5
DA:13,5
DA:15,5
DA:16,0
DA:24,5
DA:25,5
DA:26,5
DA:27,4
DA:28,4
DA:30,3
DA:37,2
DA:38,1
DA:45,1
DA:46,1
DA:53,0
DA:54,0
DA:65,4
DA:66,2
DA:67,2
DA:68,2
DA:69,2
DA:70,2
DA:73,2
DA:79,2
DA:82,4
DA:83,3
DA:84,3
DA:86,3
DA:87,0
DA:95,3
DA:96,3
DA:97,3
DA:100,2
DA:101,2
DA:103,1
DA:111,1
DA:113,1
DA:120,1
DA:130,4
LF:49
LH:45
BRDA:10,0,0,0
BRDA:15,1,0,0
BRDA:15,1,1,5
BRDA:37,2,0,1
BRDA:37,2,1,1
BRDA:45,3,0,1
BRDA:45,3,1,0
BRDA:82,4,0,0
BRDA:86,5,0,0
BRDA:86,5,1,3
BRF:10
BRH:5
end_of_record
TN:
SF:scr\infrastructure\controllers\followController.js
FN:9,(anonymous_0)
FN:71,(anonymous_1)
FN:125,(anonymous_2)
FN:143,(anonymous_3)
FN:183,(anonymous_4)
FN:202,(anonymous_5)
FNF:6
FNH:6
FNDA:8,(anonymous_0)
FNDA:3,(anonymous_1)
FNDA:3,(anonymous_2)
FNDA:1,(anonymous_3)
FNDA:3,(anonymous_4)
FNDA:1,(anonymous_5)
DA:1,4
DA:2,4
DA:3,4
DA:4,4
DA:5,4
DA:6,4
DA:9,4
DA:10,8
DA:11,8
DA:13,8
DA:14,0
DA:22,8
DA:23,8
DA:24,8
DA:26,7
DA:27,7
DA:29,5
DA:37,3
DA:38,1
DA:45,2
DA:46,1
DA:53,1
DA:54,1
DA:61,0
DA:71,4
DA:72,3
DA:73,3
DA:75,3
DA:76,0
DA:84,3
DA:85,3
DA:86,3
DA:88,2
DA:89,2
DA:91,1
DA:99,2
DA:100,1
DA:107,1
DA:108,1
DA:115,0
DA:125,4
DA:126,3
DA:127,3
DA:129,3
DA:130,0
DA:138,3
DA:139,3
DA:140,3
DA:141,2
DA:142,2
DA:143,1
DA:145,1
DA:149,1
DA:156,2
DA:157,1
DA:164,1
DA:165,1
DA:172,0
DA:183,4
DA:184,3
DA:185,3
DA:188,3
DA:189,0
DA:197,3
DA:198,3
DA:199,3
DA:200,2
DA:201,2
DA:202,1
DA:204,1
DA:208,1
DA:215,2
DA:216,1
DA:223,1
DA:224,1
DA:231,0
DA:242,4
LF:77
LH:69
BRDA:9,0,0,0
BRDA:13,1,0,0
BRDA:13,1,1,8
BRDA:37,2,0,1
BRDA:37,2,1,2
BRDA:45,3,0,1
BRDA:45,3,1,1
BRDA:53,4,0,1
BRDA:53,4,1,0
BRDA:71,5,0,0
BRDA:75,6,0,0
BRDA:75,6,1,3
BRDA:99,7,0,1
BRDA:99,7,1,1
BRDA:107,8,0,1
BRDA:107,8,1,0
BRDA:125,9,0,0
BRDA:129,10,0,0
BRDA:129,10,1,3
BRDA:156,11,0,1
BRDA:156,11,1,1
BRDA:164,12,0,1
BRDA:164,12,1,0
BRDA:183,13,0,0
BRDA:188,14,0,0
BRDA:188,14,1,3
BRDA:215,15,0,1
BRDA:215,15,1,1
BRDA:223,16,0,1
BRDA:223,16,1,0
BRF:30
BRH:18
end_of_record
TN:
SF:scr\infrastructure\controllers\productsController.js
FN:10,(anonymous_0)
FN:66,(anonymous_1)
FN:123,(anonymous_2)
FN:177,(anonymous_3)
FN:239,(anonymous_4)
FN:294,(anonymous_5)
FN:345,(anonymous_6)
FN:381,(anonymous_7)
FNF:8
FNH:8
FNDA:12,(anonymous_0)
FNDA:3,(anonymous_1)
FNDA:3,(anonymous_2)
FNDA:3,(anonymous_3)
FNDA:5,(anonymous_4)
FNDA:3,(anonymous_5)
FNDA:2,(anonymous_6)
FNDA:2,(anonymous_7)
DA:1,4
DA:2,4
DA:3,4
DA:4,4
DA:5,4
DA:6,4
DA:7,4
DA:8,4
DA:10,4
DA:11,12
DA:12,12
DA:14,12
DA:15,0
DA:23,12
DA:24,12
DA:25,12
DA:27,11
DA:28,11
DA:30,10
DA:40,2
DA:41,1
DA:48,1
DA:49,1
DA:56,0
DA:66,4
DA:67,3
DA:68,3
DA:69,3
DA:71,3
DA:72,0
DA:80,3
DA:81,3
DA:83,3
DA:85,2
DA:86,2
DA:88,1
DA:97,2
DA:98,1
DA:106,1
DA:107,1
DA:114,0
DA:123,4
DA:124,3
DA:125,3
DA:127,3
DA:128,0
DA:136,3
DA:137,3
DA:138,3
DA:139,2
DA:141,1
DA:150,2
DA:151,1
DA:158,1
DA:159,1
DA:166,0
DA:177,4
DA:178,3
DA:179,3
DA:181,3
DA:182,0
DA:190,3
DA:191,3
DA:193,3
DA:194,2
DA:195,2
DA:196,2
DA:198,1
DA:207,1
DA:208,1
DA:210,1
DA:227,1
DA:239,4
DA:240,5
DA:242,5
DA:243,5
DA:244,0
DA:252,5
DA:253,5
DA:254,5
DA:255,4
DA:256,4
DA:257,1
DA:259,3
DA:268,4
DA:269,1
DA:277,3
DA:285,1
DA:294,4
DA:295,3
DA:296,3
DA:298,3
DA:299,0
DA:307,3
DA:308,3
DA:310,3
DA:311,2
DA:312,2
DA:313,2
DA:315,1
DA:324,1
DA:333,1
DA:345,4
DA:346,2
DA:347,2
DA:349,2
DA:350,1
DA:357,1
DA:358,1
DA:359,1
DA:361,1
DA:363,1
DA:372,0
DA:381,4
DA:382,2
DA:383,2
DA:384,2
DA:385,0
DA:392,2
DA:393,2
DA:394,2
DA:395,1
DA:397,1
DA:398,1
DA:400,1
DA:401,1
DA:403,1
DA:404,0
DA:406,1
DA:407,1
DA:411,0
DA:412,0
DA:413,0
DA:414,0
DA:417,1
DA:419,1
DA:424,1
DA:425,1
DA:432,0
DA:442,4
LF:140
LH:123
BRDA:10,0,0,0
BRDA:14,1,0,0
BRDA:14,1,1,12
BRDA:40,2,0,1
BRDA:40,2,1,1
BRDA:48,3,0,1
BRDA:48,3,1,0
BRDA:66,4,0,0
BRDA:71,5,0,0
BRDA:71,5,1,3
BRDA:97,6,0,1
BRDA:97,6,1,1
BRDA:106,7,0,1
BRDA:106,7,1,0
BRDA:123,8,0,0
BRDA:127,9,0,0
BRDA:127,9,1,3
BRDA:150,10,0,1
BRDA:150,10,1,1
BRDA:158,11,0,1
BRDA:158,11,1,0
BRDA:177,12,0,0
BRDA:181,13,0,0
BRDA:181,13,1,3
BRDA:239,14,0,0
BRDA:243,15,0,0
BRDA:243,15,1,5
BRDA:256,16,0,1
BRDA:256,16,1,3
BRDA:268,17,0,1
BRDA:268,17,1,3
BRDA:268,18,0,4
BRDA:268,18,1,4
BRDA:294,19,0,0
BRDA:298,20,0,0
BRDA:298,20,1,3
BRDA:345,21,0,0
BRDA:349,22,0,1
BRDA:349,22,1,1
BRDA:381,23,0,0
BRDA:384,24,0,0
BRDA:384,24,1,2
BRDA:397,25,0,1
BRDA:397,25,1,0
BRDA:400,26,0,1
BRDA:400,26,1,0
BRDA:403,27,0,0
BRDA:403,27,1,1
BRDA:406,28,0,1
BRDA:406,28,1,0
BRDA:406,29,0,1
BRDA:406,29,1,1
BRDA:411,30,0,0
BRDA:411,30,1,0
BRDA:413,31,0,0
BRDA:413,31,1,0
BRDA:424,32,0,1
BRDA:424,32,1,0
BRF:58
BRH:31
end_of_record
TN:
SF:scr\infrastructure\controllers\tokenController.js
FN:5,(anonymous_0)
FN:10,(anonymous_1)
FN:11,(anonymous_2)
FN:12,(anonymous_3)
FNF:4
FNH:4
FNDA:16,(anonymous_0)
FNDA:60,(anonymous_1)
FNDA:60,(anonymous_2)
FNDA:60,(anonymous_3)
DA:1,4
DA:2,4
DA:3,4
DA:5,4
DA:6,16
DA:7,16
DA:10,4
DA:11,60
DA:12,60
DA:13,60
DA:14,14
DA:16,60
DA:21,4
LF:13
LH:13
BRDA:13,0,0,14
BRDA:13,0,1,46
BRF:2
BRH:2
end_of_record
TN:
SF:scr\infrastructure\controllers\usersController.js
FN:7,(anonymous_0)
FN:48,(anonymous_1)
FN:102,(anonymous_2)
FNF:3
FNH:3
FNDA:27,(anonymous_0)
FNDA:4,(anonymous_1)
FNDA:19,(anonymous_2)
DA:1,4
DA:2,4
DA:3,4
DA:4,4
DA:5,4
DA:7,4
DA:8,27
DA:10,27
DA:11,27
DA:13,27
DA:14,5
DA:22,22
DA:23,22
DA:24,0
DA:27,22
DA:28,22
DA:30,22
DA:39,0
DA:48,4
DA:49,4
DA:50,4
DA:51,4
DA:53,4
DA:54,1
DA:62,3
DA:63,3
DA:65,3
DA:67,2
DA:68,1
DA:76,1
DA:77,1
DA:79,1
DA:84,1
DA:85,1
DA:92,0
DA:102,4
DA:103,19
DA:105,19
DA:106,19
DA:108,16
DA:110,16
DA:118,3
DA:119,1
DA:127,2
DA:128,1
DA:136,1
DA:146,4
LF:47
LH:44
BRDA:7,0,0,0
BRDA:13,1,0,5
BRDA:13,1,1,22
BRDA:23,2,0,0
BRDA:23,2,1,22
BRDA:48,3,0,0
BRDA:53,4,0,1
BRDA:53,4,1,3
BRDA:67,5,0,1
BRDA:67,5,1,1
BRDA:84,6,0,1
BRDA:84,6,1,0
BRDA:102,7,0,0
BRDA:118,8,0,1
BRDA:118,8,1,2
BRDA:127,9,0,1
BRDA:127,9,1,1
BRF:17
BRH:12
end_of_record
TN:
SF:scr\infrastructure\middlewares\validateFields.js
FN:4,(anonymous_0)
FNF:1
FNH:1
FNDA:88,(anonymous_0)
DA:1,4
DA:2,4
DA:4,4
DA:5,88
DA:7,88
DA:8,7
DA:14,81
DA:17,4
LF:8
LH:8
BRDA:4,0,0,0
BRDA:7,1,0,7
BRDA:7,1,1,81
BRF:3
BRH:2
end_of_record
TN:
SF:scr\infrastructure\models\commentsModel.js
FNF:0
FNH:0
DA:1,4
DA:3,4
DA:35,4
LF:3
LH:3
BRF:0
BRH:0
end_of_record
TN:
SF:scr\infrastructure\models\followsModel.js
FNF:0
FNH:0
DA:1,4
DA:3,4
DA:16,4
LF:3
LH:3
BRF:0
BRH:0
end_of_record
TN:
SF:scr\infrastructure\models\productsModel.js
FNF:0
FNH:0
DA:1,4
DA:3,4
DA:46,4
LF:3
LH:3
BRF:0
BRH:0
end_of_record
TN:
SF:scr\infrastructure\models\usersModel.js
FN:40,(anonymous_0)
FN:45,(anonymous_1)
FNF:2
FNH:2
FNDA:22,(anonymous_0)
FNDA:18,(anonymous_1)
DA:1,4
DA:2,4
DA:4,4
DA:40,4
DA:41,22
DA:42,22
DA:45,4
DA:46,18
DA:49,4
LF:9
LH:9
BRF:0
BRH:0
end_of_record
TN:
SF:scr\infrastructure\routes\commentsRoute.js
FNF:0
FNH:0
DA:1,4
DA:2,4
DA:4,4
DA:5,4
DA:6,4
DA:64,4
DA:99,4
DA:104,4
LF:8
LH:8
BRF:0
BRH:0
end_of_record
TN:
SF:scr\infrastructure\routes\followRoute.js
FNF:0
FNH:0
DA:1,4
DA:2,4
DA:4,4
DA:5,4
DA:6,4
DA:53,4
DA:90,4
DA:124,4
DA:153,4
DA:159,4
LF:10
LH:10
BRF:0
BRH:0
end_of_record
TN:
SF:scr\infrastructure\routes\productsRoute.js
FNF:0
FNH:0
DA:1,4
DA:2,4
DA:5,4
DA:6,4
DA:7,4
DA:72,4
DA:120,4
DA:158,4
DA:189,4
DA:222,4
DA:243,4
DA:272,4
DA:322,4
DA:327,4
LF:14
LH:14
BRF:0
BRH:0
end_of_record
TN:
SF:scr\infrastructure\routes\usersRoute.js
FNF:0
FNH:0
DA:1,4
DA:2,4
DA:4,4
DA:5,4
DA:6,4
DA:77,4
DA:128,4
DA:187,4
DA:199,4
LF:9
LH:9
BRF:0
BRH:0
end_of_record
