{"C:\\Users\\jblan\\Documents\\Proyectos desarrollo\\Electiva 2 (Desarrollo de software 2)\\Product-Prowess_Dividido\\Product-Prowess-Backend\\index.js": {"path":"C:\\Users\\jblan\\Documents\\Proyectos desarrollo\\Electiva 2 (Desarrollo de software 2)\\Product-Prowess_Dividido\\Product-Prowess-Backend\\index.js","statementMap":{"0":{"start":{"line":1,"column":16},"end":{"line":1,"column":34}},"1":{"start":{"line":2,"column":21},"end":{"line":2,"column":68}},"2":{"start":{"line":3,"column":25},"end":{"line":3,"column":75}},"3":{"start":{"line":4,"column":26},"end":{"line":4,"column":77}},"4":{"start":{"line":5,"column":0},"end":{"line":5,"column":27}},"5":{"start":{"line":6,"column":13},"end":{"line":6,"column":28}},"6":{"start":{"line":9,"column":31},"end":{"line":9,"column":42}},"7":{"start":{"line":13,"column":18},"end":{"line":13,"column":47}},"8":{"start":{"line":14,"column":21},"end":{"line":14,"column":45}},"9":{"start":{"line":15,"column":20},"end":{"line":29,"column":1}},"10":{"start":{"line":32,"column":12},"end":{"line":32,"column":21}},"11":{"start":{"line":35,"column":0},"end":{"line":35,"column":24}},"12":{"start":{"line":38,"column":20},"end":{"line":52,"column":1}},"13":{"start":{"line":39,"column":2},"end":{"line":45,"column":3}},"14":{"start":{"line":40,"column":4},"end":{"line":40,"column":19}},"15":{"start":{"line":41,"column":9},"end":{"line":45,"column":3}},"16":{"start":{"line":42,"column":4},"end":{"line":42,"column":23}},"17":{"start":{"line":43,"column":9},"end":{"line":45,"column":3}},"18":{"start":{"line":44,"column":4},"end":{"line":44,"column":24}},"19":{"start":{"line":47,"column":17},"end":{"line":49,"column":4}},"20":{"start":{"line":48,"column":4},"end":{"line":48,"column":61}},"21":{"start":{"line":51,"column":2},"end":{"line":51,"column":16}},"22":{"start":{"line":54,"column":0},"end":{"line":56,"column":1}},"23":{"start":{"line":55,"column":2},"end":{"line":55,"column":16}},"24":{"start":{"line":60,"column":0},"end":{"line":65,"column":3}},"25":{"start":{"line":61,"column":2},"end":{"line":61,"column":52}},"26":{"start":{"line":62,"column":2},"end":{"line":62,"column":70}},"27":{"start":{"line":63,"column":2},"end":{"line":63,"column":78}},"28":{"start":{"line":64,"column":2},"end":{"line":64,"column":9}},"29":{"start":{"line":69,"column":0},"end":{"line":69,"column":71}},"30":{"start":{"line":70,"column":0},"end":{"line":70,"column":79}},"31":{"start":{"line":71,"column":0},"end":{"line":71,"column":73}},"32":{"start":{"line":72,"column":0},"end":{"line":72,"column":73}},"33":{"start":{"line":73,"column":0},"end":{"line":73,"column":71}},"34":{"start":{"line":74,"column":0},"end":{"line":74,"column":81}},"35":{"start":{"line":77,"column":0},"end":{"line":77,"column":38}}},"fnMap":{"0":{"name":"(anonymous_0)","decl":{"start":{"line":38,"column":20},"end":{"line":38,"column":21}},"loc":{"start":{"line":38,"column":26},"end":{"line":52,"column":1}},"line":38},"1":{"name":"(anonymous_1)","decl":{"start":{"line":47,"column":38},"end":{"line":47,"column":39}},"loc":{"start":{"line":47,"column":44},"end":{"line":49,"column":3}},"line":47},"2":{"name":"(anonymous_2)","decl":{"start":{"line":60,"column":8},"end":{"line":60,"column":9}},"loc":{"start":{"line":60,"column":26},"end":{"line":65,"column":1}},"line":60}},"branchMap":{"0":{"loc":{"start":{"line":39,"column":2},"end":{"line":45,"column":3}},"type":"if","locations":[{"start":{"line":39,"column":2},"end":{"line":45,"column":3}},{"start":{"line":41,"column":9},"end":{"line":45,"column":3}}],"line":39},"1":{"loc":{"start":{"line":41,"column":9},"end":{"line":45,"column":3}},"type":"if","locations":[{"start":{"line":41,"column":9},"end":{"line":45,"column":3}},{"start":{"line":43,"column":9},"end":{"line":45,"column":3}}],"line":41},"2":{"loc":{"start":{"line":43,"column":9},"end":{"line":45,"column":3}},"type":"if","locations":[{"start":{"line":43,"column":9},"end":{"line":45,"column":3}},{"start":{},"end":{}}],"line":43},"3":{"loc":{"start":{"line":54,"column":0},"end":{"line":56,"column":1}},"type":"if","locations":[{"start":{"line":54,"column":0},"end":{"line":56,"column":1}},{"start":{},"end":{}}],"line":54}},"s":{"0":4,"1":4,"2":4,"3":4,"4":4,"5":4,"6":4,"7":4,"8":4,"9":4,"10":4,"11":4,"12":4,"13":4,"14":0,"15":4,"16":0,"17":4,"18":4,"19":4,"20":4,"21":4,"22":4,"23":0,"24":4,"25":116,"26":116,"27":116,"28":116,"29":4,"30":4,"31":4,"32":4,"33":4,"34":4,"35":4},"f":{"0":4,"1":4,"2":116},"b":{"0":[0,4],"1":[0,4],"2":[4,0],"3":[0,4]},"inputSourceMap":null,"_coverageSchema":"1a1c01bbd47fc00a2c39e90264f33305004495a9","hash":"e6ace237810a4be29e868efaf2621eb62a7ff4b2"}
,"C:\\Users\\jblan\\Documents\\Proyectos desarrollo\\Electiva 2 (Desarrollo de software 2)\\Product-Prowess_Dividido\\Product-Prowess-Backend\\scr\\application\\services\\commentService.js": {"path":"C:\\Users\\jblan\\Documents\\Proyectos desarrollo\\Electiva 2 (Desarrollo de software 2)\\Product-Prowess_Dividido\\Product-Prowess-Backend\\scr\\application\\services\\commentService.js","statementMap":{"0":{"start":{"line":2,"column":21},"end":{"line":2,"column":73}},"1":{"start":{"line":3,"column":16},"end":{"line":3,"column":56}},"2":{"start":{"line":4,"column":22},"end":{"line":4,"column":74}},"3":{"start":{"line":8,"column":8},"end":{"line":29,"column":9}},"4":{"start":{"line":9,"column":37},"end":{"line":9,"column":48}},"5":{"start":{"line":11,"column":12},"end":{"line":15,"column":13}},"6":{"start":{"line":12,"column":16},"end":{"line":12,"column":74}},"7":{"start":{"line":14,"column":16},"end":{"line":14,"column":81}},"8":{"start":{"line":18,"column":28},"end":{"line":18,"column":73}},"9":{"start":{"line":19,"column":31},"end":{"line":19,"column":65}},"10":{"start":{"line":20,"column":12},"end":{"line":20,"column":36}},"11":{"start":{"line":22,"column":29},"end":{"line":22,"column":67}},"12":{"start":{"line":23,"column":31},"end":{"line":23,"column":81}},"13":{"start":{"line":23,"column":62},"end":{"line":23,"column":77}},"14":{"start":{"line":24,"column":32},"end":{"line":24,"column":60}},"15":{"start":{"line":25,"column":12},"end":{"line":25,"column":54}},"16":{"start":{"line":26,"column":12},"end":{"line":26,"column":41}},"17":{"start":{"line":28,"column":12},"end":{"line":28,"column":35}},"18":{"start":{"line":34,"column":0},"end":{"line":34,"column":39}}},"fnMap":{"0":{"name":"(anonymous_0)","decl":{"start":{"line":7,"column":4},"end":{"line":7,"column":5}},"loc":{"start":{"line":7,"column":56},"end":{"line":30,"column":5}},"line":7},"1":{"name":"(anonymous_1)","decl":{"start":{"line":23,"column":47},"end":{"line":23,"column":48}},"loc":{"start":{"line":23,"column":62},"end":{"line":23,"column":77}},"line":23}},"branchMap":{},"s":{"0":4,"1":4,"2":4,"3":4,"4":4,"5":4,"6":4,"7":1,"8":3,"9":3,"10":3,"11":3,"12":3,"13":4,"14":3,"15":3,"16":3,"17":1,"18":4},"f":{"0":4,"1":4},"b":{},"inputSourceMap":null,"_coverageSchema":"1a1c01bbd47fc00a2c39e90264f33305004495a9","hash":"b34d2cdc3c94edd115a60969b18524bc50c3a745"}
,"C:\\Users\\jblan\\Documents\\Proyectos desarrollo\\Electiva 2 (Desarrollo de software 2)\\Product-Prowess_Dividido\\Product-Prowess-Backend\\scr\\application\\services\\followService.js": {"path":"C:\\Users\\jblan\\Documents\\Proyectos desarrollo\\Electiva 2 (Desarrollo de software 2)\\Product-Prowess_Dividido\\Product-Prowess-Backend\\scr\\application\\services\\followService.js","statementMap":{"0":{"start":{"line":1,"column":20},"end":{"line":1,"column":71}},"1":{"start":{"line":2,"column":15},"end":{"line":2,"column":54}},"2":{"start":{"line":3,"column":20},"end":{"line":3,"column":39}},"3":{"start":{"line":7,"column":8},"end":{"line":28,"column":9}},"4":{"start":{"line":8,"column":37},"end":{"line":8,"column":47}},"5":{"start":{"line":10,"column":12},"end":{"line":17,"column":13}},"6":{"start":{"line":11,"column":16},"end":{"line":14,"column":18}},"7":{"start":{"line":16,"column":16},"end":{"line":16,"column":83}},"8":{"start":{"line":18,"column":12},"end":{"line":20,"column":13}},"9":{"start":{"line":19,"column":16},"end":{"line":19,"column":71}},"10":{"start":{"line":22,"column":27},"end":{"line":22,"column":61}},"11":{"start":{"line":23,"column":30},"end":{"line":23,"column":62}},"12":{"start":{"line":24,"column":12},"end":{"line":24,"column":35}},"13":{"start":{"line":25,"column":12},"end":{"line":25,"column":29}},"14":{"start":{"line":27,"column":12},"end":{"line":27,"column":35}},"15":{"start":{"line":32,"column":8},"end":{"line":49,"column":9}},"16":{"start":{"line":33,"column":37},"end":{"line":33,"column":47}},"17":{"start":{"line":35,"column":12},"end":{"line":42,"column":13}},"18":{"start":{"line":36,"column":16},"end":{"line":39,"column":21}},"19":{"start":{"line":41,"column":16},"end":{"line":41,"column":78}},"20":{"start":{"line":43,"column":12},"end":{"line":45,"column":13}},"21":{"start":{"line":44,"column":16},"end":{"line":44,"column":78}},"22":{"start":{"line":46,"column":12},"end":{"line":46,"column":27}},"23":{"start":{"line":48,"column":12},"end":{"line":48,"column":35}},"24":{"start":{"line":56,"column":0},"end":{"line":56,"column":37}}},"fnMap":{"0":{"name":"(anonymous_0)","decl":{"start":{"line":6,"column":4},"end":{"line":6,"column":5}},"loc":{"start":{"line":6,"column":43},"end":{"line":29,"column":5}},"line":6},"1":{"name":"(anonymous_1)","decl":{"start":{"line":31,"column":4},"end":{"line":31,"column":5}},"loc":{"start":{"line":31,"column":43},"end":{"line":50,"column":5}},"line":31}},"branchMap":{"0":{"loc":{"start":{"line":18,"column":12},"end":{"line":20,"column":13}},"type":"if","locations":[{"start":{"line":18,"column":12},"end":{"line":20,"column":13}},{"start":{},"end":{}}],"line":18},"1":{"loc":{"start":{"line":43,"column":12},"end":{"line":45,"column":13}},"type":"if","locations":[{"start":{"line":43,"column":12},"end":{"line":45,"column":13}},{"start":{},"end":{}}],"line":43}},"s":{"0":4,"1":4,"2":4,"3":7,"4":7,"5":7,"6":7,"7":1,"8":6,"9":1,"10":5,"11":5,"12":5,"13":5,"14":2,"15":2,"16":2,"17":2,"18":2,"19":0,"20":2,"21":1,"22":1,"23":1,"24":4},"f":{"0":7,"1":2},"b":{"0":[1,5],"1":[1,1]},"inputSourceMap":null,"_coverageSchema":"1a1c01bbd47fc00a2c39e90264f33305004495a9","hash":"37cd17c2cfaec5f2ab6bf734ee3fc9785c5b9e6d"}
,"C:\\Users\\jblan\\Documents\\Proyectos desarrollo\\Electiva 2 (Desarrollo de software 2)\\Product-Prowess_Dividido\\Product-Prowess-Backend\\scr\\application\\services\\productService.js": {"path":"C:\\Users\\jblan\\Documents\\Proyectos desarrollo\\Electiva 2 (Desarrollo de software 2)\\Product-Prowess_Dividido\\Product-Prowess-Backend\\scr\\application\\services\\productService.js","statementMap":{"0":{"start":{"line":2,"column":22},"end":{"line":2,"column":74}},"1":{"start":{"line":3,"column":16},"end":{"line":3,"column":55}},"2":{"start":{"line":7,"column":8},"end":{"line":21,"column":9}},"3":{"start":{"line":8,"column":77},"end":{"line":8,"column":88}},"4":{"start":{"line":9,"column":36},"end":{"line":9,"column":88}},"5":{"start":{"line":11,"column":12},"end":{"line":13,"column":13}},"6":{"start":{"line":12,"column":16},"end":{"line":12,"column":58}},"7":{"start":{"line":15,"column":28},"end":{"line":15,"column":101}},"8":{"start":{"line":16,"column":31},"end":{"line":16,"column":66}},"9":{"start":{"line":17,"column":12},"end":{"line":17,"column":36}},"10":{"start":{"line":18,"column":12},"end":{"line":18,"column":30}},"11":{"start":{"line":20,"column":12},"end":{"line":20,"column":35}},"12":{"start":{"line":25,"column":8},"end":{"line":43,"column":9}},"13":{"start":{"line":26,"column":49},"end":{"line":26,"column":60}},"14":{"start":{"line":27,"column":12},"end":{"line":37,"column":13}},"15":{"start":{"line":28,"column":32},"end":{"line":28,"column":95}},"16":{"start":{"line":29,"column":16},"end":{"line":29,"column":47}},"17":{"start":{"line":30,"column":16},"end":{"line":30,"column":50}},"18":{"start":{"line":31,"column":16},"end":{"line":31,"column":50}},"19":{"start":{"line":33,"column":16},"end":{"line":33,"column":37}},"20":{"start":{"line":34,"column":16},"end":{"line":34,"column":31}},"21":{"start":{"line":36,"column":16},"end":{"line":36,"column":94}},"22":{"start":{"line":42,"column":12},"end":{"line":42,"column":35}},"23":{"start":{"line":47,"column":8},"end":{"line":63,"column":9}},"24":{"start":{"line":49,"column":12},"end":{"line":53,"column":13}},"25":{"start":{"line":50,"column":16},"end":{"line":50,"column":86}},"26":{"start":{"line":52,"column":16},"end":{"line":52,"column":93}},"27":{"start":{"line":55,"column":12},"end":{"line":57,"column":13}},"28":{"start":{"line":56,"column":16},"end":{"line":56,"column":93}},"29":{"start":{"line":59,"column":12},"end":{"line":59,"column":62}},"30":{"start":{"line":62,"column":12},"end":{"line":62,"column":35}},"31":{"start":{"line":69,"column":0},"end":{"line":69,"column":39}}},"fnMap":{"0":{"name":"(anonymous_0)","decl":{"start":{"line":6,"column":4},"end":{"line":6,"column":5}},"loc":{"start":{"line":6,"column":45},"end":{"line":22,"column":5}},"line":6},"1":{"name":"(anonymous_1)","decl":{"start":{"line":24,"column":4},"end":{"line":24,"column":5}},"loc":{"start":{"line":24,"column":56},"end":{"line":44,"column":5}},"line":24},"2":{"name":"(anonymous_2)","decl":{"start":{"line":46,"column":4},"end":{"line":46,"column":5}},"loc":{"start":{"line":46,"column":39},"end":{"line":64,"column":5}},"line":46}},"branchMap":{"0":{"loc":{"start":{"line":11,"column":12},"end":{"line":13,"column":13}},"type":"if","locations":[{"start":{"line":11,"column":12},"end":{"line":13,"column":13}},{"start":{},"end":{}}],"line":11},"1":{"loc":{"start":{"line":55,"column":12},"end":{"line":57,"column":13}},"type":"if","locations":[{"start":{"line":55,"column":12},"end":{"line":57,"column":13}},{"start":{},"end":{}}],"line":55}},"s":{"0":4,"1":4,"2":11,"3":11,"4":11,"5":11,"6":1,"7":10,"8":10,"9":10,"10":10,"11":1,"12":2,"13":2,"14":2,"15":2,"16":1,"17":1,"18":1,"19":1,"20":1,"21":1,"22":1,"23":2,"24":2,"25":2,"26":1,"27":1,"28":0,"29":1,"30":1,"31":4},"f":{"0":11,"1":2,"2":2},"b":{"0":[1,10],"1":[0,1]},"inputSourceMap":null,"_coverageSchema":"1a1c01bbd47fc00a2c39e90264f33305004495a9","hash":"3c83b68ea6c122c3113fe2e3b4df81ed0fa07593"}
,"C:\\Users\\jblan\\Documents\\Proyectos desarrollo\\Electiva 2 (Desarrollo de software 2)\\Product-Prowess_Dividido\\Product-Prowess-Backend\\scr\\application\\services\\userService.js": {"path":"C:\\Users\\jblan\\Documents\\Proyectos desarrollo\\Electiva 2 (Desarrollo de software 2)\\Product-Prowess_Dividido\\Product-Prowess-Backend\\scr\\application\\services\\userService.js","statementMap":{"0":{"start":{"line":1,"column":14},"end":{"line":1,"column":51}},"1":{"start":{"line":2,"column":18},"end":{"line":2,"column":67}},"2":{"start":{"line":6,"column":8},"end":{"line":15,"column":9}},"3":{"start":{"line":7,"column":66},"end":{"line":7,"column":74}},"4":{"start":{"line":8,"column":25},"end":{"line":8,"column":77}},"5":{"start":{"line":9,"column":28},"end":{"line":9,"column":56}},"6":{"start":{"line":10,"column":12},"end":{"line":10,"column":79}},"7":{"start":{"line":11,"column":12},"end":{"line":11,"column":33}},"8":{"start":{"line":12,"column":12},"end":{"line":12,"column":27}},"9":{"start":{"line":14,"column":12},"end":{"line":14,"column":35}},"10":{"start":{"line":19,"column":8},"end":{"line":41,"column":9}},"11":{"start":{"line":20,"column":46},"end":{"line":20,"column":54}},"12":{"start":{"line":22,"column":25},"end":{"line":22,"column":57}},"13":{"start":{"line":24,"column":12},"end":{"line":24,"column":40}},"14":{"start":{"line":26,"column":12},"end":{"line":28,"column":13}},"15":{"start":{"line":27,"column":16},"end":{"line":27,"column":41}},"16":{"start":{"line":29,"column":12},"end":{"line":31,"column":13}},"17":{"start":{"line":30,"column":16},"end":{"line":30,"column":31}},"18":{"start":{"line":32,"column":12},"end":{"line":34,"column":13}},"19":{"start":{"line":33,"column":16},"end":{"line":33,"column":37}},"20":{"start":{"line":36,"column":12},"end":{"line":36,"column":30}},"21":{"start":{"line":38,"column":12},"end":{"line":38,"column":24}},"22":{"start":{"line":40,"column":12},"end":{"line":40,"column":35}},"23":{"start":{"line":45,"column":8},"end":{"line":66,"column":9}},"24":{"start":{"line":46,"column":25},"end":{"line":46,"column":59}},"25":{"start":{"line":48,"column":12},"end":{"line":50,"column":13}},"26":{"start":{"line":49,"column":16},"end":{"line":49,"column":58}},"27":{"start":{"line":52,"column":34},"end":{"line":52,"column":85}},"28":{"start":{"line":54,"column":12},"end":{"line":56,"column":13}},"29":{"start":{"line":55,"column":16},"end":{"line":55,"column":53}},"30":{"start":{"line":58,"column":12},"end":{"line":62,"column":13}},"31":{"start":{"line":65,"column":12},"end":{"line":65,"column":35}},"32":{"start":{"line":71,"column":0},"end":{"line":71,"column":35}}},"fnMap":{"0":{"name":"(anonymous_0)","decl":{"start":{"line":5,"column":4},"end":{"line":5,"column":5}},"loc":{"start":{"line":5,"column":32},"end":{"line":16,"column":5}},"line":5},"1":{"name":"(anonymous_1)","decl":{"start":{"line":18,"column":4},"end":{"line":18,"column":5}},"loc":{"start":{"line":18,"column":40},"end":{"line":42,"column":5}},"line":18},"2":{"name":"(anonymous_2)","decl":{"start":{"line":44,"column":4},"end":{"line":44,"column":5}},"loc":{"start":{"line":44,"column":38},"end":{"line":67,"column":5}},"line":44}},"branchMap":{"0":{"loc":{"start":{"line":26,"column":12},"end":{"line":28,"column":13}},"type":"if","locations":[{"start":{"line":26,"column":12},"end":{"line":28,"column":13}},{"start":{},"end":{}}],"line":26},"1":{"loc":{"start":{"line":29,"column":12},"end":{"line":31,"column":13}},"type":"if","locations":[{"start":{"line":29,"column":12},"end":{"line":31,"column":13}},{"start":{},"end":{}}],"line":29},"2":{"loc":{"start":{"line":32,"column":12},"end":{"line":34,"column":13}},"type":"if","locations":[{"start":{"line":32,"column":12},"end":{"line":34,"column":13}},{"start":{},"end":{}}],"line":32},"3":{"loc":{"start":{"line":48,"column":12},"end":{"line":50,"column":13}},"type":"if","locations":[{"start":{"line":48,"column":12},"end":{"line":50,"column":13}},{"start":{},"end":{}}],"line":48},"4":{"loc":{"start":{"line":54,"column":12},"end":{"line":56,"column":13}},"type":"if","locations":[{"start":{"line":54,"column":12},"end":{"line":56,"column":13}},{"start":{},"end":{}}],"line":54}},"s":{"0":4,"1":4,"2":22,"3":22,"4":22,"5":22,"6":22,"7":22,"8":22,"9":0,"10":1,"11":1,"12":1,"13":1,"14":1,"15":1,"16":1,"17":1,"18":1,"19":1,"20":1,"21":1,"22":0,"23":18,"24":18,"25":18,"26":0,"27":18,"28":17,"29":1,"30":16,"31":2,"32":4},"f":{"0":22,"1":1,"2":18},"b":{"0":[1,0],"1":[1,0],"2":[1,0],"3":[0,18],"4":[1,16]},"inputSourceMap":null,"_coverageSchema":"1a1c01bbd47fc00a2c39e90264f33305004495a9","hash":"b092ac84deeddd029d0e2d2953205fda98afaabb"}
,"C:\\Users\\jblan\\Documents\\Proyectos desarrollo\\Electiva 2 (Desarrollo de software 2)\\Product-Prowess_Dividido\\Product-Prowess-Backend\\scr\\domain\\entities\\comment.js": {"path":"C:\\Users\\jblan\\Documents\\Proyectos desarrollo\\Electiva 2 (Desarrollo de software 2)\\Product-Prowess_Dividido\\Product-Prowess-Backend\\scr\\domain\\entities\\comment.js","statementMap":{"0":{"start":{"line":3,"column":8},"end":{"line":3,"column":35}},"1":{"start":{"line":4,"column":8},"end":{"line":4,"column":29}},"2":{"start":{"line":5,"column":8},"end":{"line":5,"column":31}},"3":{"start":{"line":6,"column":8},"end":{"line":6,"column":25}},"4":{"start":{"line":7,"column":8},"end":{"line":7,"column":36}},"5":{"start":{"line":8,"column":8},"end":{"line":8,"column":36}},"6":{"start":{"line":12,"column":0},"end":{"line":12,"column":25}}},"fnMap":{"0":{"name":"(anonymous_0)","decl":{"start":{"line":2,"column":4},"end":{"line":2,"column":5}},"loc":{"start":{"line":2,"column":50},"end":{"line":9,"column":5}},"line":2}},"branchMap":{},"s":{"0":3,"1":3,"2":3,"3":3,"4":3,"5":3,"6":4},"f":{"0":3},"b":{},"inputSourceMap":null,"_coverageSchema":"1a1c01bbd47fc00a2c39e90264f33305004495a9","hash":"5b3066a9afa756b1298ed70ab146d27ab60eb3e3"}
,"C:\\Users\\jblan\\Documents\\Proyectos desarrollo\\Electiva 2 (Desarrollo de software 2)\\Product-Prowess_Dividido\\Product-Prowess-Backend\\scr\\domain\\entities\\follow.js": {"path":"C:\\Users\\jblan\\Documents\\Proyectos desarrollo\\Electiva 2 (Desarrollo de software 2)\\Product-Prowess_Dividido\\Product-Prowess-Backend\\scr\\domain\\entities\\follow.js","statementMap":{"0":{"start":{"line":3,"column":8},"end":{"line":3,"column":29}},"1":{"start":{"line":4,"column":8},"end":{"line":4,"column":45}},"2":{"start":{"line":8,"column":0},"end":{"line":8,"column":24}}},"fnMap":{"0":{"name":"(anonymous_0)","decl":{"start":{"line":2,"column":4},"end":{"line":2,"column":5}},"loc":{"start":{"line":2,"column":40},"end":{"line":5,"column":5}},"line":2}},"branchMap":{},"s":{"0":5,"1":5,"2":4},"f":{"0":5},"b":{},"inputSourceMap":null,"_coverageSchema":"1a1c01bbd47fc00a2c39e90264f33305004495a9","hash":"d3201a92aee31d1d9274942e9cbb42e4c0a64fcf"}
,"C:\\Users\\jblan\\Documents\\Proyectos desarrollo\\Electiva 2 (Desarrollo de software 2)\\Product-Prowess_Dividido\\Product-Prowess-Backend\\scr\\domain\\entities\\produc.js": {"path":"C:\\Users\\jblan\\Documents\\Proyectos desarrollo\\Electiva 2 (Desarrollo de software 2)\\Product-Prowess_Dividido\\Product-Prowess-Backend\\scr\\domain\\entities\\produc.js","statementMap":{"0":{"start":{"line":3,"column":8},"end":{"line":3,"column":39}},"1":{"start":{"line":4,"column":8},"end":{"line":4,"column":39}},"2":{"start":{"line":5,"column":8},"end":{"line":5,"column":23}},"3":{"start":{"line":6,"column":8},"end":{"line":6,"column":25}},"4":{"start":{"line":7,"column":8},"end":{"line":7,"column":33}},"5":{"start":{"line":8,"column":8},"end":{"line":8,"column":27}},"6":{"start":{"line":9,"column":8},"end":{"line":9,"column":29}},"7":{"start":{"line":10,"column":8},"end":{"line":10,"column":29}},"8":{"start":{"line":11,"column":8},"end":{"line":11,"column":36}},"9":{"start":{"line":12,"column":8},"end":{"line":12,"column":36}},"10":{"start":{"line":16,"column":0},"end":{"line":16,"column":25}}},"fnMap":{"0":{"name":"(anonymous_0)","decl":{"start":{"line":2,"column":4},"end":{"line":2,"column":5}},"loc":{"start":{"line":2,"column":78},"end":{"line":13,"column":5}},"line":2}},"branchMap":{},"s":{"0":10,"1":10,"2":10,"3":10,"4":10,"5":10,"6":10,"7":10,"8":10,"9":10,"10":4},"f":{"0":10},"b":{},"inputSourceMap":null,"_coverageSchema":"1a1c01bbd47fc00a2c39e90264f33305004495a9","hash":"b36da3aa008c8e01597942b29f63a39d7c28ffd5"}
,"C:\\Users\\jblan\\Documents\\Proyectos desarrollo\\Electiva 2 (Desarrollo de software 2)\\Product-Prowess_Dividido\\Product-Prowess-Backend\\scr\\domain\\entities\\user.js": {"path":"C:\\Users\\jblan\\Documents\\Proyectos desarrollo\\Electiva 2 (Desarrollo de software 2)\\Product-Prowess_Dividido\\Product-Prowess-Backend\\scr\\domain\\entities\\user.js","statementMap":{"0":{"start":{"line":3,"column":8},"end":{"line":3,"column":33}},"1":{"start":{"line":4,"column":8},"end":{"line":4,"column":27}},"2":{"start":{"line":5,"column":8},"end":{"line":5,"column":33}},"3":{"start":{"line":6,"column":8},"end":{"line":6,"column":23}},"4":{"start":{"line":7,"column":8},"end":{"line":7,"column":29}},"5":{"start":{"line":8,"column":8},"end":{"line":8,"column":36}},"6":{"start":{"line":9,"column":8},"end":{"line":9,"column":36}},"7":{"start":{"line":13,"column":0},"end":{"line":13,"column":22}}},"fnMap":{"0":{"name":"(anonymous_0)","decl":{"start":{"line":2,"column":4},"end":{"line":2,"column":5}},"loc":{"start":{"line":2,"column":56},"end":{"line":10,"column":5}},"line":2}},"branchMap":{},"s":{"0":22,"1":22,"2":22,"3":22,"4":22,"5":22,"6":22,"7":4},"f":{"0":22},"b":{},"inputSourceMap":null,"_coverageSchema":"1a1c01bbd47fc00a2c39e90264f33305004495a9","hash":"b72cf3b544301317d66e0e853d60225311faa37b"}
,"C:\\Users\\jblan\\Documents\\Proyectos desarrollo\\Electiva 2 (Desarrollo de software 2)\\Product-Prowess_Dividido\\Product-Prowess-Backend\\scr\\infrastructure\\controllers\\commentsController.js": {"path":"C:\\Users\\jblan\\Documents\\Proyectos desarrollo\\Electiva 2 (Desarrollo de software 2)\\Product-Prowess_Dividido\\Product-Prowess-Backend\\scr\\infrastructure\\controllers\\commentsController.js","statementMap":{"0":{"start":{"line":1,"column":21},"end":{"line":1,"column":39}},"1":{"start":{"line":2,"column":12},"end":{"line":2,"column":35}},"2":{"start":{"line":3,"column":23},"end":{"line":3,"column":75}},"3":{"start":{"line":4,"column":24},"end":{"line":4,"column":52}},"4":{"start":{"line":5,"column":17},"end":{"line":5,"column":51}},"5":{"start":{"line":6,"column":17},"end":{"line":6,"column":51}},"6":{"start":{"line":7,"column":14},"end":{"line":7,"column":45}},"7":{"start":{"line":8,"column":15},"end":{"line":8,"column":33}},"8":{"start":{"line":10,"column":22},"end":{"line":63,"column":1}},"9":{"start":{"line":11,"column":22},"end":{"line":11,"column":35}},"10":{"start":{"line":12,"column":29},"end":{"line":12,"column":37}},"11":{"start":{"line":13,"column":16},"end":{"line":13,"column":41}},"12":{"start":{"line":15,"column":4},"end":{"line":22,"column":5}},"13":{"start":{"line":16,"column":8},"end":{"line":21,"column":11}},"14":{"start":{"line":24,"column":4},"end":{"line":62,"column":5}},"15":{"start":{"line":25,"column":8},"end":{"line":25,"column":36}},"16":{"start":{"line":26,"column":23},"end":{"line":26,"column":55}},"17":{"start":{"line":27,"column":28},"end":{"line":27,"column":44}},"18":{"start":{"line":28,"column":27},"end":{"line":28,"column":93}},"19":{"start":{"line":30,"column":8},"end":{"line":35,"column":11}},"20":{"start":{"line":37,"column":8},"end":{"line":44,"column":9}},"21":{"start":{"line":38,"column":12},"end":{"line":43,"column":15}},"22":{"start":{"line":45,"column":8},"end":{"line":52,"column":9}},"23":{"start":{"line":46,"column":12},"end":{"line":51,"column":15}},"24":{"start":{"line":53,"column":8},"end":{"line":53,"column":26}},"25":{"start":{"line":54,"column":8},"end":{"line":60,"column":11}},"26":{"start":{"line":65,"column":34},"end":{"line":80,"column":1}},"27":{"start":{"line":66,"column":21},"end":{"line":66,"column":64}},"28":{"start":{"line":67,"column":23},"end":{"line":67,"column":25}},"29":{"start":{"line":68,"column":4},"end":{"line":71,"column":5}},"30":{"start":{"line":69,"column":21},"end":{"line":69,"column":63}},"31":{"start":{"line":70,"column":8},"end":{"line":70,"column":39}},"32":{"start":{"line":73,"column":29},"end":{"line":78,"column":7}},"33":{"start":{"line":73,"column":63},"end":{"line":78,"column":5}},"34":{"start":{"line":79,"column":4},"end":{"line":79,"column":27}},"35":{"start":{"line":82,"column":34},"end":{"line":127,"column":1}},"36":{"start":{"line":83,"column":22},"end":{"line":83,"column":35}},"37":{"start":{"line":84,"column":16},"end":{"line":84,"column":41}},"38":{"start":{"line":86,"column":4},"end":{"line":93,"column":5}},"39":{"start":{"line":87,"column":8},"end":{"line":92,"column":11}},"40":{"start":{"line":95,"column":4},"end":{"line":126,"column":5}},"41":{"start":{"line":96,"column":8},"end":{"line":96,"column":36}},"42":{"start":{"line":97,"column":23},"end":{"line":97,"column":55}},"43":{"start":{"line":100,"column":8},"end":{"line":109,"column":9}},"44":{"start":{"line":101,"column":12},"end":{"line":101,"column":65}},"45":{"start":{"line":103,"column":12},"end":{"line":108,"column":15}},"46":{"start":{"line":111,"column":25},"end":{"line":111,"column":67}},"47":{"start":{"line":113,"column":8},"end":{"line":118,"column":11}},"48":{"start":{"line":120,"column":8},"end":{"line":125,"column":11}},"49":{"start":{"line":130,"column":0},"end":{"line":134,"column":2}}},"fnMap":{"0":{"name":"(anonymous_0)","decl":{"start":{"line":10,"column":22},"end":{"line":10,"column":23}},"loc":{"start":{"line":10,"column":53},"end":{"line":63,"column":1}},"line":10},"1":{"name":"(anonymous_1)","decl":{"start":{"line":65,"column":34},"end":{"line":65,"column":35}},"loc":{"start":{"line":65,"column":52},"end":{"line":80,"column":1}},"line":65},"2":{"name":"(anonymous_2)","decl":{"start":{"line":73,"column":42},"end":{"line":73,"column":43}},"loc":{"start":{"line":73,"column":63},"end":{"line":78,"column":5}},"line":73},"3":{"name":"(anonymous_3)","decl":{"start":{"line":82,"column":34},"end":{"line":82,"column":35}},"loc":{"start":{"line":82,"column":65},"end":{"line":127,"column":1}},"line":82}},"branchMap":{"0":{"loc":{"start":{"line":10,"column":34},"end":{"line":10,"column":48}},"type":"default-arg","locations":[{"start":{"line":10,"column":40},"end":{"line":10,"column":48}}],"line":10},"1":{"loc":{"start":{"line":15,"column":4},"end":{"line":22,"column":5}},"type":"if","locations":[{"start":{"line":15,"column":4},"end":{"line":22,"column":5}},{"start":{},"end":{}}],"line":15},"2":{"loc":{"start":{"line":37,"column":8},"end":{"line":44,"column":9}},"type":"if","locations":[{"start":{"line":37,"column":8},"end":{"line":44,"column":9}},{"start":{},"end":{}}],"line":37},"3":{"loc":{"start":{"line":45,"column":8},"end":{"line":52,"column":9}},"type":"if","locations":[{"start":{"line":45,"column":8},"end":{"line":52,"column":9}},{"start":{},"end":{}}],"line":45},"4":{"loc":{"start":{"line":82,"column":46},"end":{"line":82,"column":60}},"type":"default-arg","locations":[{"start":{"line":82,"column":52},"end":{"line":82,"column":60}}],"line":82},"5":{"loc":{"start":{"line":86,"column":4},"end":{"line":93,"column":5}},"type":"if","locations":[{"start":{"line":86,"column":4},"end":{"line":93,"column":5}},{"start":{},"end":{}}],"line":86}},"s":{"0":4,"1":4,"2":4,"3":4,"4":4,"5":4,"6":4,"7":4,"8":4,"9":5,"10":5,"11":5,"12":5,"13":0,"14":5,"15":5,"16":5,"17":4,"18":4,"19":3,"20":2,"21":1,"22":1,"23":1,"24":0,"25":0,"26":4,"27":2,"28":2,"29":2,"30":2,"31":2,"32":2,"33":2,"34":2,"35":4,"36":3,"37":3,"38":3,"39":0,"40":3,"41":3,"42":3,"43":2,"44":2,"45":1,"46":1,"47":1,"48":1,"49":4},"f":{"0":5,"1":2,"2":2,"3":3},"b":{"0":[0],"1":[0,5],"2":[1,1],"3":[1,0],"4":[0],"5":[0,3]},"inputSourceMap":null,"_coverageSchema":"1a1c01bbd47fc00a2c39e90264f33305004495a9","hash":"38e059858ccf55a2c61aab3948b13ffb3b1ff2db"}
,"C:\\Users\\jblan\\Documents\\Proyectos desarrollo\\Electiva 2 (Desarrollo de software 2)\\Product-Prowess_Dividido\\Product-Prowess-Backend\\scr\\infrastructure\\controllers\\followController.js": {"path":"C:\\Users\\jblan\\Documents\\Proyectos desarrollo\\Electiva 2 (Desarrollo de software 2)\\Product-Prowess_Dividido\\Product-Prowess-Backend\\scr\\infrastructure\\controllers\\followController.js","statementMap":{"0":{"start":{"line":1,"column":21},"end":{"line":1,"column":39}},"1":{"start":{"line":2,"column":15},"end":{"line":2,"column":48}},"2":{"start":{"line":3,"column":17},"end":{"line":3,"column":51}},"3":{"start":{"line":4,"column":22},"end":{"line":4,"column":73}},"4":{"start":{"line":5,"column":24},"end":{"line":5,"column":52}},"5":{"start":{"line":6,"column":15},"end":{"line":6,"column":33}},"6":{"start":{"line":9,"column":21},"end":{"line":69,"column":1}},"7":{"start":{"line":10,"column":29},"end":{"line":10,"column":37}},"8":{"start":{"line":11,"column":16},"end":{"line":11,"column":41}},"9":{"start":{"line":13,"column":4},"end":{"line":20,"column":5}},"10":{"start":{"line":14,"column":8},"end":{"line":19,"column":11}},"11":{"start":{"line":22,"column":4},"end":{"line":68,"column":5}},"12":{"start":{"line":23,"column":8},"end":{"line":23,"column":36}},"13":{"start":{"line":24,"column":23},"end":{"line":24,"column":55}},"14":{"start":{"line":26,"column":27},"end":{"line":26,"column":43}},"15":{"start":{"line":27,"column":26},"end":{"line":27,"column":78}},"16":{"start":{"line":29,"column":8},"end":{"line":35,"column":11}},"17":{"start":{"line":37,"column":8},"end":{"line":44,"column":9}},"18":{"start":{"line":38,"column":12},"end":{"line":43,"column":15}},"19":{"start":{"line":45,"column":8},"end":{"line":52,"column":9}},"20":{"start":{"line":46,"column":12},"end":{"line":51,"column":15}},"21":{"start":{"line":53,"column":8},"end":{"line":60,"column":9}},"22":{"start":{"line":54,"column":12},"end":{"line":59,"column":15}},"23":{"start":{"line":61,"column":8},"end":{"line":66,"column":11}},"24":{"start":{"line":71,"column":21},"end":{"line":123,"column":1}},"25":{"start":{"line":72,"column":29},"end":{"line":72,"column":37}},"26":{"start":{"line":73,"column":16},"end":{"line":73,"column":41}},"27":{"start":{"line":75,"column":4},"end":{"line":82,"column":5}},"28":{"start":{"line":76,"column":8},"end":{"line":81,"column":11}},"29":{"start":{"line":84,"column":4},"end":{"line":122,"column":5}},"30":{"start":{"line":85,"column":8},"end":{"line":85,"column":36}},"31":{"start":{"line":86,"column":23},"end":{"line":86,"column":55}},"32":{"start":{"line":88,"column":27},"end":{"line":88,"column":43}},"33":{"start":{"line":89,"column":28},"end":{"line":89,"column":80}},"34":{"start":{"line":91,"column":8},"end":{"line":97,"column":11}},"35":{"start":{"line":99,"column":8},"end":{"line":106,"column":9}},"36":{"start":{"line":100,"column":12},"end":{"line":105,"column":15}},"37":{"start":{"line":107,"column":8},"end":{"line":114,"column":9}},"38":{"start":{"line":108,"column":12},"end":{"line":113,"column":15}},"39":{"start":{"line":115,"column":8},"end":{"line":120,"column":11}},"40":{"start":{"line":125,"column":21},"end":{"line":180,"column":1}},"41":{"start":{"line":126,"column":27},"end":{"line":126,"column":40}},"42":{"start":{"line":127,"column":16},"end":{"line":127,"column":41}},"43":{"start":{"line":129,"column":4},"end":{"line":136,"column":5}},"44":{"start":{"line":130,"column":8},"end":{"line":135,"column":11}},"45":{"start":{"line":138,"column":4},"end":{"line":179,"column":5}},"46":{"start":{"line":139,"column":8},"end":{"line":139,"column":36}},"47":{"start":{"line":140,"column":23},"end":{"line":140,"column":55}},"48":{"start":{"line":141,"column":8},"end":{"line":146,"column":9}},"49":{"start":{"line":142,"column":12},"end":{"line":142,"column":97}},"50":{"start":{"line":143,"column":12},"end":{"line":143,"column":51}},"51":{"start":{"line":143,"column":36},"end":{"line":143,"column":49}},"52":{"start":{"line":145,"column":12},"end":{"line":145,"column":83}},"53":{"start":{"line":149,"column":8},"end":{"line":154,"column":11}},"54":{"start":{"line":156,"column":8},"end":{"line":163,"column":9}},"55":{"start":{"line":157,"column":12},"end":{"line":162,"column":15}},"56":{"start":{"line":164,"column":8},"end":{"line":171,"column":9}},"57":{"start":{"line":165,"column":12},"end":{"line":170,"column":15}},"58":{"start":{"line":172,"column":8},"end":{"line":177,"column":11}},"59":{"start":{"line":183,"column":22},"end":{"line":239,"column":1}},"60":{"start":{"line":184,"column":25},"end":{"line":184,"column":38}},"61":{"start":{"line":185,"column":16},"end":{"line":185,"column":41}},"62":{"start":{"line":188,"column":4},"end":{"line":195,"column":5}},"63":{"start":{"line":189,"column":8},"end":{"line":194,"column":11}},"64":{"start":{"line":197,"column":4},"end":{"line":238,"column":5}},"65":{"start":{"line":198,"column":8},"end":{"line":198,"column":36}},"66":{"start":{"line":199,"column":23},"end":{"line":199,"column":55}},"67":{"start":{"line":200,"column":8},"end":{"line":205,"column":9}},"68":{"start":{"line":201,"column":12},"end":{"line":201,"column":96}},"69":{"start":{"line":202,"column":12},"end":{"line":202,"column":52}},"70":{"start":{"line":202,"column":37},"end":{"line":202,"column":50}},"71":{"start":{"line":204,"column":12},"end":{"line":204,"column":83}},"72":{"start":{"line":208,"column":8},"end":{"line":213,"column":11}},"73":{"start":{"line":215,"column":8},"end":{"line":222,"column":9}},"74":{"start":{"line":216,"column":12},"end":{"line":221,"column":15}},"75":{"start":{"line":223,"column":8},"end":{"line":230,"column":9}},"76":{"start":{"line":224,"column":12},"end":{"line":229,"column":15}},"77":{"start":{"line":231,"column":8},"end":{"line":236,"column":11}},"78":{"start":{"line":242,"column":0},"end":{"line":247,"column":2}}},"fnMap":{"0":{"name":"(anonymous_0)","decl":{"start":{"line":9,"column":21},"end":{"line":9,"column":22}},"loc":{"start":{"line":9,"column":52},"end":{"line":69,"column":1}},"line":9},"1":{"name":"(anonymous_1)","decl":{"start":{"line":71,"column":21},"end":{"line":71,"column":22}},"loc":{"start":{"line":71,"column":52},"end":{"line":123,"column":1}},"line":71},"2":{"name":"(anonymous_2)","decl":{"start":{"line":125,"column":21},"end":{"line":125,"column":22}},"loc":{"start":{"line":125,"column":52},"end":{"line":180,"column":1}},"line":125},"3":{"name":"(anonymous_3)","decl":{"start":{"line":143,"column":26},"end":{"line":143,"column":27}},"loc":{"start":{"line":143,"column":36},"end":{"line":143,"column":49}},"line":143},"4":{"name":"(anonymous_4)","decl":{"start":{"line":183,"column":22},"end":{"line":183,"column":23}},"loc":{"start":{"line":183,"column":53},"end":{"line":239,"column":1}},"line":183},"5":{"name":"(anonymous_5)","decl":{"start":{"line":202,"column":27},"end":{"line":202,"column":28}},"loc":{"start":{"line":202,"column":37},"end":{"line":202,"column":50}},"line":202}},"branchMap":{"0":{"loc":{"start":{"line":9,"column":33},"end":{"line":9,"column":47}},"type":"default-arg","locations":[{"start":{"line":9,"column":39},"end":{"line":9,"column":47}}],"line":9},"1":{"loc":{"start":{"line":13,"column":4},"end":{"line":20,"column":5}},"type":"if","locations":[{"start":{"line":13,"column":4},"end":{"line":20,"column":5}},{"start":{},"end":{}}],"line":13},"2":{"loc":{"start":{"line":37,"column":8},"end":{"line":44,"column":9}},"type":"if","locations":[{"start":{"line":37,"column":8},"end":{"line":44,"column":9}},{"start":{},"end":{}}],"line":37},"3":{"loc":{"start":{"line":45,"column":8},"end":{"line":52,"column":9}},"type":"if","locations":[{"start":{"line":45,"column":8},"end":{"line":52,"column":9}},{"start":{},"end":{}}],"line":45},"4":{"loc":{"start":{"line":53,"column":8},"end":{"line":60,"column":9}},"type":"if","locations":[{"start":{"line":53,"column":8},"end":{"line":60,"column":9}},{"start":{},"end":{}}],"line":53},"5":{"loc":{"start":{"line":71,"column":33},"end":{"line":71,"column":47}},"type":"default-arg","locations":[{"start":{"line":71,"column":39},"end":{"line":71,"column":47}}],"line":71},"6":{"loc":{"start":{"line":75,"column":4},"end":{"line":82,"column":5}},"type":"if","locations":[{"start":{"line":75,"column":4},"end":{"line":82,"column":5}},{"start":{},"end":{}}],"line":75},"7":{"loc":{"start":{"line":99,"column":8},"end":{"line":106,"column":9}},"type":"if","locations":[{"start":{"line":99,"column":8},"end":{"line":106,"column":9}},{"start":{},"end":{}}],"line":99},"8":{"loc":{"start":{"line":107,"column":8},"end":{"line":114,"column":9}},"type":"if","locations":[{"start":{"line":107,"column":8},"end":{"line":114,"column":9}},{"start":{},"end":{}}],"line":107},"9":{"loc":{"start":{"line":125,"column":33},"end":{"line":125,"column":47}},"type":"default-arg","locations":[{"start":{"line":125,"column":39},"end":{"line":125,"column":47}}],"line":125},"10":{"loc":{"start":{"line":129,"column":4},"end":{"line":136,"column":5}},"type":"if","locations":[{"start":{"line":129,"column":4},"end":{"line":136,"column":5}},{"start":{},"end":{}}],"line":129},"11":{"loc":{"start":{"line":156,"column":8},"end":{"line":163,"column":9}},"type":"if","locations":[{"start":{"line":156,"column":8},"end":{"line":163,"column":9}},{"start":{},"end":{}}],"line":156},"12":{"loc":{"start":{"line":164,"column":8},"end":{"line":171,"column":9}},"type":"if","locations":[{"start":{"line":164,"column":8},"end":{"line":171,"column":9}},{"start":{},"end":{}}],"line":164},"13":{"loc":{"start":{"line":183,"column":34},"end":{"line":183,"column":48}},"type":"default-arg","locations":[{"start":{"line":183,"column":40},"end":{"line":183,"column":48}}],"line":183},"14":{"loc":{"start":{"line":188,"column":4},"end":{"line":195,"column":5}},"type":"if","locations":[{"start":{"line":188,"column":4},"end":{"line":195,"column":5}},{"start":{},"end":{}}],"line":188},"15":{"loc":{"start":{"line":215,"column":8},"end":{"line":222,"column":9}},"type":"if","locations":[{"start":{"line":215,"column":8},"end":{"line":222,"column":9}},{"start":{},"end":{}}],"line":215},"16":{"loc":{"start":{"line":223,"column":8},"end":{"line":230,"column":9}},"type":"if","locations":[{"start":{"line":223,"column":8},"end":{"line":230,"column":9}},{"start":{},"end":{}}],"line":223}},"s":{"0":4,"1":4,"2":4,"3":4,"4":4,"5":4,"6":4,"7":8,"8":8,"9":8,"10":0,"11":8,"12":8,"13":8,"14":7,"15":7,"16":5,"17":3,"18":1,"19":2,"20":1,"21":1,"22":1,"23":0,"24":4,"25":3,"26":3,"27":3,"28":0,"29":3,"30":3,"31":3,"32":2,"33":2,"34":1,"35":2,"36":1,"37":1,"38":1,"39":0,"40":4,"41":3,"42":3,"43":3,"44":0,"45":3,"46":3,"47":3,"48":2,"49":2,"50":1,"51":1,"52":1,"53":1,"54":2,"55":1,"56":1,"57":1,"58":0,"59":4,"60":3,"61":3,"62":3,"63":0,"64":3,"65":3,"66":3,"67":2,"68":2,"69":1,"70":1,"71":1,"72":1,"73":2,"74":1,"75":1,"76":1,"77":0,"78":4},"f":{"0":8,"1":3,"2":3,"3":1,"4":3,"5":1},"b":{"0":[0],"1":[0,8],"2":[1,2],"3":[1,1],"4":[1,0],"5":[0],"6":[0,3],"7":[1,1],"8":[1,0],"9":[0],"10":[0,3],"11":[1,1],"12":[1,0],"13":[0],"14":[0,3],"15":[1,1],"16":[1,0]},"inputSourceMap":null,"_coverageSchema":"1a1c01bbd47fc00a2c39e90264f33305004495a9","hash":"2057b0098c701410beba575fea0b2a3192434e67"}
,"C:\\Users\\jblan\\Documents\\Proyectos desarrollo\\Electiva 2 (Desarrollo de software 2)\\Product-Prowess_Dividido\\Product-Prowess-Backend\\scr\\infrastructure\\controllers\\productsController.js": {"path":"C:\\Users\\jblan\\Documents\\Proyectos desarrollo\\Electiva 2 (Desarrollo de software 2)\\Product-Prowess_Dividido\\Product-Prowess-Backend\\scr\\infrastructure\\controllers\\productsController.js","statementMap":{"0":{"start":{"line":1,"column":21},"end":{"line":1,"column":39}},"1":{"start":{"line":2,"column":17},"end":{"line":2,"column":51}},"2":{"start":{"line":3,"column":15},"end":{"line":3,"column":48}},"3":{"start":{"line":4,"column":14},"end":{"line":4,"column":45}},"4":{"start":{"line":5,"column":23},"end":{"line":5,"column":75}},"5":{"start":{"line":6,"column":24},"end":{"line":6,"column":52}},"6":{"start":{"line":7,"column":38},"end":{"line":7,"column":69}},"7":{"start":{"line":8,"column":15},"end":{"line":8,"column":33}},"8":{"start":{"line":10,"column":22},"end":{"line":65,"column":1}},"9":{"start":{"line":11,"column":69},"end":{"line":11,"column":77}},"10":{"start":{"line":12,"column":16},"end":{"line":12,"column":41}},"11":{"start":{"line":14,"column":4},"end":{"line":21,"column":5}},"12":{"start":{"line":15,"column":8},"end":{"line":20,"column":11}},"13":{"start":{"line":23,"column":4},"end":{"line":64,"column":5}},"14":{"start":{"line":24,"column":8},"end":{"line":24,"column":36}},"15":{"start":{"line":25,"column":23},"end":{"line":25,"column":55}},"16":{"start":{"line":27,"column":28},"end":{"line":27,"column":84}},"17":{"start":{"line":28,"column":27},"end":{"line":28,"column":82}},"18":{"start":{"line":30,"column":8},"end":{"line":38,"column":11}},"19":{"start":{"line":40,"column":8},"end":{"line":47,"column":9}},"20":{"start":{"line":41,"column":12},"end":{"line":46,"column":15}},"21":{"start":{"line":48,"column":8},"end":{"line":55,"column":9}},"22":{"start":{"line":49,"column":12},"end":{"line":54,"column":15}},"23":{"start":{"line":56,"column":8},"end":{"line":62,"column":11}},"24":{"start":{"line":67,"column":22},"end":{"line":122,"column":1}},"25":{"start":{"line":68,"column":22},"end":{"line":68,"column":35}},"26":{"start":{"line":69,"column":48},"end":{"line":69,"column":56}},"27":{"start":{"line":70,"column":16},"end":{"line":70,"column":41}},"28":{"start":{"line":72,"column":4},"end":{"line":79,"column":5}},"29":{"start":{"line":73,"column":8},"end":{"line":78,"column":11}},"30":{"start":{"line":81,"column":4},"end":{"line":121,"column":5}},"31":{"start":{"line":82,"column":8},"end":{"line":82,"column":36}},"32":{"start":{"line":84,"column":23},"end":{"line":84,"column":55}},"33":{"start":{"line":86,"column":28},"end":{"line":86,"column":61}},"34":{"start":{"line":87,"column":31},"end":{"line":87,"column":97}},"35":{"start":{"line":89,"column":8},"end":{"line":94,"column":11}},"36":{"start":{"line":98,"column":8},"end":{"line":105,"column":9}},"37":{"start":{"line":99,"column":12},"end":{"line":104,"column":15}},"38":{"start":{"line":107,"column":8},"end":{"line":114,"column":9}},"39":{"start":{"line":108,"column":12},"end":{"line":113,"column":15}},"40":{"start":{"line":115,"column":8},"end":{"line":120,"column":11}},"41":{"start":{"line":124,"column":22},"end":{"line":176,"column":1}},"42":{"start":{"line":125,"column":22},"end":{"line":125,"column":35}},"43":{"start":{"line":126,"column":16},"end":{"line":126,"column":41}},"44":{"start":{"line":128,"column":4},"end":{"line":135,"column":5}},"45":{"start":{"line":129,"column":8},"end":{"line":134,"column":11}},"46":{"start":{"line":137,"column":4},"end":{"line":174,"column":5}},"47":{"start":{"line":138,"column":8},"end":{"line":138,"column":36}},"48":{"start":{"line":139,"column":23},"end":{"line":139,"column":55}},"49":{"start":{"line":140,"column":30},"end":{"line":140,"column":83}},"50":{"start":{"line":142,"column":8},"end":{"line":147,"column":11}},"51":{"start":{"line":151,"column":8},"end":{"line":158,"column":9}},"52":{"start":{"line":152,"column":12},"end":{"line":157,"column":15}},"53":{"start":{"line":159,"column":8},"end":{"line":166,"column":9}},"54":{"start":{"line":160,"column":12},"end":{"line":165,"column":15}},"55":{"start":{"line":167,"column":8},"end":{"line":172,"column":11}},"56":{"start":{"line":178,"column":26},"end":{"line":238,"column":1}},"57":{"start":{"line":179,"column":22},"end":{"line":179,"column":35}},"58":{"start":{"line":180,"column":16},"end":{"line":180,"column":41}},"59":{"start":{"line":182,"column":4},"end":{"line":189,"column":5}},"60":{"start":{"line":183,"column":8},"end":{"line":188,"column":11}},"61":{"start":{"line":191,"column":4},"end":{"line":234,"column":5}},"62":{"start":{"line":192,"column":8},"end":{"line":192,"column":36}},"63":{"start":{"line":194,"column":23},"end":{"line":194,"column":55}},"64":{"start":{"line":195,"column":30},"end":{"line":195,"column":32}},"65":{"start":{"line":196,"column":8},"end":{"line":205,"column":9}},"66":{"start":{"line":197,"column":12},"end":{"line":197,"column":73}},"67":{"start":{"line":199,"column":12},"end":{"line":204,"column":15}},"68":{"start":{"line":208,"column":21},"end":{"line":208,"column":57}},"69":{"start":{"line":209,"column":25},"end":{"line":209,"column":67}},"70":{"start":{"line":211,"column":8},"end":{"line":224,"column":11}},"71":{"start":{"line":228,"column":8},"end":{"line":233,"column":11}},"72":{"start":{"line":240,"column":34},"end":{"line":293,"column":1}},"73":{"start":{"line":241,"column":26},"end":{"line":241,"column":35}},"74":{"start":{"line":243,"column":16},"end":{"line":243,"column":41}},"75":{"start":{"line":244,"column":4},"end":{"line":251,"column":5}},"76":{"start":{"line":245,"column":8},"end":{"line":250,"column":11}},"77":{"start":{"line":253,"column":4},"end":{"line":292,"column":5}},"78":{"start":{"line":254,"column":8},"end":{"line":254,"column":36}},"79":{"start":{"line":255,"column":23},"end":{"line":255,"column":55}},"80":{"start":{"line":256,"column":23},"end":{"line":256,"column":25}},"81":{"start":{"line":257,"column":8},"end":{"line":266,"column":9}},"82":{"start":{"line":258,"column":12},"end":{"line":258,"column":69}},"83":{"start":{"line":260,"column":12},"end":{"line":265,"column":15}},"84":{"start":{"line":269,"column":8},"end":{"line":276,"column":9}},"85":{"start":{"line":270,"column":12},"end":{"line":275,"column":15}},"86":{"start":{"line":278,"column":8},"end":{"line":283,"column":11}},"87":{"start":{"line":286,"column":8},"end":{"line":291,"column":11}},"88":{"start":{"line":295,"column":37},"end":{"line":344,"column":1}},"89":{"start":{"line":296,"column":22},"end":{"line":296,"column":35}},"90":{"start":{"line":297,"column":16},"end":{"line":297,"column":41}},"91":{"start":{"line":299,"column":4},"end":{"line":306,"column":5}},"92":{"start":{"line":300,"column":8},"end":{"line":305,"column":11}},"93":{"start":{"line":308,"column":4},"end":{"line":340,"column":5}},"94":{"start":{"line":309,"column":8},"end":{"line":309,"column":36}},"95":{"start":{"line":311,"column":23},"end":{"line":311,"column":55}},"96":{"start":{"line":312,"column":30},"end":{"line":312,"column":32}},"97":{"start":{"line":313,"column":8},"end":{"line":322,"column":9}},"98":{"start":{"line":314,"column":12},"end":{"line":314,"column":73}},"99":{"start":{"line":316,"column":12},"end":{"line":321,"column":15}},"100":{"start":{"line":325,"column":8},"end":{"line":330,"column":11}},"101":{"start":{"line":334,"column":8},"end":{"line":339,"column":11}},"102":{"start":{"line":346,"column":23},"end":{"line":381,"column":1}},"103":{"start":{"line":347,"column":22},"end":{"line":347,"column":35}},"104":{"start":{"line":348,"column":16},"end":{"line":348,"column":41}},"105":{"start":{"line":350,"column":4},"end":{"line":357,"column":5}},"106":{"start":{"line":351,"column":8},"end":{"line":356,"column":11}},"107":{"start":{"line":358,"column":4},"end":{"line":380,"column":5}},"108":{"start":{"line":359,"column":8},"end":{"line":359,"column":36}},"109":{"start":{"line":360,"column":23},"end":{"line":360,"column":55}},"110":{"start":{"line":362,"column":25},"end":{"line":362,"column":48}},"111":{"start":{"line":365,"column":8},"end":{"line":370,"column":11}},"112":{"start":{"line":374,"column":8},"end":{"line":379,"column":11}},"113":{"start":{"line":383,"column":29},"end":{"line":412,"column":1}},"114":{"start":{"line":384,"column":4},"end":{"line":411,"column":5}},"115":{"start":{"line":385,"column":25},"end":{"line":385,"column":48}},"116":{"start":{"line":388,"column":38},"end":{"line":395,"column":11}},"117":{"start":{"line":389,"column":25},"end":{"line":389,"column":88}},"118":{"start":{"line":390,"column":12},"end":{"line":394,"column":14}},"119":{"start":{"line":397,"column":8},"end":{"line":402,"column":11}},"120":{"start":{"line":404,"column":8},"end":{"line":404,"column":63}},"121":{"start":{"line":405,"column":8},"end":{"line":410,"column":11}},"122":{"start":{"line":415,"column":31},"end":{"line":473,"column":1}},"123":{"start":{"line":416,"column":58},"end":{"line":416,"column":66}},"124":{"start":{"line":417,"column":16},"end":{"line":417,"column":41}},"125":{"start":{"line":418,"column":4},"end":{"line":425,"column":5}},"126":{"start":{"line":419,"column":8},"end":{"line":424,"column":11}},"127":{"start":{"line":426,"column":4},"end":{"line":472,"column":5}},"128":{"start":{"line":427,"column":8},"end":{"line":427,"column":36}},"129":{"start":{"line":428,"column":23},"end":{"line":428,"column":55}},"130":{"start":{"line":429,"column":20},"end":{"line":429,"column":22}},"131":{"start":{"line":431,"column":8},"end":{"line":433,"column":9}},"132":{"start":{"line":432,"column":12},"end":{"line":432,"column":64}},"133":{"start":{"line":434,"column":8},"end":{"line":436,"column":9}},"134":{"start":{"line":435,"column":12},"end":{"line":435,"column":39}},"135":{"start":{"line":437,"column":8},"end":{"line":439,"column":9}},"136":{"start":{"line":438,"column":12},"end":{"line":438,"column":52}},"137":{"start":{"line":440,"column":8},"end":{"line":449,"column":9}},"138":{"start":{"line":441,"column":12},"end":{"line":444,"column":14}},"139":{"start":{"line":445,"column":15},"end":{"line":449,"column":9}},"140":{"start":{"line":446,"column":12},"end":{"line":446,"column":60}},"141":{"start":{"line":447,"column":15},"end":{"line":449,"column":9}},"142":{"start":{"line":448,"column":12},"end":{"line":448,"column":58}},"143":{"start":{"line":451,"column":25},"end":{"line":451,"column":51}},"144":{"start":{"line":453,"column":8},"end":{"line":456,"column":11}},"145":{"start":{"line":458,"column":8},"end":{"line":465,"column":9}},"146":{"start":{"line":459,"column":12},"end":{"line":464,"column":15}},"147":{"start":{"line":466,"column":8},"end":{"line":471,"column":11}},"148":{"start":{"line":476,"column":0},"end":{"line":486,"column":2}}},"fnMap":{"0":{"name":"(anonymous_0)","decl":{"start":{"line":10,"column":22},"end":{"line":10,"column":23}},"loc":{"start":{"line":10,"column":53},"end":{"line":65,"column":1}},"line":10},"1":{"name":"(anonymous_1)","decl":{"start":{"line":67,"column":22},"end":{"line":67,"column":23}},"loc":{"start":{"line":67,"column":53},"end":{"line":122,"column":1}},"line":67},"2":{"name":"(anonymous_2)","decl":{"start":{"line":124,"column":22},"end":{"line":124,"column":23}},"loc":{"start":{"line":124,"column":53},"end":{"line":176,"column":1}},"line":124},"3":{"name":"(anonymous_3)","decl":{"start":{"line":178,"column":26},"end":{"line":178,"column":27}},"loc":{"start":{"line":178,"column":57},"end":{"line":238,"column":1}},"line":178},"4":{"name":"(anonymous_4)","decl":{"start":{"line":240,"column":34},"end":{"line":240,"column":35}},"loc":{"start":{"line":240,"column":65},"end":{"line":293,"column":1}},"line":240},"5":{"name":"(anonymous_5)","decl":{"start":{"line":295,"column":37},"end":{"line":295,"column":38}},"loc":{"start":{"line":295,"column":68},"end":{"line":344,"column":1}},"line":295},"6":{"name":"(anonymous_6)","decl":{"start":{"line":346,"column":23},"end":{"line":346,"column":24}},"loc":{"start":{"line":346,"column":54},"end":{"line":381,"column":1}},"line":346},"7":{"name":"(anonymous_7)","decl":{"start":{"line":383,"column":29},"end":{"line":383,"column":30}},"loc":{"start":{"line":383,"column":60},"end":{"line":412,"column":1}},"line":383},"8":{"name":"(anonymous_8)","decl":{"start":{"line":388,"column":69},"end":{"line":388,"column":70}},"loc":{"start":{"line":388,"column":88},"end":{"line":395,"column":9}},"line":388},"9":{"name":"(anonymous_9)","decl":{"start":{"line":415,"column":31},"end":{"line":415,"column":32}},"loc":{"start":{"line":415,"column":62},"end":{"line":473,"column":1}},"line":415}},"branchMap":{"0":{"loc":{"start":{"line":10,"column":34},"end":{"line":10,"column":48}},"type":"default-arg","locations":[{"start":{"line":10,"column":40},"end":{"line":10,"column":48}}],"line":10},"1":{"loc":{"start":{"line":14,"column":4},"end":{"line":21,"column":5}},"type":"if","locations":[{"start":{"line":14,"column":4},"end":{"line":21,"column":5}},{"start":{},"end":{}}],"line":14},"2":{"loc":{"start":{"line":40,"column":8},"end":{"line":47,"column":9}},"type":"if","locations":[{"start":{"line":40,"column":8},"end":{"line":47,"column":9}},{"start":{},"end":{}}],"line":40},"3":{"loc":{"start":{"line":48,"column":8},"end":{"line":55,"column":9}},"type":"if","locations":[{"start":{"line":48,"column":8},"end":{"line":55,"column":9}},{"start":{},"end":{}}],"line":48},"4":{"loc":{"start":{"line":67,"column":34},"end":{"line":67,"column":48}},"type":"default-arg","locations":[{"start":{"line":67,"column":40},"end":{"line":67,"column":48}}],"line":67},"5":{"loc":{"start":{"line":72,"column":4},"end":{"line":79,"column":5}},"type":"if","locations":[{"start":{"line":72,"column":4},"end":{"line":79,"column":5}},{"start":{},"end":{}}],"line":72},"6":{"loc":{"start":{"line":98,"column":8},"end":{"line":105,"column":9}},"type":"if","locations":[{"start":{"line":98,"column":8},"end":{"line":105,"column":9}},{"start":{},"end":{}}],"line":98},"7":{"loc":{"start":{"line":107,"column":8},"end":{"line":114,"column":9}},"type":"if","locations":[{"start":{"line":107,"column":8},"end":{"line":114,"column":9}},{"start":{},"end":{}}],"line":107},"8":{"loc":{"start":{"line":124,"column":34},"end":{"line":124,"column":48}},"type":"default-arg","locations":[{"start":{"line":124,"column":40},"end":{"line":124,"column":48}}],"line":124},"9":{"loc":{"start":{"line":128,"column":4},"end":{"line":135,"column":5}},"type":"if","locations":[{"start":{"line":128,"column":4},"end":{"line":135,"column":5}},{"start":{},"end":{}}],"line":128},"10":{"loc":{"start":{"line":151,"column":8},"end":{"line":158,"column":9}},"type":"if","locations":[{"start":{"line":151,"column":8},"end":{"line":158,"column":9}},{"start":{},"end":{}}],"line":151},"11":{"loc":{"start":{"line":159,"column":8},"end":{"line":166,"column":9}},"type":"if","locations":[{"start":{"line":159,"column":8},"end":{"line":166,"column":9}},{"start":{},"end":{}}],"line":159},"12":{"loc":{"start":{"line":178,"column":38},"end":{"line":178,"column":52}},"type":"default-arg","locations":[{"start":{"line":178,"column":44},"end":{"line":178,"column":52}}],"line":178},"13":{"loc":{"start":{"line":182,"column":4},"end":{"line":189,"column":5}},"type":"if","locations":[{"start":{"line":182,"column":4},"end":{"line":189,"column":5}},{"start":{},"end":{}}],"line":182},"14":{"loc":{"start":{"line":240,"column":46},"end":{"line":240,"column":60}},"type":"default-arg","locations":[{"start":{"line":240,"column":52},"end":{"line":240,"column":60}}],"line":240},"15":{"loc":{"start":{"line":244,"column":4},"end":{"line":251,"column":5}},"type":"if","locations":[{"start":{"line":244,"column":4},"end":{"line":251,"column":5}},{"start":{},"end":{}}],"line":244},"16":{"loc":{"start":{"line":257,"column":8},"end":{"line":266,"column":9}},"type":"if","locations":[{"start":{"line":257,"column":8},"end":{"line":266,"column":9}},{"start":{"line":259,"column":13},"end":{"line":266,"column":9}}],"line":257},"17":{"loc":{"start":{"line":269,"column":8},"end":{"line":276,"column":9}},"type":"if","locations":[{"start":{"line":269,"column":8},"end":{"line":276,"column":9}},{"start":{},"end":{}}],"line":269},"18":{"loc":{"start":{"line":269,"column":12},"end":{"line":269,"column":46}},"type":"binary-expr","locations":[{"start":{"line":269,"column":12},"end":{"line":269,"column":21}},{"start":{"line":269,"column":25},"end":{"line":269,"column":46}}],"line":269},"19":{"loc":{"start":{"line":295,"column":49},"end":{"line":295,"column":63}},"type":"default-arg","locations":[{"start":{"line":295,"column":55},"end":{"line":295,"column":63}}],"line":295},"20":{"loc":{"start":{"line":299,"column":4},"end":{"line":306,"column":5}},"type":"if","locations":[{"start":{"line":299,"column":4},"end":{"line":306,"column":5}},{"start":{},"end":{}}],"line":299},"21":{"loc":{"start":{"line":346,"column":35},"end":{"line":346,"column":49}},"type":"default-arg","locations":[{"start":{"line":346,"column":41},"end":{"line":346,"column":49}}],"line":346},"22":{"loc":{"start":{"line":350,"column":4},"end":{"line":357,"column":5}},"type":"if","locations":[{"start":{"line":350,"column":4},"end":{"line":357,"column":5}},{"start":{},"end":{}}],"line":350},"23":{"loc":{"start":{"line":383,"column":41},"end":{"line":383,"column":55}},"type":"default-arg","locations":[{"start":{"line":383,"column":47},"end":{"line":383,"column":55}}],"line":383},"24":{"loc":{"start":{"line":392,"column":29},"end":{"line":392,"column":65}},"type":"cond-expr","locations":[{"start":{"line":392,"column":36},"end":{"line":392,"column":49}},{"start":{"line":392,"column":52},"end":{"line":392,"column":65}}],"line":392},"25":{"loc":{"start":{"line":393,"column":35},"end":{"line":393,"column":59}},"type":"cond-expr","locations":[{"start":{"line":393,"column":42},"end":{"line":393,"column":53}},{"start":{"line":393,"column":55},"end":{"line":393,"column":59}}],"line":393},"26":{"loc":{"start":{"line":415,"column":43},"end":{"line":415,"column":57}},"type":"default-arg","locations":[{"start":{"line":415,"column":49},"end":{"line":415,"column":57}}],"line":415},"27":{"loc":{"start":{"line":418,"column":4},"end":{"line":425,"column":5}},"type":"if","locations":[{"start":{"line":418,"column":4},"end":{"line":425,"column":5}},{"start":{},"end":{}}],"line":418},"28":{"loc":{"start":{"line":431,"column":8},"end":{"line":433,"column":9}},"type":"if","locations":[{"start":{"line":431,"column":8},"end":{"line":433,"column":9}},{"start":{},"end":{}}],"line":431},"29":{"loc":{"start":{"line":434,"column":8},"end":{"line":436,"column":9}},"type":"if","locations":[{"start":{"line":434,"column":8},"end":{"line":436,"column":9}},{"start":{},"end":{}}],"line":434},"30":{"loc":{"start":{"line":437,"column":8},"end":{"line":439,"column":9}},"type":"if","locations":[{"start":{"line":437,"column":8},"end":{"line":439,"column":9}},{"start":{},"end":{}}],"line":437},"31":{"loc":{"start":{"line":440,"column":8},"end":{"line":449,"column":9}},"type":"if","locations":[{"start":{"line":440,"column":8},"end":{"line":449,"column":9}},{"start":{"line":445,"column":15},"end":{"line":449,"column":9}}],"line":440},"32":{"loc":{"start":{"line":440,"column":12},"end":{"line":440,"column":32}},"type":"binary-expr","locations":[{"start":{"line":440,"column":12},"end":{"line":440,"column":21}},{"start":{"line":440,"column":25},"end":{"line":440,"column":32}}],"line":440},"33":{"loc":{"start":{"line":445,"column":15},"end":{"line":449,"column":9}},"type":"if","locations":[{"start":{"line":445,"column":15},"end":{"line":449,"column":9}},{"start":{"line":447,"column":15},"end":{"line":449,"column":9}}],"line":445},"34":{"loc":{"start":{"line":447,"column":15},"end":{"line":449,"column":9}},"type":"if","locations":[{"start":{"line":447,"column":15},"end":{"line":449,"column":9}},{"start":{},"end":{}}],"line":447},"35":{"loc":{"start":{"line":458,"column":8},"end":{"line":465,"column":9}},"type":"if","locations":[{"start":{"line":458,"column":8},"end":{"line":465,"column":9}},{"start":{},"end":{}}],"line":458}},"s":{"0":4,"1":4,"2":4,"3":4,"4":4,"5":4,"6":4,"7":4,"8":4,"9":12,"10":12,"11":12,"12":0,"13":12,"14":12,"15":12,"16":11,"17":11,"18":10,"19":2,"20":1,"21":1,"22":1,"23":0,"24":4,"25":3,"26":3,"27":3,"28":3,"29":0,"30":3,"31":3,"32":3,"33":2,"34":2,"35":1,"36":2,"37":1,"38":1,"39":1,"40":0,"41":4,"42":3,"43":3,"44":3,"45":0,"46":3,"47":3,"48":3,"49":2,"50":1,"51":2,"52":1,"53":1,"54":1,"55":0,"56":4,"57":3,"58":3,"59":3,"60":0,"61":3,"62":3,"63":3,"64":2,"65":2,"66":2,"67":1,"68":1,"69":1,"70":1,"71":1,"72":4,"73":5,"74":5,"75":5,"76":0,"77":5,"78":5,"79":5,"80":4,"81":4,"82":1,"83":3,"84":4,"85":1,"86":3,"87":1,"88":4,"89":3,"90":3,"91":3,"92":0,"93":3,"94":3,"95":3,"96":2,"97":2,"98":2,"99":1,"100":1,"101":1,"102":4,"103":2,"104":2,"105":2,"106":1,"107":1,"108":1,"109":1,"110":1,"111":1,"112":0,"113":4,"114":0,"115":0,"116":0,"117":0,"118":0,"119":0,"120":0,"121":0,"122":4,"123":2,"124":2,"125":2,"126":0,"127":2,"128":2,"129":2,"130":1,"131":1,"132":1,"133":1,"134":1,"135":1,"136":0,"137":1,"138":1,"139":0,"140":0,"141":0,"142":0,"143":1,"144":1,"145":1,"146":1,"147":0,"148":4},"f":{"0":12,"1":3,"2":3,"3":3,"4":5,"5":3,"6":2,"7":0,"8":0,"9":2},"b":{"0":[0],"1":[0,12],"2":[1,1],"3":[1,0],"4":[0],"5":[0,3],"6":[1,1],"7":[1,0],"8":[0],"9":[0,3],"10":[1,1],"11":[1,0],"12":[0],"13":[0,3],"14":[0],"15":[0,5],"16":[1,3],"17":[1,3],"18":[4,4],"19":[0],"20":[0,3],"21":[0],"22":[1,1],"23":[0],"24":[0,0],"25":[0,0],"26":[0],"27":[0,2],"28":[1,0],"29":[1,0],"30":[0,1],"31":[1,0],"32":[1,1],"33":[0,0],"34":[0,0],"35":[1,0]},"inputSourceMap":null,"_coverageSchema":"1a1c01bbd47fc00a2c39e90264f33305004495a9","hash":"e6749961b52b12894ab80425d6b6ac5b76984562"}
,"C:\\Users\\jblan\\Documents\\Proyectos desarrollo\\Electiva 2 (Desarrollo de software 2)\\Product-Prowess_Dividido\\Product-Prowess-Backend\\scr\\infrastructure\\controllers\\tokenController.js": {"path":"C:\\Users\\jblan\\Documents\\Proyectos desarrollo\\Electiva 2 (Desarrollo de software 2)\\Product-Prowess_Dividido\\Product-Prowess-Backend\\scr\\infrastructure\\controllers\\tokenController.js","statementMap":{"0":{"start":{"line":1,"column":21},"end":{"line":1,"column":39}},"1":{"start":{"line":2,"column":12},"end":{"line":2,"column":35}},"2":{"start":{"line":3,"column":15},"end":{"line":3,"column":33}},"3":{"start":{"line":5,"column":22},"end":{"line":8,"column":3}},"4":{"start":{"line":6,"column":18},"end":{"line":6,"column":71}},"5":{"start":{"line":7,"column":4},"end":{"line":7,"column":17}},"6":{"start":{"line":10,"column":20},"end":{"line":19,"column":1}},"7":{"start":{"line":11,"column":4},"end":{"line":18,"column":7}},"8":{"start":{"line":12,"column":8},"end":{"line":17,"column":11}},"9":{"start":{"line":13,"column":12},"end":{"line":15,"column":13}},"10":{"start":{"line":14,"column":16},"end":{"line":14,"column":51}},"11":{"start":{"line":16,"column":12},"end":{"line":16,"column":32}},"12":{"start":{"line":21,"column":0},"end":{"line":24,"column":4}}},"fnMap":{"0":{"name":"(anonymous_0)","decl":{"start":{"line":5,"column":22},"end":{"line":5,"column":23}},"loc":{"start":{"line":5,"column":34},"end":{"line":8,"column":3}},"line":5},"1":{"name":"(anonymous_1)","decl":{"start":{"line":10,"column":20},"end":{"line":10,"column":21}},"loc":{"start":{"line":10,"column":39},"end":{"line":19,"column":1}},"line":10},"2":{"name":"(anonymous_2)","decl":{"start":{"line":11,"column":23},"end":{"line":11,"column":24}},"loc":{"start":{"line":11,"column":44},"end":{"line":18,"column":5}},"line":11},"3":{"name":"(anonymous_3)","decl":{"start":{"line":12,"column":34},"end":{"line":12,"column":35}},"loc":{"start":{"line":12,"column":54},"end":{"line":17,"column":9}},"line":12}},"branchMap":{"0":{"loc":{"start":{"line":13,"column":12},"end":{"line":15,"column":13}},"type":"if","locations":[{"start":{"line":13,"column":12},"end":{"line":15,"column":13}},{"start":{},"end":{}}],"line":13}},"s":{"0":4,"1":4,"2":4,"3":4,"4":16,"5":16,"6":4,"7":60,"8":60,"9":60,"10":14,"11":60,"12":4},"f":{"0":16,"1":60,"2":60,"3":60},"b":{"0":[14,46]},"inputSourceMap":null,"_coverageSchema":"1a1c01bbd47fc00a2c39e90264f33305004495a9","hash":"82998997db92039d3dea3d3ddf666634e366d304"}
,"C:\\Users\\jblan\\Documents\\Proyectos desarrollo\\Electiva 2 (Desarrollo de software 2)\\Product-Prowess_Dividido\\Product-Prowess-Backend\\scr\\infrastructure\\controllers\\usersController.js": {"path":"C:\\Users\\jblan\\Documents\\Proyectos desarrollo\\Electiva 2 (Desarrollo de software 2)\\Product-Prowess_Dividido\\Product-Prowess-Backend\\scr\\infrastructure\\controllers\\usersController.js","statementMap":{"0":{"start":{"line":1,"column":21},"end":{"line":1,"column":39}},"1":{"start":{"line":2,"column":19},"end":{"line":2,"column":50}},"2":{"start":{"line":3,"column":20},"end":{"line":3,"column":69}},"3":{"start":{"line":4,"column":39},"end":{"line":4,"column":67}},"4":{"start":{"line":5,"column":15},"end":{"line":5,"column":33}},"5":{"start":{"line":7,"column":19},"end":{"line":46,"column":1}},"6":{"start":{"line":8,"column":53},"end":{"line":8,"column":61}},"7":{"start":{"line":9,"column":2},"end":{"line":45,"column":3}},"8":{"start":{"line":10,"column":15},"end":{"line":10,"column":50}},"9":{"start":{"line":12,"column":4},"end":{"line":19,"column":5}},"10":{"start":{"line":13,"column":6},"end":{"line":18,"column":9}},"11":{"start":{"line":21,"column":20},"end":{"line":21,"column":22}},"12":{"start":{"line":22,"column":4},"end":{"line":24,"column":5}},"13":{"start":{"line":23,"column":6},"end":{"line":23,"column":25}},"14":{"start":{"line":26,"column":21},"end":{"line":26,"column":66}},"15":{"start":{"line":27,"column":20},"end":{"line":27,"column":59}},"16":{"start":{"line":29,"column":4},"end":{"line":36,"column":7}},"17":{"start":{"line":38,"column":4},"end":{"line":38,"column":52}},"18":{"start":{"line":39,"column":4},"end":{"line":44,"column":6}},"19":{"start":{"line":48,"column":19},"end":{"line":99,"column":1}},"20":{"start":{"line":49,"column":17},"end":{"line":49,"column":30}},"21":{"start":{"line":50,"column":36},"end":{"line":50,"column":44}},"22":{"start":{"line":51,"column":14},"end":{"line":51,"column":39}},"23":{"start":{"line":53,"column":2},"end":{"line":60,"column":3}},"24":{"start":{"line":54,"column":4},"end":{"line":59,"column":7}},"25":{"start":{"line":62,"column":2},"end":{"line":98,"column":3}},"26":{"start":{"line":63,"column":4},"end":{"line":63,"column":32}},"27":{"start":{"line":65,"column":26},"end":{"line":65,"column":58}},"28":{"start":{"line":67,"column":4},"end":{"line":74,"column":5}},"29":{"start":{"line":68,"column":6},"end":{"line":73,"column":9}},"30":{"start":{"line":76,"column":21},"end":{"line":76,"column":46}},"31":{"start":{"line":77,"column":24},"end":{"line":77,"column":71}},"32":{"start":{"line":79,"column":4},"end":{"line":82,"column":7}},"33":{"start":{"line":84,"column":4},"end":{"line":91,"column":5}},"34":{"start":{"line":85,"column":6},"end":{"line":90,"column":9}},"35":{"start":{"line":92,"column":4},"end":{"line":97,"column":7}},"36":{"start":{"line":102,"column":18},"end":{"line":149,"column":1}},"37":{"start":{"line":103,"column":30},"end":{"line":103,"column":38}},"38":{"start":{"line":105,"column":2},"end":{"line":148,"column":3}},"39":{"start":{"line":107,"column":17},"end":{"line":107,"column":52}},"40":{"start":{"line":109,"column":4},"end":{"line":116,"column":5}},"41":{"start":{"line":110,"column":6},"end":{"line":115,"column":9}},"42":{"start":{"line":119,"column":25},"end":{"line":119,"column":70}},"43":{"start":{"line":121,"column":4},"end":{"line":128,"column":5}},"44":{"start":{"line":122,"column":6},"end":{"line":127,"column":9}},"45":{"start":{"line":130,"column":18},"end":{"line":130,"column":49}},"46":{"start":{"line":132,"column":4},"end":{"line":138,"column":7}},"47":{"start":{"line":141,"column":4},"end":{"line":141,"column":53}},"48":{"start":{"line":142,"column":4},"end":{"line":147,"column":7}},"49":{"start":{"line":152,"column":23},"end":{"line":181,"column":1}},"50":{"start":{"line":153,"column":17},"end":{"line":153,"column":30}},"51":{"start":{"line":154,"column":2},"end":{"line":180,"column":3}},"52":{"start":{"line":155,"column":17},"end":{"line":155,"column":50}},"53":{"start":{"line":156,"column":4},"end":{"line":163,"column":5}},"54":{"start":{"line":157,"column":6},"end":{"line":162,"column":9}},"55":{"start":{"line":164,"column":4},"end":{"line":171,"column":7}},"56":{"start":{"line":173,"column":4},"end":{"line":173,"column":66}},"57":{"start":{"line":174,"column":4},"end":{"line":179,"column":7}},"58":{"start":{"line":183,"column":0},"end":{"line":188,"column":2}}},"fnMap":{"0":{"name":"(anonymous_0)","decl":{"start":{"line":7,"column":19},"end":{"line":7,"column":20}},"loc":{"start":{"line":7,"column":50},"end":{"line":46,"column":1}},"line":7},"1":{"name":"(anonymous_1)","decl":{"start":{"line":48,"column":19},"end":{"line":48,"column":20}},"loc":{"start":{"line":48,"column":50},"end":{"line":99,"column":1}},"line":48},"2":{"name":"(anonymous_2)","decl":{"start":{"line":102,"column":18},"end":{"line":102,"column":19}},"loc":{"start":{"line":102,"column":49},"end":{"line":149,"column":1}},"line":102},"3":{"name":"(anonymous_3)","decl":{"start":{"line":152,"column":23},"end":{"line":152,"column":24}},"loc":{"start":{"line":152,"column":54},"end":{"line":181,"column":1}},"line":152}},"branchMap":{"0":{"loc":{"start":{"line":7,"column":31},"end":{"line":7,"column":45}},"type":"default-arg","locations":[{"start":{"line":7,"column":37},"end":{"line":7,"column":45}}],"line":7},"1":{"loc":{"start":{"line":12,"column":4},"end":{"line":19,"column":5}},"type":"if","locations":[{"start":{"line":12,"column":4},"end":{"line":19,"column":5}},{"start":{},"end":{}}],"line":12},"2":{"loc":{"start":{"line":22,"column":4},"end":{"line":24,"column":5}},"type":"if","locations":[{"start":{"line":22,"column":4},"end":{"line":24,"column":5}},{"start":{},"end":{}}],"line":22},"3":{"loc":{"start":{"line":48,"column":31},"end":{"line":48,"column":45}},"type":"default-arg","locations":[{"start":{"line":48,"column":37},"end":{"line":48,"column":45}}],"line":48},"4":{"loc":{"start":{"line":53,"column":2},"end":{"line":60,"column":3}},"type":"if","locations":[{"start":{"line":53,"column":2},"end":{"line":60,"column":3}},{"start":{},"end":{}}],"line":53},"5":{"loc":{"start":{"line":67,"column":4},"end":{"line":74,"column":5}},"type":"if","locations":[{"start":{"line":67,"column":4},"end":{"line":74,"column":5}},{"start":{},"end":{}}],"line":67},"6":{"loc":{"start":{"line":84,"column":4},"end":{"line":91,"column":5}},"type":"if","locations":[{"start":{"line":84,"column":4},"end":{"line":91,"column":5}},{"start":{},"end":{}}],"line":84},"7":{"loc":{"start":{"line":102,"column":30},"end":{"line":102,"column":44}},"type":"default-arg","locations":[{"start":{"line":102,"column":36},"end":{"line":102,"column":44}}],"line":102},"8":{"loc":{"start":{"line":109,"column":4},"end":{"line":116,"column":5}},"type":"if","locations":[{"start":{"line":109,"column":4},"end":{"line":116,"column":5}},{"start":{},"end":{}}],"line":109},"9":{"loc":{"start":{"line":121,"column":4},"end":{"line":128,"column":5}},"type":"if","locations":[{"start":{"line":121,"column":4},"end":{"line":128,"column":5}},{"start":{},"end":{}}],"line":121},"10":{"loc":{"start":{"line":152,"column":35},"end":{"line":152,"column":49}},"type":"default-arg","locations":[{"start":{"line":152,"column":41},"end":{"line":152,"column":49}}],"line":152},"11":{"loc":{"start":{"line":156,"column":4},"end":{"line":163,"column":5}},"type":"if","locations":[{"start":{"line":156,"column":4},"end":{"line":163,"column":5}},{"start":{},"end":{}}],"line":156}},"s":{"0":4,"1":4,"2":4,"3":4,"4":4,"5":4,"6":27,"7":27,"8":27,"9":27,"10":5,"11":22,"12":22,"13":0,"14":22,"15":22,"16":22,"17":0,"18":0,"19":4,"20":4,"21":4,"22":4,"23":4,"24":1,"25":3,"26":3,"27":3,"28":2,"29":1,"30":1,"31":1,"32":1,"33":1,"34":1,"35":0,"36":4,"37":19,"38":19,"39":19,"40":19,"41":1,"42":18,"43":16,"44":0,"45":16,"46":16,"47":2,"48":2,"49":4,"50":0,"51":0,"52":0,"53":0,"54":0,"55":0,"56":0,"57":0,"58":4},"f":{"0":27,"1":4,"2":19,"3":0},"b":{"0":[0],"1":[5,22],"2":[0,22],"3":[0],"4":[1,3],"5":[1,1],"6":[1,0],"7":[0],"8":[1,18],"9":[0,16],"10":[0],"11":[0,0]},"inputSourceMap":null,"_coverageSchema":"1a1c01bbd47fc00a2c39e90264f33305004495a9","hash":"72c72fead76f70ccba46d89617654044f4312f7c"}
,"C:\\Users\\jblan\\Documents\\Proyectos desarrollo\\Electiva 2 (Desarrollo de software 2)\\Product-Prowess_Dividido\\Product-Prowess-Backend\\scr\\infrastructure\\middlewares\\validateFields.js": {"path":"C:\\Users\\jblan\\Documents\\Proyectos desarrollo\\Electiva 2 (Desarrollo de software 2)\\Product-Prowess_Dividido\\Product-Prowess-Backend\\scr\\infrastructure\\middlewares\\validateFields.js","statementMap":{"0":{"start":{"line":1,"column":21},"end":{"line":1,"column":39}},"1":{"start":{"line":2,"column":29},"end":{"line":2,"column":57}},"2":{"start":{"line":4,"column":23},"end":{"line":15,"column":1}},"3":{"start":{"line":5,"column":17},"end":{"line":5,"column":38}},"4":{"start":{"line":7,"column":2},"end":{"line":12,"column":3}},"5":{"start":{"line":8,"column":4},"end":{"line":11,"column":7}},"6":{"start":{"line":14,"column":2},"end":{"line":14,"column":9}},"7":{"start":{"line":17,"column":0},"end":{"line":19,"column":1}}},"fnMap":{"0":{"name":"(anonymous_0)","decl":{"start":{"line":4,"column":23},"end":{"line":4,"column":24}},"loc":{"start":{"line":4,"column":54},"end":{"line":15,"column":1}},"line":4}},"branchMap":{"0":{"loc":{"start":{"line":4,"column":29},"end":{"line":4,"column":43}},"type":"default-arg","locations":[{"start":{"line":4,"column":35},"end":{"line":4,"column":43}}],"line":4},"1":{"loc":{"start":{"line":7,"column":2},"end":{"line":12,"column":3}},"type":"if","locations":[{"start":{"line":7,"column":2},"end":{"line":12,"column":3}},{"start":{},"end":{}}],"line":7}},"s":{"0":4,"1":4,"2":4,"3":88,"4":88,"5":7,"6":81,"7":4},"f":{"0":88},"b":{"0":[0],"1":[7,81]},"inputSourceMap":null,"_coverageSchema":"1a1c01bbd47fc00a2c39e90264f33305004495a9","hash":"57f114c2dcf5b842702bdb1d3ae69298031a5697"}
,"C:\\Users\\jblan\\Documents\\Proyectos desarrollo\\Electiva 2 (Desarrollo de software 2)\\Product-Prowess_Dividido\\Product-Prowess-Backend\\scr\\infrastructure\\models\\commentsModel.js": {"path":"C:\\Users\\jblan\\Documents\\Proyectos desarrollo\\Electiva 2 (Desarrollo de software 2)\\Product-Prowess_Dividido\\Product-Prowess-Backend\\scr\\infrastructure\\models\\commentsModel.js","statementMap":{"0":{"start":{"line":1,"column":47},"end":{"line":1,"column":66}},"1":{"start":{"line":3,"column":23},"end":{"line":33,"column":2}},"2":{"start":{"line":35,"column":0},"end":{"line":35,"column":51}}},"fnMap":{},"branchMap":{},"s":{"0":4,"1":4,"2":4},"f":{},"b":{},"inputSourceMap":null,"_coverageSchema":"1a1c01bbd47fc00a2c39e90264f33305004495a9","hash":"6a7affd38a65c8688fdc8010522313bc81942d48"}
,"C:\\Users\\jblan\\Documents\\Proyectos desarrollo\\Electiva 2 (Desarrollo de software 2)\\Product-Prowess_Dividido\\Product-Prowess-Backend\\scr\\infrastructure\\models\\followsModel.js": {"path":"C:\\Users\\jblan\\Documents\\Proyectos desarrollo\\Electiva 2 (Desarrollo de software 2)\\Product-Prowess_Dividido\\Product-Prowess-Backend\\scr\\infrastructure\\models\\followsModel.js","statementMap":{"0":{"start":{"line":1,"column":47},"end":{"line":1,"column":66}},"1":{"start":{"line":3,"column":21},"end":{"line":14,"column":2}},"2":{"start":{"line":16,"column":0},"end":{"line":16,"column":47}}},"fnMap":{},"branchMap":{},"s":{"0":4,"1":4,"2":4},"f":{},"b":{},"inputSourceMap":null,"_coverageSchema":"1a1c01bbd47fc00a2c39e90264f33305004495a9","hash":"4f20b5e210d93d7facbdb7453a36883f180fafc2"}
,"C:\\Users\\jblan\\Documents\\Proyectos desarrollo\\Electiva 2 (Desarrollo de software 2)\\Product-Prowess_Dividido\\Product-Prowess-Backend\\scr\\infrastructure\\models\\productsModel.js": {"path":"C:\\Users\\jblan\\Documents\\Proyectos desarrollo\\Electiva 2 (Desarrollo de software 2)\\Product-Prowess_Dividido\\Product-Prowess-Backend\\scr\\infrastructure\\models\\productsModel.js","statementMap":{"0":{"start":{"line":1,"column":47},"end":{"line":1,"column":66}},"1":{"start":{"line":3,"column":22},"end":{"line":54,"column":2}},"2":{"start":{"line":56,"column":0},"end":{"line":56,"column":50}}},"fnMap":{},"branchMap":{},"s":{"0":4,"1":4,"2":4},"f":{},"b":{},"inputSourceMap":null,"_coverageSchema":"1a1c01bbd47fc00a2c39e90264f33305004495a9","hash":"107e853b7d6da508443e54da625c6e8076bfe3eb"}
,"C:\\Users\\jblan\\Documents\\Proyectos desarrollo\\Electiva 2 (Desarrollo de software 2)\\Product-Prowess_Dividido\\Product-Prowess-Backend\\scr\\infrastructure\\models\\usersModel.js": {"path":"C:\\Users\\jblan\\Documents\\Proyectos desarrollo\\Electiva 2 (Desarrollo de software 2)\\Product-Prowess_Dividido\\Product-Prowess-Backend\\scr\\infrastructure\\models\\usersModel.js","statementMap":{"0":{"start":{"line":1,"column":26},"end":{"line":1,"column":45}},"1":{"start":{"line":2,"column":15},"end":{"line":2,"column":32}},"2":{"start":{"line":4,"column":19},"end":{"line":38,"column":2}},"3":{"start":{"line":40,"column":0},"end":{"line":43,"column":2}},"4":{"start":{"line":41,"column":15},"end":{"line":41,"column":39}},"5":{"start":{"line":42,"column":2},"end":{"line":42,"column":37}},"6":{"start":{"line":45,"column":0},"end":{"line":47,"column":2}},"7":{"start":{"line":46,"column":2},"end":{"line":46,"column":48}},"8":{"start":{"line":49,"column":0},"end":{"line":49,"column":43}}},"fnMap":{"0":{"name":"(anonymous_0)","decl":{"start":{"line":40,"column":37},"end":{"line":40,"column":38}},"loc":{"start":{"line":40,"column":57},"end":{"line":43,"column":1}},"line":40},"1":{"name":"(anonymous_1)","decl":{"start":{"line":45,"column":37},"end":{"line":45,"column":38}},"loc":{"start":{"line":45,"column":71},"end":{"line":47,"column":1}},"line":45}},"branchMap":{},"s":{"0":4,"1":4,"2":4,"3":4,"4":22,"5":22,"6":4,"7":18,"8":4},"f":{"0":22,"1":18},"b":{},"inputSourceMap":null,"_coverageSchema":"1a1c01bbd47fc00a2c39e90264f33305004495a9","hash":"3488bc167bdb829ff7c99dd4b70c4079159caaa3"}
,"C:\\Users\\jblan\\Documents\\Proyectos desarrollo\\Electiva 2 (Desarrollo de software 2)\\Product-Prowess_Dividido\\Product-Prowess-Backend\\scr\\infrastructure\\routes\\commentsRoute.js": {"path":"C:\\Users\\jblan\\Documents\\Proyectos desarrollo\\Electiva 2 (Desarrollo de software 2)\\Product-Prowess_Dividido\\Product-Prowess-Backend\\scr\\infrastructure\\routes\\commentsRoute.js","statementMap":{"0":{"start":{"line":1,"column":19},"end":{"line":1,"column":37}},"1":{"start":{"line":2,"column":15},"end":{"line":2,"column":23}},"2":{"start":{"line":4,"column":51},"end":{"line":4,"column":95}},"3":{"start":{"line":5,"column":18},"end":{"line":5,"column":46}},"4":{"start":{"line":6,"column":27},"end":{"line":6,"column":67}},"5":{"start":{"line":64,"column":0},"end":{"line":72,"column":2}},"6":{"start":{"line":99,"column":0},"end":{"line":102,"column":2}},"7":{"start":{"line":104,"column":0},"end":{"line":104,"column":24}}},"fnMap":{},"branchMap":{},"s":{"0":4,"1":4,"2":4,"3":4,"4":4,"5":4,"6":4,"7":4},"f":{},"b":{},"inputSourceMap":null,"_coverageSchema":"1a1c01bbd47fc00a2c39e90264f33305004495a9","hash":"109693972d1ddeb40e7141964b52fbd46e5d8a5b"}
,"C:\\Users\\jblan\\Documents\\Proyectos desarrollo\\Electiva 2 (Desarrollo de software 2)\\Product-Prowess_Dividido\\Product-Prowess-Backend\\scr\\infrastructure\\routes\\followRoute.js": {"path":"C:\\Users\\jblan\\Documents\\Proyectos desarrollo\\Electiva 2 (Desarrollo de software 2)\\Product-Prowess_Dividido\\Product-Prowess-Backend\\scr\\infrastructure\\routes\\followRoute.js","statementMap":{"0":{"start":{"line":1,"column":19},"end":{"line":1,"column":37}},"1":{"start":{"line":2,"column":15},"end":{"line":2,"column":23}},"2":{"start":{"line":4,"column":67},"end":{"line":4,"column":109}},"3":{"start":{"line":5,"column":18},"end":{"line":5,"column":46}},"4":{"start":{"line":6,"column":27},"end":{"line":6,"column":67}},"5":{"start":{"line":53,"column":0},"end":{"line":60,"column":2}},"6":{"start":{"line":90,"column":0},"end":{"line":97,"column":4}},"7":{"start":{"line":124,"column":2},"end":{"line":127,"column":4}},"8":{"start":{"line":153,"column":2},"end":{"line":156,"column":4}},"9":{"start":{"line":159,"column":0},"end":{"line":159,"column":24}}},"fnMap":{},"branchMap":{},"s":{"0":4,"1":4,"2":4,"3":4,"4":4,"5":4,"6":4,"7":4,"8":4,"9":4},"f":{},"b":{},"inputSourceMap":null,"_coverageSchema":"1a1c01bbd47fc00a2c39e90264f33305004495a9","hash":"f8451b8fd0f46c8cdad9c7e7731a2f7176c7ff0d"}
,"C:\\Users\\jblan\\Documents\\Proyectos desarrollo\\Electiva 2 (Desarrollo de software 2)\\Product-Prowess_Dividido\\Product-Prowess-Backend\\scr\\infrastructure\\routes\\productsRoute.js": {"path":"C:\\Users\\jblan\\Documents\\Proyectos desarrollo\\Electiva 2 (Desarrollo de software 2)\\Product-Prowess_Dividido\\Product-Prowess-Backend\\scr\\infrastructure\\routes\\productsRoute.js","statementMap":{"0":{"start":{"line":1,"column":19},"end":{"line":1,"column":37}},"1":{"start":{"line":2,"column":15},"end":{"line":2,"column":23}},"2":{"start":{"line":5,"column":123},"end":{"line":5,"column":167}},"3":{"start":{"line":6,"column":18},"end":{"line":6,"column":46}},"4":{"start":{"line":7,"column":27},"end":{"line":7,"column":67}},"5":{"start":{"line":72,"column":0},"end":{"line":84,"column":2}},"6":{"start":{"line":122,"column":0},"end":{"line":131,"column":2}},"7":{"start":{"line":161,"column":0},"end":{"line":164,"column":2}},"8":{"start":{"line":192,"column":0},"end":{"line":195,"column":2}},"9":{"start":{"line":225,"column":0},"end":{"line":228,"column":2}},"10":{"start":{"line":246,"column":0},"end":{"line":249,"column":2}},"11":{"start":{"line":275,"column":0},"end":{"line":278,"column":2}},"12":{"start":{"line":325,"column":0},"end":{"line":328,"column":2}},"13":{"start":{"line":330,"column":0},"end":{"line":330,"column":24}}},"fnMap":{},"branchMap":{},"s":{"0":4,"1":4,"2":4,"3":4,"4":4,"5":4,"6":4,"7":4,"8":4,"9":4,"10":4,"11":4,"12":4,"13":4},"f":{},"b":{},"inputSourceMap":null,"_coverageSchema":"1a1c01bbd47fc00a2c39e90264f33305004495a9","hash":"a2d333e33121e1d0c0b90fd6028d0e8899af7e0f"}
,"C:\\Users\\jblan\\Documents\\Proyectos desarrollo\\Electiva 2 (Desarrollo de software 2)\\Product-Prowess_Dividido\\Product-Prowess-Backend\\scr\\infrastructure\\routes\\publicProductsRoute.js": {"path":"C:\\Users\\jblan\\Documents\\Proyectos desarrollo\\Electiva 2 (Desarrollo de software 2)\\Product-Prowess_Dividido\\Product-Prowess-Backend\\scr\\infrastructure\\routes\\publicProductsRoute.js","statementMap":{"0":{"start":{"line":1,"column":19},"end":{"line":1,"column":37}},"1":{"start":{"line":2,"column":15},"end":{"line":2,"column":23}},"2":{"start":{"line":4,"column":33},"end":{"line":4,"column":77}},"3":{"start":{"line":6,"column":0},"end":{"line":6,"column":53}},"4":{"start":{"line":8,"column":0},"end":{"line":8,"column":24}}},"fnMap":{},"branchMap":{},"s":{"0":4,"1":4,"2":4,"3":4,"4":4},"f":{},"b":{},"inputSourceMap":null,"_coverageSchema":"1a1c01bbd47fc00a2c39e90264f33305004495a9","hash":"7cb5a330fc7972ad3c2a5abaaefb35d756108929"}
,"C:\\Users\\jblan\\Documents\\Proyectos desarrollo\\Electiva 2 (Desarrollo de software 2)\\Product-Prowess_Dividido\\Product-Prowess-Backend\\scr\\infrastructure\\routes\\usersRoute.js": {"path":"C:\\Users\\jblan\\Documents\\Proyectos desarrollo\\Electiva 2 (Desarrollo de software 2)\\Product-Prowess_Dividido\\Product-Prowess-Backend\\scr\\infrastructure\\routes\\usersRoute.js","statementMap":{"0":{"start":{"line":1,"column":19},"end":{"line":1,"column":37}},"1":{"start":{"line":2,"column":15},"end":{"line":2,"column":23}},"2":{"start":{"line":4,"column":62},"end":{"line":4,"column":103}},"3":{"start":{"line":5,"column":18},"end":{"line":5,"column":46}},"4":{"start":{"line":6,"column":27},"end":{"line":6,"column":67}},"5":{"start":{"line":77,"column":0},"end":{"line":87,"column":2}},"6":{"start":{"line":128,"column":0},"end":{"line":136,"column":2}},"7":{"start":{"line":187,"column":0},"end":{"line":196,"column":2}},"8":{"start":{"line":198,"column":0},"end":{"line":201,"column":2}},"9":{"start":{"line":203,"column":0},"end":{"line":203,"column":24}}},"fnMap":{},"branchMap":{},"s":{"0":4,"1":4,"2":4,"3":4,"4":4,"5":4,"6":4,"7":4,"8":4,"9":4},"f":{},"b":{},"inputSourceMap":null,"_coverageSchema":"1a1c01bbd47fc00a2c39e90264f33305004495a9","hash":"ad5ae2c81f02fbeacb8f25e53e49f33714b72f0b"}
}
