TN:
SF:index.js
FN:38,(anonymous_0)
FN:47,(anonymous_1)
FN:60,(anonymous_2)
FNF:3
FNH:3
FNDA:4,(anonymous_0)
FNDA:4,(anonymous_1)
FNDA:116,(anonymous_2)
DA:1,4
DA:2,4
DA:3,4
DA:4,4
DA:5,4
DA:6,4
DA:9,4
DA:13,4
DA:14,4
DA:15,4
DA:32,4
DA:35,4
DA:38,4
DA:39,4
DA:40,0
DA:41,4
DA:42,0
DA:43,4
DA:44,4
DA:47,4
DA:48,4
DA:51,4
DA:54,4
DA:55,0
DA:60,4
DA:61,116
DA:62,116
DA:63,116
DA:64,116
DA:69,4
DA:70,4
DA:71,4
DA:72,4
DA:73,4
DA:74,4
DA:77,4
LF:36
LH:33
BRDA:39,0,0,0
BRDA:39,0,1,4
BRDA:41,1,0,0
BRDA:41,1,1,4
BRDA:43,2,0,4
BRDA:43,2,1,0
BRDA:54,3,0,0
BRDA:54,3,1,4
BRF:8
BRH:4
end_of_record
TN:
SF:scr\application\services\commentService.js
FN:7,(anonymous_0)
FN:23,(anonymous_1)
FNF:2
FNH:2
FNDA:4,(anonymous_0)
FNDA:4,(anonymous_1)
DA:2,4
DA:3,4
DA:4,4
DA:8,4
DA:9,4
DA:11,4
DA:12,4
DA:14,1
DA:18,3
DA:19,3
DA:20,3
DA:22,3
DA:23,4
DA:24,3
DA:25,3
DA:26,3
DA:28,1
DA:34,4
LF:18
LH:18
BRF:0
BRH:0
end_of_record
TN:
SF:scr\application\services\followService.js
FN:6,(anonymous_0)
FN:31,(anonymous_1)
FNF:2
FNH:2
FNDA:7,(anonymous_0)
FNDA:2,(anonymous_1)
DA:1,4
DA:2,4
DA:3,4
DA:7,7
DA:8,7
DA:10,7
DA:11,7
DA:16,1
DA:18,6
DA:19,1
DA:22,5
DA:23,5
DA:24,5
DA:25,5
DA:27,2
DA:32,2
DA:33,2
DA:35,2
DA:36,2
DA:41,0
DA:43,2
DA:44,1
DA:46,1
DA:48,1
DA:56,4
LF:25
LH:24
BRDA:18,0,0,1
BRDA:18,0,1,5
BRDA:43,1,0,1
BRDA:43,1,1,1
BRF:4
BRH:4
end_of_record
TN:
SF:scr\application\services\productService.js
FN:6,(anonymous_0)
FN:24,(anonymous_1)
FN:46,(anonymous_2)
FNF:3
FNH:3
FNDA:11,(anonymous_0)
FNDA:2,(anonymous_1)
FNDA:2,(anonymous_2)
DA:2,4
DA:3,4
DA:7,11
DA:8,11
DA:9,11
DA:11,11
DA:12,1
DA:15,10
DA:16,10
DA:17,10
DA:18,10
DA:20,1
DA:25,2
DA:26,2
DA:27,2
DA:28,2
DA:29,1
DA:30,1
DA:31,1
DA:33,1
DA:34,1
DA:36,1
DA:42,1
DA:47,2
DA:49,2
DA:50,2
DA:52,1
DA:55,1
DA:56,0
DA:59,1
DA:62,1
DA:69,4
LF:32
LH:31
BRDA:11,0,0,1
BRDA:11,0,1,10
BRDA:55,1,0,0
BRDA:55,1,1,1
BRF:4
BRH:3
end_of_record
TN:
SF:scr\application\services\userService.js
FN:5,(anonymous_0)
FN:18,(anonymous_1)
FN:44,(anonymous_2)
FNF:3
FNH:3
FNDA:22,(anonymous_0)
FNDA:1,(anonymous_1)
FNDA:18,(anonymous_2)
DA:1,4
DA:2,4
DA:6,22
DA:7,22
DA:8,22
DA:9,22
DA:10,22
DA:11,22
DA:12,22
DA:14,0
DA:19,1
DA:20,1
DA:22,1
DA:24,1
DA:26,1
DA:27,1
DA:29,1
DA:30,1
DA:32,1
DA:33,1
DA:36,1
DA:38,1
DA:40,0
DA:45,18
DA:46,18
DA:48,18
DA:49,0
DA:52,18
DA:54,17
DA:55,1
DA:58,16
DA:65,2
DA:71,4
LF:33
LH:30
BRDA:26,0,0,1
BRDA:26,0,1,0
BRDA:29,1,0,1
BRDA:29,1,1,0
BRDA:32,2,0,1
BRDA:32,2,1,0
BRDA:48,3,0,0
BRDA:48,3,1,18
BRDA:54,4,0,1
BRDA:54,4,1,16
BRF:10
BRH:6
end_of_record
TN:
SF:scr\domain\entities\comment.js
FN:2,(anonymous_0)
FNF:1
FNH:1
FNDA:3,(anonymous_0)
DA:3,3
DA:4,3
DA:5,3
DA:6,3
DA:7,3
DA:8,3
DA:12,4
LF:7
LH:7
BRF:0
BRH:0
end_of_record
TN:
SF:scr\domain\entities\follow.js
FN:2,(anonymous_0)
FNF:1
FNH:1
FNDA:5,(anonymous_0)
DA:3,5
DA:4,5
DA:8,4
LF:3
LH:3
BRF:0
BRH:0
end_of_record
TN:
SF:scr\domain\entities\produc.js
FN:2,(anonymous_0)
FNF:1
FNH:1
FNDA:10,(anonymous_0)
DA:3,10
DA:4,10
DA:5,10
DA:6,10
DA:7,10
DA:8,10
DA:9,10
DA:10,10
DA:11,10
DA:12,10
DA:16,4
LF:11
LH:11
BRF:0
BRH:0
end_of_record
TN:
SF:scr\domain\entities\user.js
FN:2,(anonymous_0)
FNF:1
FNH:1
FNDA:22,(anonymous_0)
DA:3,22
DA:4,22
DA:5,22
DA:6,22
DA:7,22
DA:8,22
DA:9,22
DA:13,4
LF:8
LH:8
BRF:0
BRH:0
end_of_record
TN:
SF:scr\infrastructure\controllers\commentsController.js
FN:10,(anonymous_0)
FN:65,(anonymous_1)
FN:73,(anonymous_2)
FN:82,(anonymous_3)
FNF:4
FNH:4
FNDA:5,(anonymous_0)
FNDA:2,(anonymous_1)
FNDA:2,(anonymous_2)
FNDA:3,(anonymous_3)
DA:1,4
DA:2,4
DA:3,4
DA:4,4
DA:5,4
DA:6,4
DA:7,4
DA:8,4
DA:10,4
DA:11,5
DA:12,5
DA:13,5
DA:15,5
DA:16,0
DA:24,5
DA:25,5
DA:26,5
DA:27,4
DA:28,4
DA:30,3
DA:37,2
DA:38,1
DA:45,1
DA:46,1
DA:53,0
DA:54,0
DA:65,4
DA:66,2
DA:67,2
DA:68,2
DA:69,2
DA:70,2
DA:73,2
DA:79,2
DA:82,4
DA:83,3
DA:84,3
DA:86,3
DA:87,0
DA:95,3
DA:96,3
DA:97,3
DA:100,2
DA:101,2
DA:103,1
DA:111,1
DA:113,1
DA:120,1
DA:130,4
LF:49
LH:45
BRDA:10,0,0,0
BRDA:15,1,0,0
BRDA:15,1,1,5
BRDA:37,2,0,1
BRDA:37,2,1,1
BRDA:45,3,0,1
BRDA:45,3,1,0
BRDA:82,4,0,0
BRDA:86,5,0,0
BRDA:86,5,1,3
BRF:10
BRH:5
end_of_record
TN:
SF:scr\infrastructure\controllers\followController.js
FN:9,(anonymous_0)
FN:71,(anonymous_1)
FN:125,(anonymous_2)
FN:143,(anonymous_3)
FN:183,(anonymous_4)
FN:202,(anonymous_5)
FNF:6
FNH:6
FNDA:8,(anonymous_0)
FNDA:3,(anonymous_1)
FNDA:3,(anonymous_2)
FNDA:1,(anonymous_3)
FNDA:3,(anonymous_4)
FNDA:1,(anonymous_5)
DA:1,4
DA:2,4
DA:3,4
DA:4,4
DA:5,4
DA:6,4
DA:9,4
DA:10,8
DA:11,8
DA:13,8
DA:14,0
DA:22,8
DA:23,8
DA:24,8
DA:26,7
DA:27,7
DA:29,5
DA:37,3
DA:38,1
DA:45,2
DA:46,1
DA:53,1
DA:54,1
DA:61,0
DA:71,4
DA:72,3
DA:73,3
DA:75,3
DA:76,0
DA:84,3
DA:85,3
DA:86,3
DA:88,2
DA:89,2
DA:91,1
DA:99,2
DA:100,1
DA:107,1
DA:108,1
DA:115,0
DA:125,4
DA:126,3
DA:127,3
DA:129,3
DA:130,0
DA:138,3
DA:139,3
DA:140,3
DA:141,2
DA:142,2
DA:143,1
DA:145,1
DA:149,1
DA:156,2
DA:157,1
DA:164,1
DA:165,1
DA:172,0
DA:183,4
DA:184,3
DA:185,3
DA:188,3
DA:189,0
DA:197,3
DA:198,3
DA:199,3
DA:200,2
DA:201,2
DA:202,1
DA:204,1
DA:208,1
DA:215,2
DA:216,1
DA:223,1
DA:224,1
DA:231,0
DA:242,4
LF:77
LH:69
BRDA:9,0,0,0
BRDA:13,1,0,0
BRDA:13,1,1,8
BRDA:37,2,0,1
BRDA:37,2,1,2
BRDA:45,3,0,1
BRDA:45,3,1,1
BRDA:53,4,0,1
BRDA:53,4,1,0
BRDA:71,5,0,0
BRDA:75,6,0,0
BRDA:75,6,1,3
BRDA:99,7,0,1
BRDA:99,7,1,1
BRDA:107,8,0,1
BRDA:107,8,1,0
BRDA:125,9,0,0
BRDA:129,10,0,0
BRDA:129,10,1,3
BRDA:156,11,0,1
BRDA:156,11,1,1
BRDA:164,12,0,1
BRDA:164,12,1,0
BRDA:183,13,0,0
BRDA:188,14,0,0
BRDA:188,14,1,3
BRDA:215,15,0,1
BRDA:215,15,1,1
BRDA:223,16,0,1
BRDA:223,16,1,0
BRF:30
BRH:18
end_of_record
TN:
SF:scr\infrastructure\controllers\productsController.js
FN:10,(anonymous_0)
FN:67,(anonymous_1)
FN:124,(anonymous_2)
FN:178,(anonymous_3)
FN:240,(anonymous_4)
FN:295,(anonymous_5)
FN:346,(anonymous_6)
FN:383,(anonymous_7)
FN:388,(anonymous_8)
FN:415,(anonymous_9)
FNF:10
FNH:8
FNDA:12,(anonymous_0)
FNDA:3,(anonymous_1)
FNDA:3,(anonymous_2)
FNDA:3,(anonymous_3)
FNDA:5,(anonymous_4)
FNDA:3,(anonymous_5)
FNDA:2,(anonymous_6)
FNDA:0,(anonymous_7)
FNDA:0,(anonymous_8)
FNDA:2,(anonymous_9)
DA:1,4
DA:2,4
DA:3,4
DA:4,4
DA:5,4
DA:6,4
DA:7,4
DA:8,4
DA:10,4
DA:11,12
DA:12,12
DA:14,12
DA:15,0
DA:23,12
DA:24,12
DA:25,12
DA:27,11
DA:28,11
DA:30,10
DA:40,2
DA:41,1
DA:48,1
DA:49,1
DA:56,0
DA:67,4
DA:68,3
DA:69,3
DA:70,3
DA:72,3
DA:73,0
DA:81,3
DA:82,3
DA:84,3
DA:86,2
DA:87,2
DA:89,1
DA:98,2
DA:99,1
DA:107,1
DA:108,1
DA:115,0
DA:124,4
DA:125,3
DA:126,3
DA:128,3
DA:129,0
DA:137,3
DA:138,3
DA:139,3
DA:140,2
DA:142,1
DA:151,2
DA:152,1
DA:159,1
DA:160,1
DA:167,0
DA:178,4
DA:179,3
DA:180,3
DA:182,3
DA:183,0
DA:191,3
DA:192,3
DA:194,3
DA:195,2
DA:196,2
DA:197,2
DA:199,1
DA:208,1
DA:209,1
DA:211,1
DA:228,1
DA:240,4
DA:241,5
DA:243,5
DA:244,5
DA:245,0
DA:253,5
DA:254,5
DA:255,5
DA:256,4
DA:257,4
DA:258,1
DA:260,3
DA:269,4
DA:270,1
DA:278,3
DA:286,1
DA:295,4
DA:296,3
DA:297,3
DA:299,3
DA:300,0
DA:308,3
DA:309,3
DA:311,3
DA:312,2
DA:313,2
DA:314,2
DA:316,1
DA:325,1
DA:334,1
DA:346,4
DA:347,2
DA:348,2
DA:350,2
DA:351,1
DA:358,1
DA:359,1
DA:360,1
DA:362,1
DA:365,1
DA:374,0
DA:383,4
DA:384,0
DA:385,0
DA:388,0
DA:389,0
DA:390,0
DA:397,0
DA:404,0
DA:405,0
DA:415,4
DA:416,2
DA:417,2
DA:418,2
DA:419,0
DA:426,2
DA:427,2
DA:428,2
DA:429,1
DA:431,1
DA:432,1
DA:434,1
DA:435,1
DA:437,1
DA:438,0
DA:440,1
DA:441,1
DA:445,0
DA:446,0
DA:447,0
DA:448,0
DA:451,1
DA:453,1
DA:458,1
DA:459,1
DA:466,0
DA:476,4
LF:149
LH:124
BRDA:10,0,0,0
BRDA:14,1,0,0
BRDA:14,1,1,12
BRDA:40,2,0,1
BRDA:40,2,1,1
BRDA:48,3,0,1
BRDA:48,3,1,0
BRDA:67,4,0,0
BRDA:72,5,0,0
BRDA:72,5,1,3
BRDA:98,6,0,1
BRDA:98,6,1,1
BRDA:107,7,0,1
BRDA:107,7,1,0
BRDA:124,8,0,0
BRDA:128,9,0,0
BRDA:128,9,1,3
BRDA:151,10,0,1
BRDA:151,10,1,1
BRDA:159,11,0,1
BRDA:159,11,1,0
BRDA:178,12,0,0
BRDA:182,13,0,0
BRDA:182,13,1,3
BRDA:240,14,0,0
BRDA:244,15,0,0
BRDA:244,15,1,5
BRDA:257,16,0,1
BRDA:257,16,1,3
BRDA:269,17,0,1
BRDA:269,17,1,3
BRDA:269,18,0,4
BRDA:269,18,1,4
BRDA:295,19,0,0
BRDA:299,20,0,0
BRDA:299,20,1,3
BRDA:346,21,0,0
BRDA:350,22,0,1
BRDA:350,22,1,1
BRDA:383,23,0,0
BRDA:392,24,0,0
BRDA:392,24,1,0
BRDA:393,25,0,0
BRDA:393,25,1,0
BRDA:415,26,0,0
BRDA:418,27,0,0
BRDA:418,27,1,2
BRDA:431,28,0,1
BRDA:431,28,1,0
BRDA:434,29,0,1
BRDA:434,29,1,0
BRDA:437,30,0,0
BRDA:437,30,1,1
BRDA:440,31,0,1
BRDA:440,31,1,0
BRDA:440,32,0,1
BRDA:440,32,1,1
BRDA:445,33,0,0
BRDA:445,33,1,0
BRDA:447,34,0,0
BRDA:447,34,1,0
BRDA:458,35,0,1
BRDA:458,35,1,0
BRF:63
BRH:31
end_of_record
TN:
SF:scr\infrastructure\controllers\tokenController.js
FN:5,(anonymous_0)
FN:10,(anonymous_1)
FN:11,(anonymous_2)
FN:12,(anonymous_3)
FNF:4
FNH:4
FNDA:16,(anonymous_0)
FNDA:60,(anonymous_1)
FNDA:60,(anonymous_2)
FNDA:60,(anonymous_3)
DA:1,4
DA:2,4
DA:3,4
DA:5,4
DA:6,16
DA:7,16
DA:10,4
DA:11,60
DA:12,60
DA:13,60
DA:14,14
DA:16,60
DA:21,4
LF:13
LH:13
BRDA:13,0,0,14
BRDA:13,0,1,46
BRF:2
BRH:2
end_of_record
TN:
SF:scr\infrastructure\controllers\usersController.js
FN:7,(anonymous_0)
FN:48,(anonymous_1)
FN:102,(anonymous_2)
FN:152,(anonymous_3)
FNF:4
FNH:3
FNDA:27,(anonymous_0)
FNDA:4,(anonymous_1)
FNDA:19,(anonymous_2)
FNDA:0,(anonymous_3)
DA:1,4
DA:2,4
DA:3,4
DA:4,4
DA:5,4
DA:7,4
DA:8,27
DA:9,27
DA:10,27
DA:12,27
DA:13,5
DA:21,22
DA:22,22
DA:23,0
DA:26,22
DA:27,22
DA:29,22
DA:38,0
DA:39,0
DA:48,4
DA:49,4
DA:50,4
DA:51,4
DA:53,4
DA:54,1
DA:62,3
DA:63,3
DA:65,3
DA:67,2
DA:68,1
DA:76,1
DA:77,1
DA:79,1
DA:84,1
DA:85,1
DA:92,0
DA:102,4
DA:103,19
DA:105,19
DA:107,19
DA:109,19
DA:110,1
DA:119,18
DA:121,16
DA:122,0
DA:130,16
DA:132,16
DA:141,2
DA:142,2
DA:152,4
DA:153,0
DA:154,0
DA:155,0
DA:156,0
DA:157,0
DA:164,0
DA:173,0
DA:174,0
DA:183,4
LF:59
LH:46
BRDA:7,0,0,0
BRDA:12,1,0,5
BRDA:12,1,1,22
BRDA:22,2,0,0
BRDA:22,2,1,22
BRDA:48,3,0,0
BRDA:53,4,0,1
BRDA:53,4,1,3
BRDA:67,5,0,1
BRDA:67,5,1,1
BRDA:84,6,0,1
BRDA:84,6,1,0
BRDA:102,7,0,0
BRDA:109,8,0,1
BRDA:109,8,1,18
BRDA:121,9,0,0
BRDA:121,9,1,16
BRDA:152,10,0,0
BRDA:156,11,0,0
BRDA:156,11,1,0
BRF:20
BRH:11
end_of_record
TN:
SF:scr\infrastructure\middlewares\validateFields.js
FN:4,(anonymous_0)
FNF:1
FNH:1
FNDA:88,(anonymous_0)
DA:1,4
DA:2,4
DA:4,4
DA:5,88
DA:7,88
DA:8,7
DA:14,81
DA:17,4
LF:8
LH:8
BRDA:4,0,0,0
BRDA:7,1,0,7
BRDA:7,1,1,81
BRF:3
BRH:2
end_of_record
TN:
SF:scr\infrastructure\models\commentsModel.js
FNF:0
FNH:0
DA:1,4
DA:3,4
DA:35,4
LF:3
LH:3
BRF:0
BRH:0
end_of_record
TN:
SF:scr\infrastructure\models\followsModel.js
FNF:0
FNH:0
DA:1,4
DA:3,4
DA:16,4
LF:3
LH:3
BRF:0
BRH:0
end_of_record
TN:
SF:scr\infrastructure\models\productsModel.js
FNF:0
FNH:0
DA:1,4
DA:3,4
DA:56,4
LF:3
LH:3
BRF:0
BRH:0
end_of_record
TN:
SF:scr\infrastructure\models\usersModel.js
FN:40,(anonymous_0)
FN:45,(anonymous_1)
FNF:2
FNH:2
FNDA:22,(anonymous_0)
FNDA:18,(anonymous_1)
DA:1,4
DA:2,4
DA:4,4
DA:40,4
DA:41,22
DA:42,22
DA:45,4
DA:46,18
DA:49,4
LF:9
LH:9
BRF:0
BRH:0
end_of_record
TN:
SF:scr\infrastructure\routes\commentsRoute.js
FNF:0
FNH:0
DA:1,4
DA:2,4
DA:4,4
DA:5,4
DA:6,4
DA:64,4
DA:99,4
DA:104,4
LF:8
LH:8
BRF:0
BRH:0
end_of_record
TN:
SF:scr\infrastructure\routes\followRoute.js
FNF:0
FNH:0
DA:1,4
DA:2,4
DA:4,4
DA:5,4
DA:6,4
DA:53,4
DA:90,4
DA:124,4
DA:153,4
DA:159,4
LF:10
LH:10
BRF:0
BRH:0
end_of_record
TN:
SF:scr\infrastructure\routes\productsRoute.js
FNF:0
FNH:0
DA:1,4
DA:2,4
DA:5,4
DA:6,4
DA:7,4
DA:72,4
DA:122,4
DA:161,4
DA:192,4
DA:225,4
DA:246,4
DA:275,4
DA:325,4
DA:330,4
LF:14
LH:14
BRF:0
BRH:0
end_of_record
TN:
SF:scr\infrastructure\routes\publicProductsRoute.js
FNF:0
FNH:0
DA:1,4
DA:2,4
DA:4,4
DA:6,4
DA:8,4
LF:5
LH:5
BRF:0
BRH:0
end_of_record
TN:
SF:scr\infrastructure\routes\usersRoute.js
FNF:0
FNH:0
DA:1,4
DA:2,4
DA:4,4
DA:5,4
DA:6,4
DA:77,4
DA:128,4
DA:187,4
DA:198,4
DA:203,4
LF:10
LH:10
BRF:0
BRH:0
end_of_record
